ARM GAS  /tmp/ccDTjt4H.s 			page 1


   1              		.cpu cortex-m4
   2              		.eabi_attribute 27, 1
   3              		.eabi_attribute 28, 1
   4              		.eabi_attribute 20, 1
   5              		.eabi_attribute 21, 1
   6              		.eabi_attribute 23, 3
   7              		.eabi_attribute 24, 1
   8              		.eabi_attribute 25, 1
   9              		.eabi_attribute 26, 1
  10              		.eabi_attribute 30, 1
  11              		.eabi_attribute 34, 1
  12              		.eabi_attribute 18, 4
  13              		.file	"stm32l4xx_hal_msp.c"
  14              		.text
  15              	.Ltext0:
  16              		.cfi_sections	.debug_frame
  17              		.section	.text.HAL_MspInit,"ax",%progbits
  18              		.align	1
  19              		.global	HAL_MspInit
  20              		.arch armv7e-m
  21              		.syntax unified
  22              		.thumb
  23              		.thumb_func
  24              		.fpu fpv4-sp-d16
  26              	HAL_MspInit:
  27              	.LFB130:
  28              		.file 1 "Src/stm32l4xx_hal_msp.c"
   1:Src/stm32l4xx_hal_msp.c **** /* USER CODE BEGIN Header */
   2:Src/stm32l4xx_hal_msp.c **** /**
   3:Src/stm32l4xx_hal_msp.c ****   ******************************************************************************
   4:Src/stm32l4xx_hal_msp.c ****   * File Name          : stm32l4xx_hal_msp.c
   5:Src/stm32l4xx_hal_msp.c ****   * Description        : This file provides code for the MSP Initialization 
   6:Src/stm32l4xx_hal_msp.c ****   *                      and de-Initialization codes.
   7:Src/stm32l4xx_hal_msp.c ****   ******************************************************************************
   8:Src/stm32l4xx_hal_msp.c ****   * @attention
   9:Src/stm32l4xx_hal_msp.c ****   *
  10:Src/stm32l4xx_hal_msp.c ****   * <h2><center>&copy; Copyright (c) 2020 STMicroelectronics.
  11:Src/stm32l4xx_hal_msp.c ****   * All rights reserved.</center></h2>
  12:Src/stm32l4xx_hal_msp.c ****   *
  13:Src/stm32l4xx_hal_msp.c ****   * This software component is licensed by ST under BSD 3-Clause license,
  14:Src/stm32l4xx_hal_msp.c ****   * the "License"; You may not use this file except in compliance with the
  15:Src/stm32l4xx_hal_msp.c ****   * License. You may obtain a copy of the License at:
  16:Src/stm32l4xx_hal_msp.c ****   *                        opensource.org/licenses/BSD-3-Clause
  17:Src/stm32l4xx_hal_msp.c ****   *
  18:Src/stm32l4xx_hal_msp.c ****   ******************************************************************************
  19:Src/stm32l4xx_hal_msp.c ****   */
  20:Src/stm32l4xx_hal_msp.c **** /* USER CODE END Header */
  21:Src/stm32l4xx_hal_msp.c **** 
  22:Src/stm32l4xx_hal_msp.c **** /* Includes ------------------------------------------------------------------*/
  23:Src/stm32l4xx_hal_msp.c **** #include "main.h"
  24:Src/stm32l4xx_hal_msp.c **** /* USER CODE BEGIN Includes */
  25:Src/stm32l4xx_hal_msp.c **** 
  26:Src/stm32l4xx_hal_msp.c **** /* USER CODE END Includes */
  27:Src/stm32l4xx_hal_msp.c **** 
  28:Src/stm32l4xx_hal_msp.c **** /* Private typedef -----------------------------------------------------------*/
  29:Src/stm32l4xx_hal_msp.c **** /* USER CODE BEGIN TD */
  30:Src/stm32l4xx_hal_msp.c **** 
ARM GAS  /tmp/ccDTjt4H.s 			page 2


  31:Src/stm32l4xx_hal_msp.c **** /* USER CODE END TD */
  32:Src/stm32l4xx_hal_msp.c **** 
  33:Src/stm32l4xx_hal_msp.c **** /* Private define ------------------------------------------------------------*/
  34:Src/stm32l4xx_hal_msp.c **** /* USER CODE BEGIN Define */
  35:Src/stm32l4xx_hal_msp.c ****  
  36:Src/stm32l4xx_hal_msp.c **** /* USER CODE END Define */
  37:Src/stm32l4xx_hal_msp.c **** 
  38:Src/stm32l4xx_hal_msp.c **** /* Private macro -------------------------------------------------------------*/
  39:Src/stm32l4xx_hal_msp.c **** /* USER CODE BEGIN Macro */
  40:Src/stm32l4xx_hal_msp.c **** 
  41:Src/stm32l4xx_hal_msp.c **** /* USER CODE END Macro */
  42:Src/stm32l4xx_hal_msp.c **** 
  43:Src/stm32l4xx_hal_msp.c **** /* Private variables ---------------------------------------------------------*/
  44:Src/stm32l4xx_hal_msp.c **** /* USER CODE BEGIN PV */
  45:Src/stm32l4xx_hal_msp.c **** 
  46:Src/stm32l4xx_hal_msp.c **** /* USER CODE END PV */
  47:Src/stm32l4xx_hal_msp.c **** 
  48:Src/stm32l4xx_hal_msp.c **** /* Private function prototypes -----------------------------------------------*/
  49:Src/stm32l4xx_hal_msp.c **** /* USER CODE BEGIN PFP */
  50:Src/stm32l4xx_hal_msp.c **** 
  51:Src/stm32l4xx_hal_msp.c **** /* USER CODE END PFP */
  52:Src/stm32l4xx_hal_msp.c **** 
  53:Src/stm32l4xx_hal_msp.c **** /* External functions --------------------------------------------------------*/
  54:Src/stm32l4xx_hal_msp.c **** /* USER CODE BEGIN ExternalFunctions */
  55:Src/stm32l4xx_hal_msp.c **** 
  56:Src/stm32l4xx_hal_msp.c **** /* USER CODE END ExternalFunctions */
  57:Src/stm32l4xx_hal_msp.c **** 
  58:Src/stm32l4xx_hal_msp.c **** /* USER CODE BEGIN 0 */
  59:Src/stm32l4xx_hal_msp.c **** 
  60:Src/stm32l4xx_hal_msp.c **** /* USER CODE END 0 */
  61:Src/stm32l4xx_hal_msp.c **** /**
  62:Src/stm32l4xx_hal_msp.c ****   * Initializes the Global MSP.
  63:Src/stm32l4xx_hal_msp.c ****   */
  64:Src/stm32l4xx_hal_msp.c **** void HAL_MspInit(void)
  65:Src/stm32l4xx_hal_msp.c **** {
  29              		.loc 1 65 1 view -0
  30              		.cfi_startproc
  31              		@ args = 0, pretend = 0, frame = 8
  32              		@ frame_needed = 0, uses_anonymous_args = 0
  33              		@ link register save eliminated.
  34 0000 82B0     		sub	sp, sp, #8
  35              	.LCFI0:
  36              		.cfi_def_cfa_offset 8
  66:Src/stm32l4xx_hal_msp.c ****   /* USER CODE BEGIN MspInit 0 */
  67:Src/stm32l4xx_hal_msp.c **** 
  68:Src/stm32l4xx_hal_msp.c ****   /* USER CODE END MspInit 0 */
  69:Src/stm32l4xx_hal_msp.c **** 
  70:Src/stm32l4xx_hal_msp.c ****   __HAL_RCC_SYSCFG_CLK_ENABLE();
  37              		.loc 1 70 3 view .LVU1
  38              	.LBB2:
  39              		.loc 1 70 3 view .LVU2
  40              		.loc 1 70 3 view .LVU3
  41 0002 0A4B     		ldr	r3, .L3
  42 0004 1A6E     		ldr	r2, [r3, #96]
  43 0006 42F00102 		orr	r2, r2, #1
  44 000a 1A66     		str	r2, [r3, #96]
  45              		.loc 1 70 3 view .LVU4
ARM GAS  /tmp/ccDTjt4H.s 			page 3


  46 000c 1A6E     		ldr	r2, [r3, #96]
  47 000e 02F00102 		and	r2, r2, #1
  48 0012 0092     		str	r2, [sp]
  49              		.loc 1 70 3 view .LVU5
  50 0014 009A     		ldr	r2, [sp]
  51              	.LBE2:
  52              		.loc 1 70 3 view .LVU6
  71:Src/stm32l4xx_hal_msp.c ****   __HAL_RCC_PWR_CLK_ENABLE();
  53              		.loc 1 71 3 view .LVU7
  54              	.LBB3:
  55              		.loc 1 71 3 view .LVU8
  56              		.loc 1 71 3 view .LVU9
  57 0016 9A6D     		ldr	r2, [r3, #88]
  58 0018 42F08052 		orr	r2, r2, #268435456
  59 001c 9A65     		str	r2, [r3, #88]
  60              		.loc 1 71 3 view .LVU10
  61 001e 9B6D     		ldr	r3, [r3, #88]
  62 0020 03F08053 		and	r3, r3, #268435456
  63 0024 0193     		str	r3, [sp, #4]
  64              		.loc 1 71 3 view .LVU11
  65 0026 019B     		ldr	r3, [sp, #4]
  66              	.LBE3:
  67              		.loc 1 71 3 view .LVU12
  72:Src/stm32l4xx_hal_msp.c **** 
  73:Src/stm32l4xx_hal_msp.c ****   /* System interrupt init*/
  74:Src/stm32l4xx_hal_msp.c **** 
  75:Src/stm32l4xx_hal_msp.c ****   /* USER CODE BEGIN MspInit 1 */
  76:Src/stm32l4xx_hal_msp.c **** 
  77:Src/stm32l4xx_hal_msp.c ****   /* USER CODE END MspInit 1 */
  78:Src/stm32l4xx_hal_msp.c **** }
  68              		.loc 1 78 1 is_stmt 0 view .LVU13
  69 0028 02B0     		add	sp, sp, #8
  70              	.LCFI1:
  71              		.cfi_def_cfa_offset 0
  72              		@ sp needed
  73 002a 7047     		bx	lr
  74              	.L4:
  75              		.align	2
  76              	.L3:
  77 002c 00100240 		.word	1073876992
  78              		.cfi_endproc
  79              	.LFE130:
  81              		.section	.text.HAL_TIM_Base_MspInit,"ax",%progbits
  82              		.align	1
  83              		.global	HAL_TIM_Base_MspInit
  84              		.syntax unified
  85              		.thumb
  86              		.thumb_func
  87              		.fpu fpv4-sp-d16
  89              	HAL_TIM_Base_MspInit:
  90              	.LVL0:
  91              	.LFB131:
  79:Src/stm32l4xx_hal_msp.c **** 
  80:Src/stm32l4xx_hal_msp.c **** /**
  81:Src/stm32l4xx_hal_msp.c **** * @brief TIM_Base MSP Initialization
  82:Src/stm32l4xx_hal_msp.c **** * This function configures the hardware resources used in this example
  83:Src/stm32l4xx_hal_msp.c **** * @param htim_base: TIM_Base handle pointer
ARM GAS  /tmp/ccDTjt4H.s 			page 4


  84:Src/stm32l4xx_hal_msp.c **** * @retval None
  85:Src/stm32l4xx_hal_msp.c **** */
  86:Src/stm32l4xx_hal_msp.c **** void HAL_TIM_Base_MspInit(TIM_HandleTypeDef* htim_base)
  87:Src/stm32l4xx_hal_msp.c **** {
  92              		.loc 1 87 1 is_stmt 1 view -0
  93              		.cfi_startproc
  94              		@ args = 0, pretend = 0, frame = 32
  95              		@ frame_needed = 0, uses_anonymous_args = 0
  96              		.loc 1 87 1 is_stmt 0 view .LVU15
  97 0000 00B5     		push	{lr}
  98              	.LCFI2:
  99              		.cfi_def_cfa_offset 4
 100              		.cfi_offset 14, -4
 101 0002 89B0     		sub	sp, sp, #36
 102              	.LCFI3:
 103              		.cfi_def_cfa_offset 40
  88:Src/stm32l4xx_hal_msp.c ****   GPIO_InitTypeDef GPIO_InitStruct = {0};
 104              		.loc 1 88 3 is_stmt 1 view .LVU16
 105              		.loc 1 88 20 is_stmt 0 view .LVU17
 106 0004 0023     		movs	r3, #0
 107 0006 0393     		str	r3, [sp, #12]
 108 0008 0493     		str	r3, [sp, #16]
 109 000a 0593     		str	r3, [sp, #20]
 110 000c 0693     		str	r3, [sp, #24]
 111 000e 0793     		str	r3, [sp, #28]
  89:Src/stm32l4xx_hal_msp.c ****   if(htim_base->Instance==TIM2)
 112              		.loc 1 89 3 is_stmt 1 view .LVU18
 113              		.loc 1 89 15 is_stmt 0 view .LVU19
 114 0010 0368     		ldr	r3, [r0]
 115              		.loc 1 89 5 view .LVU20
 116 0012 B3F1804F 		cmp	r3, #1073741824
 117 0016 02D0     		beq	.L8
 118              	.LVL1:
 119              	.L5:
  90:Src/stm32l4xx_hal_msp.c ****   {
  91:Src/stm32l4xx_hal_msp.c ****   /* USER CODE BEGIN TIM2_MspInit 0 */
  92:Src/stm32l4xx_hal_msp.c **** 
  93:Src/stm32l4xx_hal_msp.c ****   /* USER CODE END TIM2_MspInit 0 */
  94:Src/stm32l4xx_hal_msp.c ****     /* Peripheral clock enable */
  95:Src/stm32l4xx_hal_msp.c ****     __HAL_RCC_TIM2_CLK_ENABLE();
  96:Src/stm32l4xx_hal_msp.c ****   
  97:Src/stm32l4xx_hal_msp.c ****     __HAL_RCC_GPIOA_CLK_ENABLE();
  98:Src/stm32l4xx_hal_msp.c ****     /**TIM2 GPIO Configuration    
  99:Src/stm32l4xx_hal_msp.c ****     PA5     ------> TIM2_CH1 
 100:Src/stm32l4xx_hal_msp.c ****     */
 101:Src/stm32l4xx_hal_msp.c ****     GPIO_InitStruct.Pin = GPIO_PIN_5;
 102:Src/stm32l4xx_hal_msp.c ****     GPIO_InitStruct.Mode = GPIO_MODE_AF_PP;
 103:Src/stm32l4xx_hal_msp.c ****     GPIO_InitStruct.Pull = GPIO_NOPULL;
 104:Src/stm32l4xx_hal_msp.c ****     GPIO_InitStruct.Speed = GPIO_SPEED_FREQ_LOW;
 105:Src/stm32l4xx_hal_msp.c ****     GPIO_InitStruct.Alternate = GPIO_AF1_TIM2;
 106:Src/stm32l4xx_hal_msp.c ****     HAL_GPIO_Init(GPIOA, &GPIO_InitStruct);
 107:Src/stm32l4xx_hal_msp.c **** 
 108:Src/stm32l4xx_hal_msp.c ****     /* TIM2 interrupt Init */
 109:Src/stm32l4xx_hal_msp.c ****     HAL_NVIC_SetPriority(TIM2_IRQn, 0, 0);
 110:Src/stm32l4xx_hal_msp.c ****     HAL_NVIC_EnableIRQ(TIM2_IRQn);
 111:Src/stm32l4xx_hal_msp.c ****   /* USER CODE BEGIN TIM2_MspInit 1 */
 112:Src/stm32l4xx_hal_msp.c **** 
ARM GAS  /tmp/ccDTjt4H.s 			page 5


 113:Src/stm32l4xx_hal_msp.c ****   /* USER CODE END TIM2_MspInit 1 */
 114:Src/stm32l4xx_hal_msp.c ****   }
 115:Src/stm32l4xx_hal_msp.c **** 
 116:Src/stm32l4xx_hal_msp.c **** }
 120              		.loc 1 116 1 view .LVU21
 121 0018 09B0     		add	sp, sp, #36
 122              	.LCFI4:
 123              		.cfi_remember_state
 124              		.cfi_def_cfa_offset 4
 125              		@ sp needed
 126 001a 5DF804FB 		ldr	pc, [sp], #4
 127              	.LVL2:
 128              	.L8:
 129              	.LCFI5:
 130              		.cfi_restore_state
  95:Src/stm32l4xx_hal_msp.c ****   
 131              		.loc 1 95 5 is_stmt 1 view .LVU22
 132              	.LBB4:
  95:Src/stm32l4xx_hal_msp.c ****   
 133              		.loc 1 95 5 view .LVU23
  95:Src/stm32l4xx_hal_msp.c ****   
 134              		.loc 1 95 5 view .LVU24
 135 001e 03F50433 		add	r3, r3, #135168
 136 0022 9A6D     		ldr	r2, [r3, #88]
 137 0024 42F00102 		orr	r2, r2, #1
 138 0028 9A65     		str	r2, [r3, #88]
  95:Src/stm32l4xx_hal_msp.c ****   
 139              		.loc 1 95 5 view .LVU25
 140 002a 9A6D     		ldr	r2, [r3, #88]
 141 002c 02F00102 		and	r2, r2, #1
 142 0030 0192     		str	r2, [sp, #4]
  95:Src/stm32l4xx_hal_msp.c ****   
 143              		.loc 1 95 5 view .LVU26
 144 0032 019A     		ldr	r2, [sp, #4]
 145              	.LBE4:
  95:Src/stm32l4xx_hal_msp.c ****   
 146              		.loc 1 95 5 view .LVU27
  97:Src/stm32l4xx_hal_msp.c ****     /**TIM2 GPIO Configuration    
 147              		.loc 1 97 5 view .LVU28
 148              	.LBB5:
  97:Src/stm32l4xx_hal_msp.c ****     /**TIM2 GPIO Configuration    
 149              		.loc 1 97 5 view .LVU29
  97:Src/stm32l4xx_hal_msp.c ****     /**TIM2 GPIO Configuration    
 150              		.loc 1 97 5 view .LVU30
 151 0034 DA6C     		ldr	r2, [r3, #76]
 152 0036 42F00102 		orr	r2, r2, #1
 153 003a DA64     		str	r2, [r3, #76]
  97:Src/stm32l4xx_hal_msp.c ****     /**TIM2 GPIO Configuration    
 154              		.loc 1 97 5 view .LVU31
 155 003c DB6C     		ldr	r3, [r3, #76]
 156 003e 03F00103 		and	r3, r3, #1
 157 0042 0293     		str	r3, [sp, #8]
  97:Src/stm32l4xx_hal_msp.c ****     /**TIM2 GPIO Configuration    
 158              		.loc 1 97 5 view .LVU32
 159 0044 029B     		ldr	r3, [sp, #8]
 160              	.LBE5:
  97:Src/stm32l4xx_hal_msp.c ****     /**TIM2 GPIO Configuration    
ARM GAS  /tmp/ccDTjt4H.s 			page 6


 161              		.loc 1 97 5 view .LVU33
 101:Src/stm32l4xx_hal_msp.c ****     GPIO_InitStruct.Mode = GPIO_MODE_AF_PP;
 162              		.loc 1 101 5 view .LVU34
 101:Src/stm32l4xx_hal_msp.c ****     GPIO_InitStruct.Mode = GPIO_MODE_AF_PP;
 163              		.loc 1 101 25 is_stmt 0 view .LVU35
 164 0046 2023     		movs	r3, #32
 165 0048 0393     		str	r3, [sp, #12]
 102:Src/stm32l4xx_hal_msp.c ****     GPIO_InitStruct.Pull = GPIO_NOPULL;
 166              		.loc 1 102 5 is_stmt 1 view .LVU36
 102:Src/stm32l4xx_hal_msp.c ****     GPIO_InitStruct.Pull = GPIO_NOPULL;
 167              		.loc 1 102 26 is_stmt 0 view .LVU37
 168 004a 0223     		movs	r3, #2
 169 004c 0493     		str	r3, [sp, #16]
 103:Src/stm32l4xx_hal_msp.c ****     GPIO_InitStruct.Speed = GPIO_SPEED_FREQ_LOW;
 170              		.loc 1 103 5 is_stmt 1 view .LVU38
 104:Src/stm32l4xx_hal_msp.c ****     GPIO_InitStruct.Alternate = GPIO_AF1_TIM2;
 171              		.loc 1 104 5 view .LVU39
 105:Src/stm32l4xx_hal_msp.c ****     HAL_GPIO_Init(GPIOA, &GPIO_InitStruct);
 172              		.loc 1 105 5 view .LVU40
 105:Src/stm32l4xx_hal_msp.c ****     HAL_GPIO_Init(GPIOA, &GPIO_InitStruct);
 173              		.loc 1 105 31 is_stmt 0 view .LVU41
 174 004e 0123     		movs	r3, #1
 175 0050 0793     		str	r3, [sp, #28]
 106:Src/stm32l4xx_hal_msp.c **** 
 176              		.loc 1 106 5 is_stmt 1 view .LVU42
 177 0052 03A9     		add	r1, sp, #12
 178 0054 4FF09040 		mov	r0, #1207959552
 179              	.LVL3:
 106:Src/stm32l4xx_hal_msp.c **** 
 180              		.loc 1 106 5 is_stmt 0 view .LVU43
 181 0058 FFF7FEFF 		bl	HAL_GPIO_Init
 182              	.LVL4:
 109:Src/stm32l4xx_hal_msp.c ****     HAL_NVIC_EnableIRQ(TIM2_IRQn);
 183              		.loc 1 109 5 is_stmt 1 view .LVU44
 184 005c 0022     		movs	r2, #0
 185 005e 1146     		mov	r1, r2
 186 0060 1C20     		movs	r0, #28
 187 0062 FFF7FEFF 		bl	HAL_NVIC_SetPriority
 188              	.LVL5:
 110:Src/stm32l4xx_hal_msp.c ****   /* USER CODE BEGIN TIM2_MspInit 1 */
 189              		.loc 1 110 5 view .LVU45
 190 0066 1C20     		movs	r0, #28
 191 0068 FFF7FEFF 		bl	HAL_NVIC_EnableIRQ
 192              	.LVL6:
 193              		.loc 1 116 1 is_stmt 0 view .LVU46
 194 006c D4E7     		b	.L5
 195              		.cfi_endproc
 196              	.LFE131:
 198              		.section	.text.HAL_TIM_Base_MspDeInit,"ax",%progbits
 199              		.align	1
 200              		.global	HAL_TIM_Base_MspDeInit
 201              		.syntax unified
 202              		.thumb
 203              		.thumb_func
 204              		.fpu fpv4-sp-d16
 206              	HAL_TIM_Base_MspDeInit:
 207              	.LVL7:
ARM GAS  /tmp/ccDTjt4H.s 			page 7


 208              	.LFB132:
 117:Src/stm32l4xx_hal_msp.c **** 
 118:Src/stm32l4xx_hal_msp.c **** /**
 119:Src/stm32l4xx_hal_msp.c **** * @brief TIM_Base MSP De-Initialization
 120:Src/stm32l4xx_hal_msp.c **** * This function freeze the hardware resources used in this example
 121:Src/stm32l4xx_hal_msp.c **** * @param htim_base: TIM_Base handle pointer
 122:Src/stm32l4xx_hal_msp.c **** * @retval None
 123:Src/stm32l4xx_hal_msp.c **** */
 124:Src/stm32l4xx_hal_msp.c **** void HAL_TIM_Base_MspDeInit(TIM_HandleTypeDef* htim_base)
 125:Src/stm32l4xx_hal_msp.c **** {
 209              		.loc 1 125 1 is_stmt 1 view -0
 210              		.cfi_startproc
 211              		@ args = 0, pretend = 0, frame = 0
 212              		@ frame_needed = 0, uses_anonymous_args = 0
 213              		.loc 1 125 1 is_stmt 0 view .LVU48
 214 0000 08B5     		push	{r3, lr}
 215              	.LCFI6:
 216              		.cfi_def_cfa_offset 8
 217              		.cfi_offset 3, -8
 218              		.cfi_offset 14, -4
 126:Src/stm32l4xx_hal_msp.c ****   if(htim_base->Instance==TIM2)
 219              		.loc 1 126 3 is_stmt 1 view .LVU49
 220              		.loc 1 126 15 is_stmt 0 view .LVU50
 221 0002 0368     		ldr	r3, [r0]
 222              		.loc 1 126 5 view .LVU51
 223 0004 B3F1804F 		cmp	r3, #1073741824
 224 0008 00D0     		beq	.L12
 225              	.LVL8:
 226              	.L9:
 127:Src/stm32l4xx_hal_msp.c ****   {
 128:Src/stm32l4xx_hal_msp.c ****   /* USER CODE BEGIN TIM2_MspDeInit 0 */
 129:Src/stm32l4xx_hal_msp.c **** 
 130:Src/stm32l4xx_hal_msp.c ****   /* USER CODE END TIM2_MspDeInit 0 */
 131:Src/stm32l4xx_hal_msp.c ****     /* Peripheral clock disable */
 132:Src/stm32l4xx_hal_msp.c ****     __HAL_RCC_TIM2_CLK_DISABLE();
 133:Src/stm32l4xx_hal_msp.c ****   
 134:Src/stm32l4xx_hal_msp.c ****     /**TIM2 GPIO Configuration    
 135:Src/stm32l4xx_hal_msp.c ****     PA5     ------> TIM2_CH1 
 136:Src/stm32l4xx_hal_msp.c ****     */
 137:Src/stm32l4xx_hal_msp.c ****     HAL_GPIO_DeInit(GPIOA, GPIO_PIN_5);
 138:Src/stm32l4xx_hal_msp.c **** 
 139:Src/stm32l4xx_hal_msp.c ****     /* TIM2 interrupt DeInit */
 140:Src/stm32l4xx_hal_msp.c ****     HAL_NVIC_DisableIRQ(TIM2_IRQn);
 141:Src/stm32l4xx_hal_msp.c ****   /* USER CODE BEGIN TIM2_MspDeInit 1 */
 142:Src/stm32l4xx_hal_msp.c **** 
 143:Src/stm32l4xx_hal_msp.c ****   /* USER CODE END TIM2_MspDeInit 1 */
 144:Src/stm32l4xx_hal_msp.c ****   }
 145:Src/stm32l4xx_hal_msp.c **** 
 146:Src/stm32l4xx_hal_msp.c **** }
 227              		.loc 1 146 1 view .LVU52
 228 000a 08BD     		pop	{r3, pc}
 229              	.LVL9:
 230              	.L12:
 132:Src/stm32l4xx_hal_msp.c ****   
 231              		.loc 1 132 5 is_stmt 1 view .LVU53
 232 000c 064A     		ldr	r2, .L13
 233 000e 936D     		ldr	r3, [r2, #88]
ARM GAS  /tmp/ccDTjt4H.s 			page 8


 234 0010 23F00103 		bic	r3, r3, #1
 235 0014 9365     		str	r3, [r2, #88]
 137:Src/stm32l4xx_hal_msp.c **** 
 236              		.loc 1 137 5 view .LVU54
 237 0016 2021     		movs	r1, #32
 238 0018 4FF09040 		mov	r0, #1207959552
 239              	.LVL10:
 137:Src/stm32l4xx_hal_msp.c **** 
 240              		.loc 1 137 5 is_stmt 0 view .LVU55
 241 001c FFF7FEFF 		bl	HAL_GPIO_DeInit
 242              	.LVL11:
 140:Src/stm32l4xx_hal_msp.c ****   /* USER CODE BEGIN TIM2_MspDeInit 1 */
 243              		.loc 1 140 5 is_stmt 1 view .LVU56
 244 0020 1C20     		movs	r0, #28
 245 0022 FFF7FEFF 		bl	HAL_NVIC_DisableIRQ
 246              	.LVL12:
 247              		.loc 1 146 1 is_stmt 0 view .LVU57
 248 0026 F0E7     		b	.L9
 249              	.L14:
 250              		.align	2
 251              	.L13:
 252 0028 00100240 		.word	1073876992
 253              		.cfi_endproc
 254              	.LFE132:
 256              		.section	.text.HAL_UART_MspInit,"ax",%progbits
 257              		.align	1
 258              		.global	HAL_UART_MspInit
 259              		.syntax unified
 260              		.thumb
 261              		.thumb_func
 262              		.fpu fpv4-sp-d16
 264              	HAL_UART_MspInit:
 265              	.LVL13:
 266              	.LFB133:
 147:Src/stm32l4xx_hal_msp.c **** 
 148:Src/stm32l4xx_hal_msp.c **** /**
 149:Src/stm32l4xx_hal_msp.c **** * @brief UART MSP Initialization
 150:Src/stm32l4xx_hal_msp.c **** * This function configures the hardware resources used in this example
 151:Src/stm32l4xx_hal_msp.c **** * @param huart: UART handle pointer
 152:Src/stm32l4xx_hal_msp.c **** * @retval None
 153:Src/stm32l4xx_hal_msp.c **** */
 154:Src/stm32l4xx_hal_msp.c **** void HAL_UART_MspInit(UART_HandleTypeDef* huart)
 155:Src/stm32l4xx_hal_msp.c **** {
 267              		.loc 1 155 1 is_stmt 1 view -0
 268              		.cfi_startproc
 269              		@ args = 0, pretend = 0, frame = 32
 270              		@ frame_needed = 0, uses_anonymous_args = 0
 271              		.loc 1 155 1 is_stmt 0 view .LVU59
 272 0000 30B5     		push	{r4, r5, lr}
 273              	.LCFI7:
 274              		.cfi_def_cfa_offset 12
 275              		.cfi_offset 4, -12
 276              		.cfi_offset 5, -8
 277              		.cfi_offset 14, -4
 278 0002 89B0     		sub	sp, sp, #36
 279              	.LCFI8:
 280              		.cfi_def_cfa_offset 48
ARM GAS  /tmp/ccDTjt4H.s 			page 9


 156:Src/stm32l4xx_hal_msp.c ****   GPIO_InitTypeDef GPIO_InitStruct = {0};
 281              		.loc 1 156 3 is_stmt 1 view .LVU60
 282              		.loc 1 156 20 is_stmt 0 view .LVU61
 283 0004 0023     		movs	r3, #0
 284 0006 0393     		str	r3, [sp, #12]
 285 0008 0493     		str	r3, [sp, #16]
 286 000a 0593     		str	r3, [sp, #20]
 287 000c 0693     		str	r3, [sp, #24]
 288 000e 0793     		str	r3, [sp, #28]
 157:Src/stm32l4xx_hal_msp.c ****   if(huart->Instance==USART2)
 289              		.loc 1 157 3 is_stmt 1 view .LVU62
 290              		.loc 1 157 11 is_stmt 0 view .LVU63
 291 0010 0268     		ldr	r2, [r0]
 292              		.loc 1 157 5 view .LVU64
 293 0012 1A4B     		ldr	r3, .L19
 294 0014 9A42     		cmp	r2, r3
 295 0016 01D0     		beq	.L18
 296              	.LVL14:
 297              	.L15:
 158:Src/stm32l4xx_hal_msp.c ****   {
 159:Src/stm32l4xx_hal_msp.c ****   /* USER CODE BEGIN USART2_MspInit 0 */
 160:Src/stm32l4xx_hal_msp.c **** 
 161:Src/stm32l4xx_hal_msp.c ****   /* USER CODE END USART2_MspInit 0 */
 162:Src/stm32l4xx_hal_msp.c ****     /* Peripheral clock enable */
 163:Src/stm32l4xx_hal_msp.c ****     __HAL_RCC_USART2_CLK_ENABLE();
 164:Src/stm32l4xx_hal_msp.c ****   
 165:Src/stm32l4xx_hal_msp.c ****     __HAL_RCC_GPIOA_CLK_ENABLE();
 166:Src/stm32l4xx_hal_msp.c ****     /**USART2 GPIO Configuration    
 167:Src/stm32l4xx_hal_msp.c ****     PA2     ------> USART2_TX
 168:Src/stm32l4xx_hal_msp.c ****     PA15 (JTDI)     ------> USART2_RX 
 169:Src/stm32l4xx_hal_msp.c ****     */
 170:Src/stm32l4xx_hal_msp.c ****     GPIO_InitStruct.Pin = VCP_TX_Pin;
 171:Src/stm32l4xx_hal_msp.c ****     GPIO_InitStruct.Mode = GPIO_MODE_AF_PP;
 172:Src/stm32l4xx_hal_msp.c ****     GPIO_InitStruct.Pull = GPIO_NOPULL;
 173:Src/stm32l4xx_hal_msp.c ****     GPIO_InitStruct.Speed = GPIO_SPEED_FREQ_VERY_HIGH;
 174:Src/stm32l4xx_hal_msp.c ****     GPIO_InitStruct.Alternate = GPIO_AF7_USART2;
 175:Src/stm32l4xx_hal_msp.c ****     HAL_GPIO_Init(VCP_TX_GPIO_Port, &GPIO_InitStruct);
 176:Src/stm32l4xx_hal_msp.c **** 
 177:Src/stm32l4xx_hal_msp.c ****     GPIO_InitStruct.Pin = VCP_RX_Pin;
 178:Src/stm32l4xx_hal_msp.c ****     GPIO_InitStruct.Mode = GPIO_MODE_AF_PP;
 179:Src/stm32l4xx_hal_msp.c ****     GPIO_InitStruct.Pull = GPIO_NOPULL;
 180:Src/stm32l4xx_hal_msp.c ****     GPIO_InitStruct.Speed = GPIO_SPEED_FREQ_VERY_HIGH;
 181:Src/stm32l4xx_hal_msp.c ****     GPIO_InitStruct.Alternate = GPIO_AF3_USART2;
 182:Src/stm32l4xx_hal_msp.c ****     HAL_GPIO_Init(VCP_RX_GPIO_Port, &GPIO_InitStruct);
 183:Src/stm32l4xx_hal_msp.c **** 
 184:Src/stm32l4xx_hal_msp.c ****   /* USER CODE BEGIN USART2_MspInit 1 */
 185:Src/stm32l4xx_hal_msp.c **** 
 186:Src/stm32l4xx_hal_msp.c ****   /* USER CODE END USART2_MspInit 1 */
 187:Src/stm32l4xx_hal_msp.c ****   }
 188:Src/stm32l4xx_hal_msp.c **** 
 189:Src/stm32l4xx_hal_msp.c **** }
 298              		.loc 1 189 1 view .LVU65
 299 0018 09B0     		add	sp, sp, #36
 300              	.LCFI9:
 301              		.cfi_remember_state
 302              		.cfi_def_cfa_offset 12
 303              		@ sp needed
ARM GAS  /tmp/ccDTjt4H.s 			page 10


 304 001a 30BD     		pop	{r4, r5, pc}
 305              	.LVL15:
 306              	.L18:
 307              	.LCFI10:
 308              		.cfi_restore_state
 163:Src/stm32l4xx_hal_msp.c ****   
 309              		.loc 1 163 5 is_stmt 1 view .LVU66
 310              	.LBB6:
 163:Src/stm32l4xx_hal_msp.c ****   
 311              		.loc 1 163 5 view .LVU67
 163:Src/stm32l4xx_hal_msp.c ****   
 312              		.loc 1 163 5 view .LVU68
 313 001c 03F5E633 		add	r3, r3, #117760
 314 0020 9A6D     		ldr	r2, [r3, #88]
 315 0022 42F40032 		orr	r2, r2, #131072
 316 0026 9A65     		str	r2, [r3, #88]
 163:Src/stm32l4xx_hal_msp.c ****   
 317              		.loc 1 163 5 view .LVU69
 318 0028 9A6D     		ldr	r2, [r3, #88]
 319 002a 02F40032 		and	r2, r2, #131072
 320 002e 0192     		str	r2, [sp, #4]
 163:Src/stm32l4xx_hal_msp.c ****   
 321              		.loc 1 163 5 view .LVU70
 322 0030 019A     		ldr	r2, [sp, #4]
 323              	.LBE6:
 163:Src/stm32l4xx_hal_msp.c ****   
 324              		.loc 1 163 5 view .LVU71
 165:Src/stm32l4xx_hal_msp.c ****     /**USART2 GPIO Configuration    
 325              		.loc 1 165 5 view .LVU72
 326              	.LBB7:
 165:Src/stm32l4xx_hal_msp.c ****     /**USART2 GPIO Configuration    
 327              		.loc 1 165 5 view .LVU73
 165:Src/stm32l4xx_hal_msp.c ****     /**USART2 GPIO Configuration    
 328              		.loc 1 165 5 view .LVU74
 329 0032 DA6C     		ldr	r2, [r3, #76]
 330 0034 42F00102 		orr	r2, r2, #1
 331 0038 DA64     		str	r2, [r3, #76]
 165:Src/stm32l4xx_hal_msp.c ****     /**USART2 GPIO Configuration    
 332              		.loc 1 165 5 view .LVU75
 333 003a DB6C     		ldr	r3, [r3, #76]
 334 003c 03F00103 		and	r3, r3, #1
 335 0040 0293     		str	r3, [sp, #8]
 165:Src/stm32l4xx_hal_msp.c ****     /**USART2 GPIO Configuration    
 336              		.loc 1 165 5 view .LVU76
 337 0042 029B     		ldr	r3, [sp, #8]
 338              	.LBE7:
 165:Src/stm32l4xx_hal_msp.c ****     /**USART2 GPIO Configuration    
 339              		.loc 1 165 5 view .LVU77
 170:Src/stm32l4xx_hal_msp.c ****     GPIO_InitStruct.Mode = GPIO_MODE_AF_PP;
 340              		.loc 1 170 5 view .LVU78
 170:Src/stm32l4xx_hal_msp.c ****     GPIO_InitStruct.Mode = GPIO_MODE_AF_PP;
 341              		.loc 1 170 25 is_stmt 0 view .LVU79
 342 0044 0423     		movs	r3, #4
 343 0046 0393     		str	r3, [sp, #12]
 171:Src/stm32l4xx_hal_msp.c ****     GPIO_InitStruct.Pull = GPIO_NOPULL;
 344              		.loc 1 171 5 is_stmt 1 view .LVU80
 171:Src/stm32l4xx_hal_msp.c ****     GPIO_InitStruct.Pull = GPIO_NOPULL;
ARM GAS  /tmp/ccDTjt4H.s 			page 11


 345              		.loc 1 171 26 is_stmt 0 view .LVU81
 346 0048 0225     		movs	r5, #2
 347 004a 0495     		str	r5, [sp, #16]
 172:Src/stm32l4xx_hal_msp.c ****     GPIO_InitStruct.Speed = GPIO_SPEED_FREQ_VERY_HIGH;
 348              		.loc 1 172 5 is_stmt 1 view .LVU82
 173:Src/stm32l4xx_hal_msp.c ****     GPIO_InitStruct.Alternate = GPIO_AF7_USART2;
 349              		.loc 1 173 5 view .LVU83
 173:Src/stm32l4xx_hal_msp.c ****     GPIO_InitStruct.Alternate = GPIO_AF7_USART2;
 350              		.loc 1 173 27 is_stmt 0 view .LVU84
 351 004c 0324     		movs	r4, #3
 352 004e 0694     		str	r4, [sp, #24]
 174:Src/stm32l4xx_hal_msp.c ****     HAL_GPIO_Init(VCP_TX_GPIO_Port, &GPIO_InitStruct);
 353              		.loc 1 174 5 is_stmt 1 view .LVU85
 174:Src/stm32l4xx_hal_msp.c ****     HAL_GPIO_Init(VCP_TX_GPIO_Port, &GPIO_InitStruct);
 354              		.loc 1 174 31 is_stmt 0 view .LVU86
 355 0050 0723     		movs	r3, #7
 356 0052 0793     		str	r3, [sp, #28]
 175:Src/stm32l4xx_hal_msp.c **** 
 357              		.loc 1 175 5 is_stmt 1 view .LVU87
 358 0054 03A9     		add	r1, sp, #12
 359 0056 4FF09040 		mov	r0, #1207959552
 360              	.LVL16:
 175:Src/stm32l4xx_hal_msp.c **** 
 361              		.loc 1 175 5 is_stmt 0 view .LVU88
 362 005a FFF7FEFF 		bl	HAL_GPIO_Init
 363              	.LVL17:
 177:Src/stm32l4xx_hal_msp.c ****     GPIO_InitStruct.Mode = GPIO_MODE_AF_PP;
 364              		.loc 1 177 5 is_stmt 1 view .LVU89
 177:Src/stm32l4xx_hal_msp.c ****     GPIO_InitStruct.Mode = GPIO_MODE_AF_PP;
 365              		.loc 1 177 25 is_stmt 0 view .LVU90
 366 005e 4FF40043 		mov	r3, #32768
 367 0062 0393     		str	r3, [sp, #12]
 178:Src/stm32l4xx_hal_msp.c ****     GPIO_InitStruct.Pull = GPIO_NOPULL;
 368              		.loc 1 178 5 is_stmt 1 view .LVU91
 178:Src/stm32l4xx_hal_msp.c ****     GPIO_InitStruct.Pull = GPIO_NOPULL;
 369              		.loc 1 178 26 is_stmt 0 view .LVU92
 370 0064 0495     		str	r5, [sp, #16]
 179:Src/stm32l4xx_hal_msp.c ****     GPIO_InitStruct.Speed = GPIO_SPEED_FREQ_VERY_HIGH;
 371              		.loc 1 179 5 is_stmt 1 view .LVU93
 179:Src/stm32l4xx_hal_msp.c ****     GPIO_InitStruct.Speed = GPIO_SPEED_FREQ_VERY_HIGH;
 372              		.loc 1 179 26 is_stmt 0 view .LVU94
 373 0066 0023     		movs	r3, #0
 374 0068 0593     		str	r3, [sp, #20]
 180:Src/stm32l4xx_hal_msp.c ****     GPIO_InitStruct.Alternate = GPIO_AF3_USART2;
 375              		.loc 1 180 5 is_stmt 1 view .LVU95
 180:Src/stm32l4xx_hal_msp.c ****     GPIO_InitStruct.Alternate = GPIO_AF3_USART2;
 376              		.loc 1 180 27 is_stmt 0 view .LVU96
 377 006a 0694     		str	r4, [sp, #24]
 181:Src/stm32l4xx_hal_msp.c ****     HAL_GPIO_Init(VCP_RX_GPIO_Port, &GPIO_InitStruct);
 378              		.loc 1 181 5 is_stmt 1 view .LVU97
 181:Src/stm32l4xx_hal_msp.c ****     HAL_GPIO_Init(VCP_RX_GPIO_Port, &GPIO_InitStruct);
 379              		.loc 1 181 31 is_stmt 0 view .LVU98
 380 006c 0794     		str	r4, [sp, #28]
 182:Src/stm32l4xx_hal_msp.c **** 
 381              		.loc 1 182 5 is_stmt 1 view .LVU99
 382 006e 03A9     		add	r1, sp, #12
 383 0070 4FF09040 		mov	r0, #1207959552
ARM GAS  /tmp/ccDTjt4H.s 			page 12


 384 0074 FFF7FEFF 		bl	HAL_GPIO_Init
 385              	.LVL18:
 386              		.loc 1 189 1 is_stmt 0 view .LVU100
 387 0078 CEE7     		b	.L15
 388              	.L20:
 389 007a 00BF     		.align	2
 390              	.L19:
 391 007c 00440040 		.word	1073759232
 392              		.cfi_endproc
 393              	.LFE133:
 395              		.section	.text.HAL_UART_MspDeInit,"ax",%progbits
 396              		.align	1
 397              		.global	HAL_UART_MspDeInit
 398              		.syntax unified
 399              		.thumb
 400              		.thumb_func
 401              		.fpu fpv4-sp-d16
 403              	HAL_UART_MspDeInit:
 404              	.LVL19:
 405              	.LFB134:
 190:Src/stm32l4xx_hal_msp.c **** 
 191:Src/stm32l4xx_hal_msp.c **** /**
 192:Src/stm32l4xx_hal_msp.c **** * @brief UART MSP De-Initialization
 193:Src/stm32l4xx_hal_msp.c **** * This function freeze the hardware resources used in this example
 194:Src/stm32l4xx_hal_msp.c **** * @param huart: UART handle pointer
 195:Src/stm32l4xx_hal_msp.c **** * @retval None
 196:Src/stm32l4xx_hal_msp.c **** */
 197:Src/stm32l4xx_hal_msp.c **** void HAL_UART_MspDeInit(UART_HandleTypeDef* huart)
 198:Src/stm32l4xx_hal_msp.c **** {
 406              		.loc 1 198 1 is_stmt 1 view -0
 407              		.cfi_startproc
 408              		@ args = 0, pretend = 0, frame = 0
 409              		@ frame_needed = 0, uses_anonymous_args = 0
 410              		.loc 1 198 1 is_stmt 0 view .LVU102
 411 0000 08B5     		push	{r3, lr}
 412              	.LCFI11:
 413              		.cfi_def_cfa_offset 8
 414              		.cfi_offset 3, -8
 415              		.cfi_offset 14, -4
 199:Src/stm32l4xx_hal_msp.c ****   if(huart->Instance==USART2)
 416              		.loc 1 199 3 is_stmt 1 view .LVU103
 417              		.loc 1 199 11 is_stmt 0 view .LVU104
 418 0002 0268     		ldr	r2, [r0]
 419              		.loc 1 199 5 view .LVU105
 420 0004 074B     		ldr	r3, .L25
 421 0006 9A42     		cmp	r2, r3
 422 0008 00D0     		beq	.L24
 423              	.LVL20:
 424              	.L21:
 200:Src/stm32l4xx_hal_msp.c ****   {
 201:Src/stm32l4xx_hal_msp.c ****   /* USER CODE BEGIN USART2_MspDeInit 0 */
 202:Src/stm32l4xx_hal_msp.c **** 
 203:Src/stm32l4xx_hal_msp.c ****   /* USER CODE END USART2_MspDeInit 0 */
 204:Src/stm32l4xx_hal_msp.c ****     /* Peripheral clock disable */
 205:Src/stm32l4xx_hal_msp.c ****     __HAL_RCC_USART2_CLK_DISABLE();
 206:Src/stm32l4xx_hal_msp.c ****   
 207:Src/stm32l4xx_hal_msp.c ****     /**USART2 GPIO Configuration    
ARM GAS  /tmp/ccDTjt4H.s 			page 13


 208:Src/stm32l4xx_hal_msp.c ****     PA2     ------> USART2_TX
 209:Src/stm32l4xx_hal_msp.c ****     PA15 (JTDI)     ------> USART2_RX 
 210:Src/stm32l4xx_hal_msp.c ****     */
 211:Src/stm32l4xx_hal_msp.c ****     HAL_GPIO_DeInit(GPIOA, VCP_TX_Pin|VCP_RX_Pin);
 212:Src/stm32l4xx_hal_msp.c **** 
 213:Src/stm32l4xx_hal_msp.c ****   /* USER CODE BEGIN USART2_MspDeInit 1 */
 214:Src/stm32l4xx_hal_msp.c **** 
 215:Src/stm32l4xx_hal_msp.c ****   /* USER CODE END USART2_MspDeInit 1 */
 216:Src/stm32l4xx_hal_msp.c ****   }
 217:Src/stm32l4xx_hal_msp.c **** 
 218:Src/stm32l4xx_hal_msp.c **** }
 425              		.loc 1 218 1 view .LVU106
 426 000a 08BD     		pop	{r3, pc}
 427              	.LVL21:
 428              	.L24:
 205:Src/stm32l4xx_hal_msp.c ****   
 429              		.loc 1 205 5 is_stmt 1 view .LVU107
 430 000c 064A     		ldr	r2, .L25+4
 431 000e 936D     		ldr	r3, [r2, #88]
 432 0010 23F40033 		bic	r3, r3, #131072
 433 0014 9365     		str	r3, [r2, #88]
 211:Src/stm32l4xx_hal_msp.c **** 
 434              		.loc 1 211 5 view .LVU108
 435 0016 48F20401 		movw	r1, #32772
 436 001a 4FF09040 		mov	r0, #1207959552
 437              	.LVL22:
 211:Src/stm32l4xx_hal_msp.c **** 
 438              		.loc 1 211 5 is_stmt 0 view .LVU109
 439 001e FFF7FEFF 		bl	HAL_GPIO_DeInit
 440              	.LVL23:
 441              		.loc 1 218 1 view .LVU110
 442 0022 F2E7     		b	.L21
 443              	.L26:
 444              		.align	2
 445              	.L25:
 446 0024 00440040 		.word	1073759232
 447 0028 00100240 		.word	1073876992
 448              		.cfi_endproc
 449              	.LFE134:
 451              		.text
 452              	.Letext0:
 453              		.file 2 "/opt/gcc-arm-none-eabi/gcc-arm-none-eabi-10-2020-q4-major/arm-none-eabi/include/machine/_
 454              		.file 3 "/opt/gcc-arm-none-eabi/gcc-arm-none-eabi-10-2020-q4-major/arm-none-eabi/include/sys/_stdi
 455              		.file 4 "Drivers/CMSIS/Device/ST/STM32L4xx/Include/stm32l432xx.h"
 456              		.file 5 "Drivers/STM32L4xx_HAL_Driver/Inc/stm32l4xx_hal_def.h"
 457              		.file 6 "Drivers/STM32L4xx_HAL_Driver/Inc/stm32l4xx_hal_gpio.h"
 458              		.file 7 "Drivers/STM32L4xx_HAL_Driver/Inc/stm32l4xx_hal_dma.h"
 459              		.file 8 "Drivers/STM32L4xx_HAL_Driver/Inc/stm32l4xx_hal_tim.h"
 460              		.file 9 "Drivers/STM32L4xx_HAL_Driver/Inc/stm32l4xx_hal_uart.h"
 461              		.file 10 "Drivers/STM32L4xx_HAL_Driver/Inc/stm32l4xx_hal_cortex.h"
ARM GAS  /tmp/ccDTjt4H.s 			page 14


DEFINED SYMBOLS
                            *ABS*:0000000000000000 stm32l4xx_hal_msp.c
     /tmp/ccDTjt4H.s:18     .text.HAL_MspInit:0000000000000000 $t
     /tmp/ccDTjt4H.s:26     .text.HAL_MspInit:0000000000000000 HAL_MspInit
     /tmp/ccDTjt4H.s:77     .text.HAL_MspInit:000000000000002c $d
     /tmp/ccDTjt4H.s:82     .text.HAL_TIM_Base_MspInit:0000000000000000 $t
     /tmp/ccDTjt4H.s:89     .text.HAL_TIM_Base_MspInit:0000000000000000 HAL_TIM_Base_MspInit
     /tmp/ccDTjt4H.s:199    .text.HAL_TIM_Base_MspDeInit:0000000000000000 $t
     /tmp/ccDTjt4H.s:206    .text.HAL_TIM_Base_MspDeInit:0000000000000000 HAL_TIM_Base_MspDeInit
     /tmp/ccDTjt4H.s:252    .text.HAL_TIM_Base_MspDeInit:0000000000000028 $d
     /tmp/ccDTjt4H.s:257    .text.HAL_UART_MspInit:0000000000000000 $t
     /tmp/ccDTjt4H.s:264    .text.HAL_UART_MspInit:0000000000000000 HAL_UART_MspInit
     /tmp/ccDTjt4H.s:391    .text.HAL_UART_MspInit:000000000000007c $d
     /tmp/ccDTjt4H.s:396    .text.HAL_UART_MspDeInit:0000000000000000 $t
     /tmp/ccDTjt4H.s:403    .text.HAL_UART_MspDeInit:0000000000000000 HAL_UART_MspDeInit
     /tmp/ccDTjt4H.s:446    .text.HAL_UART_MspDeInit:0000000000000024 $d

UNDEFINED SYMBOLS
HAL_GPIO_Init
HAL_NVIC_SetPriority
HAL_NVIC_EnableIRQ
HAL_GPIO_DeInit
HAL_NVIC_DisableIRQ
