ARM GAS  /tmp/ccd3vJPp.s 			page 1


   1              		.cpu cortex-m4
   2              		.eabi_attribute 27, 1
   3              		.eabi_attribute 28, 1
   4              		.eabi_attribute 20, 1
   5              		.eabi_attribute 21, 1
   6              		.eabi_attribute 23, 3
   7              		.eabi_attribute 24, 1
   8              		.eabi_attribute 25, 1
   9              		.eabi_attribute 26, 1
  10              		.eabi_attribute 30, 1
  11              		.eabi_attribute 34, 1
  12              		.eabi_attribute 18, 4
  13              		.file	"stm32l4xx_hal_msp.c"
  14              		.text
  15              	.Ltext0:
  16              		.cfi_sections	.debug_frame
  17              		.section	.text.HAL_MspInit,"ax",%progbits
  18              		.align	1
  19              		.global	HAL_MspInit
  20              		.arch armv7e-m
  21              		.syntax unified
  22              		.thumb
  23              		.thumb_func
  24              		.fpu fpv4-sp-d16
  26              	HAL_MspInit:
  27              	.LFB130:
  28              		.file 1 "Src/stm32l4xx_hal_msp.c"
   1:Src/stm32l4xx_hal_msp.c **** /* USER CODE BEGIN Header */
   2:Src/stm32l4xx_hal_msp.c **** /**
   3:Src/stm32l4xx_hal_msp.c ****   ******************************************************************************
   4:Src/stm32l4xx_hal_msp.c ****   * File Name          : stm32l4xx_hal_msp.c
   5:Src/stm32l4xx_hal_msp.c ****   * Description        : This file provides code for the MSP Initialization 
   6:Src/stm32l4xx_hal_msp.c ****   *                      and de-Initialization codes.
   7:Src/stm32l4xx_hal_msp.c ****   ******************************************************************************
   8:Src/stm32l4xx_hal_msp.c ****   * @attention
   9:Src/stm32l4xx_hal_msp.c ****   *
  10:Src/stm32l4xx_hal_msp.c ****   * <h2><center>&copy; Copyright (c) 2020 STMicroelectronics.
  11:Src/stm32l4xx_hal_msp.c ****   * All rights reserved.</center></h2>
  12:Src/stm32l4xx_hal_msp.c ****   *
  13:Src/stm32l4xx_hal_msp.c ****   * This software component is licensed by ST under BSD 3-Clause license,
  14:Src/stm32l4xx_hal_msp.c ****   * the "License"; You may not use this file except in compliance with the
  15:Src/stm32l4xx_hal_msp.c ****   * License. You may obtain a copy of the License at:
  16:Src/stm32l4xx_hal_msp.c ****   *                        opensource.org/licenses/BSD-3-Clause
  17:Src/stm32l4xx_hal_msp.c ****   *
  18:Src/stm32l4xx_hal_msp.c ****   ******************************************************************************
  19:Src/stm32l4xx_hal_msp.c ****   */
  20:Src/stm32l4xx_hal_msp.c **** /* USER CODE END Header */
  21:Src/stm32l4xx_hal_msp.c **** 
  22:Src/stm32l4xx_hal_msp.c **** /* Includes ------------------------------------------------------------------*/
  23:Src/stm32l4xx_hal_msp.c **** #include "main.h"
  24:Src/stm32l4xx_hal_msp.c **** /* USER CODE BEGIN Includes */
  25:Src/stm32l4xx_hal_msp.c **** 
  26:Src/stm32l4xx_hal_msp.c **** /* USER CODE END Includes */
  27:Src/stm32l4xx_hal_msp.c **** 
  28:Src/stm32l4xx_hal_msp.c **** /* Private typedef -----------------------------------------------------------*/
  29:Src/stm32l4xx_hal_msp.c **** /* USER CODE BEGIN TD */
  30:Src/stm32l4xx_hal_msp.c **** 
ARM GAS  /tmp/ccd3vJPp.s 			page 2


  31:Src/stm32l4xx_hal_msp.c **** /* USER CODE END TD */
  32:Src/stm32l4xx_hal_msp.c **** 
  33:Src/stm32l4xx_hal_msp.c **** /* Private define ------------------------------------------------------------*/
  34:Src/stm32l4xx_hal_msp.c **** /* USER CODE BEGIN Define */
  35:Src/stm32l4xx_hal_msp.c ****  
  36:Src/stm32l4xx_hal_msp.c **** /* USER CODE END Define */
  37:Src/stm32l4xx_hal_msp.c **** 
  38:Src/stm32l4xx_hal_msp.c **** /* Private macro -------------------------------------------------------------*/
  39:Src/stm32l4xx_hal_msp.c **** /* USER CODE BEGIN Macro */
  40:Src/stm32l4xx_hal_msp.c **** 
  41:Src/stm32l4xx_hal_msp.c **** /* USER CODE END Macro */
  42:Src/stm32l4xx_hal_msp.c **** 
  43:Src/stm32l4xx_hal_msp.c **** /* Private variables ---------------------------------------------------------*/
  44:Src/stm32l4xx_hal_msp.c **** /* USER CODE BEGIN PV */
  45:Src/stm32l4xx_hal_msp.c **** 
  46:Src/stm32l4xx_hal_msp.c **** /* USER CODE END PV */
  47:Src/stm32l4xx_hal_msp.c **** 
  48:Src/stm32l4xx_hal_msp.c **** /* Private function prototypes -----------------------------------------------*/
  49:Src/stm32l4xx_hal_msp.c **** /* USER CODE BEGIN PFP */
  50:Src/stm32l4xx_hal_msp.c **** 
  51:Src/stm32l4xx_hal_msp.c **** /* USER CODE END PFP */
  52:Src/stm32l4xx_hal_msp.c **** 
  53:Src/stm32l4xx_hal_msp.c **** /* External functions --------------------------------------------------------*/
  54:Src/stm32l4xx_hal_msp.c **** /* USER CODE BEGIN ExternalFunctions */
  55:Src/stm32l4xx_hal_msp.c **** 
  56:Src/stm32l4xx_hal_msp.c **** /* USER CODE END ExternalFunctions */
  57:Src/stm32l4xx_hal_msp.c **** 
  58:Src/stm32l4xx_hal_msp.c **** /* USER CODE BEGIN 0 */
  59:Src/stm32l4xx_hal_msp.c **** 
  60:Src/stm32l4xx_hal_msp.c **** /* USER CODE END 0 */
  61:Src/stm32l4xx_hal_msp.c **** /**
  62:Src/stm32l4xx_hal_msp.c ****   * Initializes the Global MSP.
  63:Src/stm32l4xx_hal_msp.c ****   */
  64:Src/stm32l4xx_hal_msp.c **** void HAL_MspInit(void)
  65:Src/stm32l4xx_hal_msp.c **** {
  29              		.loc 1 65 1 view -0
  30              		.cfi_startproc
  31              		@ args = 0, pretend = 0, frame = 8
  32              		@ frame_needed = 0, uses_anonymous_args = 0
  33              		@ link register save eliminated.
  34 0000 82B0     		sub	sp, sp, #8
  35              	.LCFI0:
  36              		.cfi_def_cfa_offset 8
  66:Src/stm32l4xx_hal_msp.c ****   /* USER CODE BEGIN MspInit 0 */
  67:Src/stm32l4xx_hal_msp.c **** 
  68:Src/stm32l4xx_hal_msp.c ****   /* USER CODE END MspInit 0 */
  69:Src/stm32l4xx_hal_msp.c **** 
  70:Src/stm32l4xx_hal_msp.c ****   __HAL_RCC_SYSCFG_CLK_ENABLE();
  37              		.loc 1 70 3 view .LVU1
  38              	.LBB2:
  39              		.loc 1 70 3 view .LVU2
  40              		.loc 1 70 3 view .LVU3
  41 0002 0A4B     		ldr	r3, .L3
  42 0004 1A6E     		ldr	r2, [r3, #96]
  43 0006 42F00102 		orr	r2, r2, #1
  44 000a 1A66     		str	r2, [r3, #96]
  45              		.loc 1 70 3 view .LVU4
ARM GAS  /tmp/ccd3vJPp.s 			page 3


  46 000c 1A6E     		ldr	r2, [r3, #96]
  47 000e 02F00102 		and	r2, r2, #1
  48 0012 0092     		str	r2, [sp]
  49              		.loc 1 70 3 view .LVU5
  50 0014 009A     		ldr	r2, [sp]
  51              	.LBE2:
  52              		.loc 1 70 3 view .LVU6
  71:Src/stm32l4xx_hal_msp.c ****   __HAL_RCC_PWR_CLK_ENABLE();
  53              		.loc 1 71 3 view .LVU7
  54              	.LBB3:
  55              		.loc 1 71 3 view .LVU8
  56              		.loc 1 71 3 view .LVU9
  57 0016 9A6D     		ldr	r2, [r3, #88]
  58 0018 42F08052 		orr	r2, r2, #268435456
  59 001c 9A65     		str	r2, [r3, #88]
  60              		.loc 1 71 3 view .LVU10
  61 001e 9B6D     		ldr	r3, [r3, #88]
  62 0020 03F08053 		and	r3, r3, #268435456
  63 0024 0193     		str	r3, [sp, #4]
  64              		.loc 1 71 3 view .LVU11
  65 0026 019B     		ldr	r3, [sp, #4]
  66              	.LBE3:
  67              		.loc 1 71 3 view .LVU12
  72:Src/stm32l4xx_hal_msp.c **** 
  73:Src/stm32l4xx_hal_msp.c ****   /* System interrupt init*/
  74:Src/stm32l4xx_hal_msp.c **** 
  75:Src/stm32l4xx_hal_msp.c ****   /* USER CODE BEGIN MspInit 1 */
  76:Src/stm32l4xx_hal_msp.c **** 
  77:Src/stm32l4xx_hal_msp.c ****   /* USER CODE END MspInit 1 */
  78:Src/stm32l4xx_hal_msp.c **** }
  68              		.loc 1 78 1 is_stmt 0 view .LVU13
  69 0028 02B0     		add	sp, sp, #8
  70              	.LCFI1:
  71              		.cfi_def_cfa_offset 0
  72              		@ sp needed
  73 002a 7047     		bx	lr
  74              	.L4:
  75              		.align	2
  76              	.L3:
  77 002c 00100240 		.word	1073876992
  78              		.cfi_endproc
  79              	.LFE130:
  81              		.section	.text.HAL_UART_MspInit,"ax",%progbits
  82              		.align	1
  83              		.global	HAL_UART_MspInit
  84              		.syntax unified
  85              		.thumb
  86              		.thumb_func
  87              		.fpu fpv4-sp-d16
  89              	HAL_UART_MspInit:
  90              	.LVL0:
  91              	.LFB131:
  79:Src/stm32l4xx_hal_msp.c **** 
  80:Src/stm32l4xx_hal_msp.c **** /**
  81:Src/stm32l4xx_hal_msp.c **** * @brief UART MSP Initialization
  82:Src/stm32l4xx_hal_msp.c **** * This function configures the hardware resources used in this example
  83:Src/stm32l4xx_hal_msp.c **** * @param huart: UART handle pointer
ARM GAS  /tmp/ccd3vJPp.s 			page 4


  84:Src/stm32l4xx_hal_msp.c **** * @retval None
  85:Src/stm32l4xx_hal_msp.c **** */
  86:Src/stm32l4xx_hal_msp.c **** void HAL_UART_MspInit(UART_HandleTypeDef* huart)
  87:Src/stm32l4xx_hal_msp.c **** {
  92              		.loc 1 87 1 is_stmt 1 view -0
  93              		.cfi_startproc
  94              		@ args = 0, pretend = 0, frame = 32
  95              		@ frame_needed = 0, uses_anonymous_args = 0
  96              		.loc 1 87 1 is_stmt 0 view .LVU15
  97 0000 70B5     		push	{r4, r5, r6, lr}
  98              	.LCFI2:
  99              		.cfi_def_cfa_offset 16
 100              		.cfi_offset 4, -16
 101              		.cfi_offset 5, -12
 102              		.cfi_offset 6, -8
 103              		.cfi_offset 14, -4
 104 0002 88B0     		sub	sp, sp, #32
 105              	.LCFI3:
 106              		.cfi_def_cfa_offset 48
  88:Src/stm32l4xx_hal_msp.c ****   GPIO_InitTypeDef GPIO_InitStruct = {0};
 107              		.loc 1 88 3 is_stmt 1 view .LVU16
 108              		.loc 1 88 20 is_stmt 0 view .LVU17
 109 0004 0023     		movs	r3, #0
 110 0006 0393     		str	r3, [sp, #12]
 111 0008 0493     		str	r3, [sp, #16]
 112 000a 0593     		str	r3, [sp, #20]
 113 000c 0693     		str	r3, [sp, #24]
 114 000e 0793     		str	r3, [sp, #28]
  89:Src/stm32l4xx_hal_msp.c ****   if(huart->Instance==USART2)
 115              		.loc 1 89 3 is_stmt 1 view .LVU18
 116              		.loc 1 89 11 is_stmt 0 view .LVU19
 117 0010 0268     		ldr	r2, [r0]
 118              		.loc 1 89 5 view .LVU20
 119 0012 1A4B     		ldr	r3, .L9
 120 0014 9A42     		cmp	r2, r3
 121 0016 01D0     		beq	.L8
 122              	.LVL1:
 123              	.L5:
  90:Src/stm32l4xx_hal_msp.c ****   {
  91:Src/stm32l4xx_hal_msp.c ****   /* USER CODE BEGIN USART2_MspInit 0 */
  92:Src/stm32l4xx_hal_msp.c **** 
  93:Src/stm32l4xx_hal_msp.c ****   /* USER CODE END USART2_MspInit 0 */
  94:Src/stm32l4xx_hal_msp.c ****     /* Peripheral clock enable */
  95:Src/stm32l4xx_hal_msp.c ****     __HAL_RCC_USART2_CLK_ENABLE();
  96:Src/stm32l4xx_hal_msp.c ****   
  97:Src/stm32l4xx_hal_msp.c ****     __HAL_RCC_GPIOA_CLK_ENABLE();
  98:Src/stm32l4xx_hal_msp.c ****     /**USART2 GPIO Configuration    
  99:Src/stm32l4xx_hal_msp.c ****     PA2     ------> USART2_TX
 100:Src/stm32l4xx_hal_msp.c ****     PA15 (JTDI)     ------> USART2_RX 
 101:Src/stm32l4xx_hal_msp.c ****     */
 102:Src/stm32l4xx_hal_msp.c ****     GPIO_InitStruct.Pin = VCP_TX_Pin;
 103:Src/stm32l4xx_hal_msp.c ****     GPIO_InitStruct.Mode = GPIO_MODE_AF_PP;
 104:Src/stm32l4xx_hal_msp.c ****     GPIO_InitStruct.Pull = GPIO_NOPULL;
 105:Src/stm32l4xx_hal_msp.c ****     GPIO_InitStruct.Speed = GPIO_SPEED_FREQ_VERY_HIGH;
 106:Src/stm32l4xx_hal_msp.c ****     GPIO_InitStruct.Alternate = GPIO_AF7_USART2;
 107:Src/stm32l4xx_hal_msp.c ****     HAL_GPIO_Init(VCP_TX_GPIO_Port, &GPIO_InitStruct);
 108:Src/stm32l4xx_hal_msp.c **** 
ARM GAS  /tmp/ccd3vJPp.s 			page 5


 109:Src/stm32l4xx_hal_msp.c ****     GPIO_InitStruct.Pin = VCP_RX_Pin;
 110:Src/stm32l4xx_hal_msp.c ****     GPIO_InitStruct.Mode = GPIO_MODE_AF_PP;
 111:Src/stm32l4xx_hal_msp.c ****     GPIO_InitStruct.Pull = GPIO_NOPULL;
 112:Src/stm32l4xx_hal_msp.c ****     GPIO_InitStruct.Speed = GPIO_SPEED_FREQ_VERY_HIGH;
 113:Src/stm32l4xx_hal_msp.c ****     GPIO_InitStruct.Alternate = GPIO_AF3_USART2;
 114:Src/stm32l4xx_hal_msp.c ****     HAL_GPIO_Init(VCP_RX_GPIO_Port, &GPIO_InitStruct);
 115:Src/stm32l4xx_hal_msp.c **** 
 116:Src/stm32l4xx_hal_msp.c ****   /* USER CODE BEGIN USART2_MspInit 1 */
 117:Src/stm32l4xx_hal_msp.c **** 
 118:Src/stm32l4xx_hal_msp.c ****   /* USER CODE END USART2_MspInit 1 */
 119:Src/stm32l4xx_hal_msp.c ****   }
 120:Src/stm32l4xx_hal_msp.c **** 
 121:Src/stm32l4xx_hal_msp.c **** }
 124              		.loc 1 121 1 view .LVU21
 125 0018 08B0     		add	sp, sp, #32
 126              	.LCFI4:
 127              		.cfi_remember_state
 128              		.cfi_def_cfa_offset 16
 129              		@ sp needed
 130 001a 70BD     		pop	{r4, r5, r6, pc}
 131              	.LVL2:
 132              	.L8:
 133              	.LCFI5:
 134              		.cfi_restore_state
  95:Src/stm32l4xx_hal_msp.c ****   
 135              		.loc 1 95 5 is_stmt 1 view .LVU22
 136              	.LBB4:
  95:Src/stm32l4xx_hal_msp.c ****   
 137              		.loc 1 95 5 view .LVU23
  95:Src/stm32l4xx_hal_msp.c ****   
 138              		.loc 1 95 5 view .LVU24
 139 001c 03F5E633 		add	r3, r3, #117760
 140 0020 9A6D     		ldr	r2, [r3, #88]
 141 0022 42F40032 		orr	r2, r2, #131072
 142 0026 9A65     		str	r2, [r3, #88]
  95:Src/stm32l4xx_hal_msp.c ****   
 143              		.loc 1 95 5 view .LVU25
 144 0028 9A6D     		ldr	r2, [r3, #88]
 145 002a 02F40032 		and	r2, r2, #131072
 146 002e 0192     		str	r2, [sp, #4]
  95:Src/stm32l4xx_hal_msp.c ****   
 147              		.loc 1 95 5 view .LVU26
 148 0030 019A     		ldr	r2, [sp, #4]
 149              	.LBE4:
  95:Src/stm32l4xx_hal_msp.c ****   
 150              		.loc 1 95 5 view .LVU27
  97:Src/stm32l4xx_hal_msp.c ****     /**USART2 GPIO Configuration    
 151              		.loc 1 97 5 view .LVU28
 152              	.LBB5:
  97:Src/stm32l4xx_hal_msp.c ****     /**USART2 GPIO Configuration    
 153              		.loc 1 97 5 view .LVU29
  97:Src/stm32l4xx_hal_msp.c ****     /**USART2 GPIO Configuration    
 154              		.loc 1 97 5 view .LVU30
 155 0032 DA6C     		ldr	r2, [r3, #76]
 156 0034 42F00102 		orr	r2, r2, #1
 157 0038 DA64     		str	r2, [r3, #76]
  97:Src/stm32l4xx_hal_msp.c ****     /**USART2 GPIO Configuration    
ARM GAS  /tmp/ccd3vJPp.s 			page 6


 158              		.loc 1 97 5 view .LVU31
 159 003a DB6C     		ldr	r3, [r3, #76]
 160 003c 03F00103 		and	r3, r3, #1
 161 0040 0293     		str	r3, [sp, #8]
  97:Src/stm32l4xx_hal_msp.c ****     /**USART2 GPIO Configuration    
 162              		.loc 1 97 5 view .LVU32
 163 0042 029B     		ldr	r3, [sp, #8]
 164              	.LBE5:
  97:Src/stm32l4xx_hal_msp.c ****     /**USART2 GPIO Configuration    
 165              		.loc 1 97 5 view .LVU33
 102:Src/stm32l4xx_hal_msp.c ****     GPIO_InitStruct.Mode = GPIO_MODE_AF_PP;
 166              		.loc 1 102 5 view .LVU34
 102:Src/stm32l4xx_hal_msp.c ****     GPIO_InitStruct.Mode = GPIO_MODE_AF_PP;
 167              		.loc 1 102 25 is_stmt 0 view .LVU35
 168 0044 0423     		movs	r3, #4
 169 0046 0393     		str	r3, [sp, #12]
 103:Src/stm32l4xx_hal_msp.c ****     GPIO_InitStruct.Pull = GPIO_NOPULL;
 170              		.loc 1 103 5 is_stmt 1 view .LVU36
 103:Src/stm32l4xx_hal_msp.c ****     GPIO_InitStruct.Pull = GPIO_NOPULL;
 171              		.loc 1 103 26 is_stmt 0 view .LVU37
 172 0048 0226     		movs	r6, #2
 173 004a 0496     		str	r6, [sp, #16]
 104:Src/stm32l4xx_hal_msp.c ****     GPIO_InitStruct.Speed = GPIO_SPEED_FREQ_VERY_HIGH;
 174              		.loc 1 104 5 is_stmt 1 view .LVU38
 104:Src/stm32l4xx_hal_msp.c ****     GPIO_InitStruct.Speed = GPIO_SPEED_FREQ_VERY_HIGH;
 175              		.loc 1 104 26 is_stmt 0 view .LVU39
 176 004c 0025     		movs	r5, #0
 177 004e 0595     		str	r5, [sp, #20]
 105:Src/stm32l4xx_hal_msp.c ****     GPIO_InitStruct.Alternate = GPIO_AF7_USART2;
 178              		.loc 1 105 5 is_stmt 1 view .LVU40
 105:Src/stm32l4xx_hal_msp.c ****     GPIO_InitStruct.Alternate = GPIO_AF7_USART2;
 179              		.loc 1 105 27 is_stmt 0 view .LVU41
 180 0050 0324     		movs	r4, #3
 181 0052 0694     		str	r4, [sp, #24]
 106:Src/stm32l4xx_hal_msp.c ****     HAL_GPIO_Init(VCP_TX_GPIO_Port, &GPIO_InitStruct);
 182              		.loc 1 106 5 is_stmt 1 view .LVU42
 106:Src/stm32l4xx_hal_msp.c ****     HAL_GPIO_Init(VCP_TX_GPIO_Port, &GPIO_InitStruct);
 183              		.loc 1 106 31 is_stmt 0 view .LVU43
 184 0054 0723     		movs	r3, #7
 185 0056 0793     		str	r3, [sp, #28]
 107:Src/stm32l4xx_hal_msp.c **** 
 186              		.loc 1 107 5 is_stmt 1 view .LVU44
 187 0058 03A9     		add	r1, sp, #12
 188 005a 4FF09040 		mov	r0, #1207959552
 189              	.LVL3:
 107:Src/stm32l4xx_hal_msp.c **** 
 190              		.loc 1 107 5 is_stmt 0 view .LVU45
 191 005e FFF7FEFF 		bl	HAL_GPIO_Init
 192              	.LVL4:
 109:Src/stm32l4xx_hal_msp.c ****     GPIO_InitStruct.Mode = GPIO_MODE_AF_PP;
 193              		.loc 1 109 5 is_stmt 1 view .LVU46
 109:Src/stm32l4xx_hal_msp.c ****     GPIO_InitStruct.Mode = GPIO_MODE_AF_PP;
 194              		.loc 1 109 25 is_stmt 0 view .LVU47
 195 0062 4FF40043 		mov	r3, #32768
 196 0066 0393     		str	r3, [sp, #12]
 110:Src/stm32l4xx_hal_msp.c ****     GPIO_InitStruct.Pull = GPIO_NOPULL;
 197              		.loc 1 110 5 is_stmt 1 view .LVU48
ARM GAS  /tmp/ccd3vJPp.s 			page 7


 110:Src/stm32l4xx_hal_msp.c ****     GPIO_InitStruct.Pull = GPIO_NOPULL;
 198              		.loc 1 110 26 is_stmt 0 view .LVU49
 199 0068 0496     		str	r6, [sp, #16]
 111:Src/stm32l4xx_hal_msp.c ****     GPIO_InitStruct.Speed = GPIO_SPEED_FREQ_VERY_HIGH;
 200              		.loc 1 111 5 is_stmt 1 view .LVU50
 111:Src/stm32l4xx_hal_msp.c ****     GPIO_InitStruct.Speed = GPIO_SPEED_FREQ_VERY_HIGH;
 201              		.loc 1 111 26 is_stmt 0 view .LVU51
 202 006a 0595     		str	r5, [sp, #20]
 112:Src/stm32l4xx_hal_msp.c ****     GPIO_InitStruct.Alternate = GPIO_AF3_USART2;
 203              		.loc 1 112 5 is_stmt 1 view .LVU52
 112:Src/stm32l4xx_hal_msp.c ****     GPIO_InitStruct.Alternate = GPIO_AF3_USART2;
 204              		.loc 1 112 27 is_stmt 0 view .LVU53
 205 006c 0694     		str	r4, [sp, #24]
 113:Src/stm32l4xx_hal_msp.c ****     HAL_GPIO_Init(VCP_RX_GPIO_Port, &GPIO_InitStruct);
 206              		.loc 1 113 5 is_stmt 1 view .LVU54
 113:Src/stm32l4xx_hal_msp.c ****     HAL_GPIO_Init(VCP_RX_GPIO_Port, &GPIO_InitStruct);
 207              		.loc 1 113 31 is_stmt 0 view .LVU55
 208 006e 0794     		str	r4, [sp, #28]
 114:Src/stm32l4xx_hal_msp.c **** 
 209              		.loc 1 114 5 is_stmt 1 view .LVU56
 210 0070 03A9     		add	r1, sp, #12
 211 0072 4FF09040 		mov	r0, #1207959552
 212 0076 FFF7FEFF 		bl	HAL_GPIO_Init
 213              	.LVL5:
 214              		.loc 1 121 1 is_stmt 0 view .LVU57
 215 007a CDE7     		b	.L5
 216              	.L10:
 217              		.align	2
 218              	.L9:
 219 007c 00440040 		.word	1073759232
 220              		.cfi_endproc
 221              	.LFE131:
 223              		.section	.text.HAL_UART_MspDeInit,"ax",%progbits
 224              		.align	1
 225              		.global	HAL_UART_MspDeInit
 226              		.syntax unified
 227              		.thumb
 228              		.thumb_func
 229              		.fpu fpv4-sp-d16
 231              	HAL_UART_MspDeInit:
 232              	.LVL6:
 233              	.LFB132:
 122:Src/stm32l4xx_hal_msp.c **** 
 123:Src/stm32l4xx_hal_msp.c **** /**
 124:Src/stm32l4xx_hal_msp.c **** * @brief UART MSP De-Initialization
 125:Src/stm32l4xx_hal_msp.c **** * This function freeze the hardware resources used in this example
 126:Src/stm32l4xx_hal_msp.c **** * @param huart: UART handle pointer
 127:Src/stm32l4xx_hal_msp.c **** * @retval None
 128:Src/stm32l4xx_hal_msp.c **** */
 129:Src/stm32l4xx_hal_msp.c **** void HAL_UART_MspDeInit(UART_HandleTypeDef* huart)
 130:Src/stm32l4xx_hal_msp.c **** {
 234              		.loc 1 130 1 is_stmt 1 view -0
 235              		.cfi_startproc
 236              		@ args = 0, pretend = 0, frame = 0
 237              		@ frame_needed = 0, uses_anonymous_args = 0
 238              		.loc 1 130 1 is_stmt 0 view .LVU59
 239 0000 08B5     		push	{r3, lr}
ARM GAS  /tmp/ccd3vJPp.s 			page 8


 240              	.LCFI6:
 241              		.cfi_def_cfa_offset 8
 242              		.cfi_offset 3, -8
 243              		.cfi_offset 14, -4
 131:Src/stm32l4xx_hal_msp.c ****   if(huart->Instance==USART2)
 244              		.loc 1 131 3 is_stmt 1 view .LVU60
 245              		.loc 1 131 11 is_stmt 0 view .LVU61
 246 0002 0268     		ldr	r2, [r0]
 247              		.loc 1 131 5 view .LVU62
 248 0004 074B     		ldr	r3, .L15
 249 0006 9A42     		cmp	r2, r3
 250 0008 00D0     		beq	.L14
 251              	.LVL7:
 252              	.L11:
 132:Src/stm32l4xx_hal_msp.c ****   {
 133:Src/stm32l4xx_hal_msp.c ****   /* USER CODE BEGIN USART2_MspDeInit 0 */
 134:Src/stm32l4xx_hal_msp.c **** 
 135:Src/stm32l4xx_hal_msp.c ****   /* USER CODE END USART2_MspDeInit 0 */
 136:Src/stm32l4xx_hal_msp.c ****     /* Peripheral clock disable */
 137:Src/stm32l4xx_hal_msp.c ****     __HAL_RCC_USART2_CLK_DISABLE();
 138:Src/stm32l4xx_hal_msp.c ****   
 139:Src/stm32l4xx_hal_msp.c ****     /**USART2 GPIO Configuration    
 140:Src/stm32l4xx_hal_msp.c ****     PA2     ------> USART2_TX
 141:Src/stm32l4xx_hal_msp.c ****     PA15 (JTDI)     ------> USART2_RX 
 142:Src/stm32l4xx_hal_msp.c ****     */
 143:Src/stm32l4xx_hal_msp.c ****     HAL_GPIO_DeInit(GPIOA, VCP_TX_Pin|VCP_RX_Pin);
 144:Src/stm32l4xx_hal_msp.c **** 
 145:Src/stm32l4xx_hal_msp.c ****   /* USER CODE BEGIN USART2_MspDeInit 1 */
 146:Src/stm32l4xx_hal_msp.c **** 
 147:Src/stm32l4xx_hal_msp.c ****   /* USER CODE END USART2_MspDeInit 1 */
 148:Src/stm32l4xx_hal_msp.c ****   }
 149:Src/stm32l4xx_hal_msp.c **** 
 150:Src/stm32l4xx_hal_msp.c **** }
 253              		.loc 1 150 1 view .LVU63
 254 000a 08BD     		pop	{r3, pc}
 255              	.LVL8:
 256              	.L14:
 137:Src/stm32l4xx_hal_msp.c ****   
 257              		.loc 1 137 5 is_stmt 1 view .LVU64
 258 000c 064A     		ldr	r2, .L15+4
 259 000e 936D     		ldr	r3, [r2, #88]
 260 0010 23F40033 		bic	r3, r3, #131072
 261 0014 9365     		str	r3, [r2, #88]
 143:Src/stm32l4xx_hal_msp.c **** 
 262              		.loc 1 143 5 view .LVU65
 263 0016 48F20401 		movw	r1, #32772
 264 001a 4FF09040 		mov	r0, #1207959552
 265              	.LVL9:
 143:Src/stm32l4xx_hal_msp.c **** 
 266              		.loc 1 143 5 is_stmt 0 view .LVU66
 267 001e FFF7FEFF 		bl	HAL_GPIO_DeInit
 268              	.LVL10:
 269              		.loc 1 150 1 view .LVU67
 270 0022 F2E7     		b	.L11
 271              	.L16:
 272              		.align	2
 273              	.L15:
ARM GAS  /tmp/ccd3vJPp.s 			page 9


 274 0024 00440040 		.word	1073759232
 275 0028 00100240 		.word	1073876992
 276              		.cfi_endproc
 277              	.LFE132:
 279              		.text
 280              	.Letext0:
 281              		.file 2 "/opt/gcc-arm-none-eabi/gcc-arm-none-eabi-9-2020-q2-update/arm-none-eabi/include/machine/_
 282              		.file 3 "/opt/gcc-arm-none-eabi/gcc-arm-none-eabi-9-2020-q2-update/arm-none-eabi/include/sys/_stdi
 283              		.file 4 "Drivers/CMSIS/Include/core_cm4.h"
 284              		.file 5 "Drivers/CMSIS/Device/ST/STM32L4xx/Include/system_stm32l4xx.h"
 285              		.file 6 "Drivers/CMSIS/Device/ST/STM32L4xx/Include/stm32l432xx.h"
 286              		.file 7 "Drivers/STM32L4xx_HAL_Driver/Inc/stm32l4xx_hal_def.h"
 287              		.file 8 "Drivers/STM32L4xx_HAL_Driver/Inc/stm32l4xx_hal_gpio.h"
 288              		.file 9 "Drivers/STM32L4xx_HAL_Driver/Inc/stm32l4xx_hal_dma.h"
 289              		.file 10 "Drivers/STM32L4xx_HAL_Driver/Inc/stm32l4xx_hal_flash.h"
 290              		.file 11 "Drivers/STM32L4xx_HAL_Driver/Inc/stm32l4xx_hal_uart.h"
 291              		.file 12 "Drivers/STM32L4xx_HAL_Driver/Inc/stm32l4xx_hal.h"
ARM GAS  /tmp/ccd3vJPp.s 			page 10


DEFINED SYMBOLS
                            *ABS*:0000000000000000 stm32l4xx_hal_msp.c
     /tmp/ccd3vJPp.s:18     .text.HAL_MspInit:0000000000000000 $t
     /tmp/ccd3vJPp.s:26     .text.HAL_MspInit:0000000000000000 HAL_MspInit
     /tmp/ccd3vJPp.s:77     .text.HAL_MspInit:000000000000002c $d
     /tmp/ccd3vJPp.s:82     .text.HAL_UART_MspInit:0000000000000000 $t
     /tmp/ccd3vJPp.s:89     .text.HAL_UART_MspInit:0000000000000000 HAL_UART_MspInit
     /tmp/ccd3vJPp.s:219    .text.HAL_UART_MspInit:000000000000007c $d
     /tmp/ccd3vJPp.s:224    .text.HAL_UART_MspDeInit:0000000000000000 $t
     /tmp/ccd3vJPp.s:231    .text.HAL_UART_MspDeInit:0000000000000000 HAL_UART_MspDeInit
     /tmp/ccd3vJPp.s:274    .text.HAL_UART_MspDeInit:0000000000000024 $d

UNDEFINED SYMBOLS
HAL_GPIO_Init
HAL_GPIO_DeInit
