ARM GAS  /tmp/cci1MkoK.s 			page 1


   1              		.cpu cortex-m4
   2              		.eabi_attribute 27, 1
   3              		.eabi_attribute 28, 1
   4              		.eabi_attribute 20, 1
   5              		.eabi_attribute 21, 1
   6              		.eabi_attribute 23, 3
   7              		.eabi_attribute 24, 1
   8              		.eabi_attribute 25, 1
   9              		.eabi_attribute 26, 1
  10              		.eabi_attribute 30, 1
  11              		.eabi_attribute 34, 1
  12              		.eabi_attribute 18, 4
  13              		.file	"time.c"
  14              		.text
  15              	.Ltext0:
  16              		.cfi_sections	.debug_frame
  17              		.section	.rodata.time_command.str1.4,"aMS",%progbits,1
  18              		.align	2
  19              	.LC0:
  20 0000 5768656E 		.ascii	"When should we panic: 0x%08x seconds\012\015\000"
  20      2073686F 
  20      756C6420 
  20      77652070 
  20      616E6963 
  21 0027 00       		.align	2
  22              	.LC1:
  23 0028 4F4B0A0D 		.ascii	"OK\012\015\000"
  23      00
  24              		.section	.text.time_command,"ax",%progbits
  25              		.align	1
  26              		.global	time_command
  27              		.arch armv7e-m
  28              		.syntax unified
  29              		.thumb
  30              		.thumb_func
  31              		.fpu fpv4-sp-d16
  33              	time_command:
  34              	.LVL0:
  35              	.LFB291:
  36              		.file 1 "Core/Src/time.c"
   1:Core/Src/time.c **** /* time.c
   2:Core/Src/time.c ****  * Description: 
   3:Core/Src/time.c ****  *
   4:Core/Src/time.c ****  * Author: Bryce Himebaugh 
   5:Core/Src/time.c ****  * Contact: bhimebau@indiana.edu
   6:Core/Src/time.c ****  * Date: 03.19.2021
   7:Core/Src/time.c ****  * Copyright (C) 2021
   8:Core/Src/time.c ****  *
   9:Core/Src/time.c ****  */
  10:Core/Src/time.c **** 
  11:Core/Src/time.c **** #include <stdio.h>
  12:Core/Src/time.c **** #include <time.h>
  13:Core/Src/time.c **** #include "main.h"
  14:Core/Src/time.c **** 
  15:Core/Src/time.c **** void time_command (char *args) {
  37              		.loc 1 15 32 view -0
  38              		.cfi_startproc
ARM GAS  /tmp/cci1MkoK.s 			page 2


  39              		@ args = 0, pretend = 0, frame = 40
  40              		@ frame_needed = 0, uses_anonymous_args = 0
  41              		.loc 1 15 32 is_stmt 0 view .LVU1
  42 0000 00B5     		push	{lr}
  43              	.LCFI0:
  44              		.cfi_def_cfa_offset 4
  45              		.cfi_offset 14, -4
  46 0002 8BB0     		sub	sp, sp, #44
  47              	.LCFI1:
  48              		.cfi_def_cfa_offset 48
  16:Core/Src/time.c ****   struct tm t;
  49              		.loc 1 16 3 is_stmt 1 view .LVU2
  17:Core/Src/time.c ****   time_t t_of_day;
  50              		.loc 1 17 3 view .LVU3
  18:Core/Src/time.c ****   t.tm_year = 2021-1900;  // Year - 1900
  51              		.loc 1 18 3 view .LVU4
  52              		.loc 1 18 13 is_stmt 0 view .LVU5
  53 0004 7923     		movs	r3, #121
  54 0006 0693     		str	r3, [sp, #24]
  19:Core/Src/time.c ****   t.tm_mon = 2;           // Month, where 0 = jan
  55              		.loc 1 19 3 is_stmt 1 view .LVU6
  56              		.loc 1 19 12 is_stmt 0 view .LVU7
  57 0008 0223     		movs	r3, #2
  58 000a 0593     		str	r3, [sp, #20]
  20:Core/Src/time.c ****   t.tm_mday = 19;         // Day of the month
  59              		.loc 1 20 3 is_stmt 1 view .LVU8
  60              		.loc 1 20 13 is_stmt 0 view .LVU9
  61 000c 1323     		movs	r3, #19
  62 000e 0493     		str	r3, [sp, #16]
  21:Core/Src/time.c ****   t.tm_hour = 10;
  63              		.loc 1 21 3 is_stmt 1 view .LVU10
  64              		.loc 1 21 13 is_stmt 0 view .LVU11
  65 0010 0A23     		movs	r3, #10
  66 0012 0393     		str	r3, [sp, #12]
  22:Core/Src/time.c ****   t.tm_min = 12;
  67              		.loc 1 22 3 is_stmt 1 view .LVU12
  68              		.loc 1 22 12 is_stmt 0 view .LVU13
  69 0014 0C23     		movs	r3, #12
  70 0016 0293     		str	r3, [sp, #8]
  23:Core/Src/time.c ****   t.tm_sec = 00;
  71              		.loc 1 23 3 is_stmt 1 view .LVU14
  72              		.loc 1 23 12 is_stmt 0 view .LVU15
  73 0018 0023     		movs	r3, #0
  74 001a 0193     		str	r3, [sp, #4]
  24:Core/Src/time.c ****   t.tm_isdst = -1;        // Is DST on? 1 = yes, 0 = no, -1 = unknown
  75              		.loc 1 24 3 is_stmt 1 view .LVU16
  76              		.loc 1 24 14 is_stmt 0 view .LVU17
  77 001c 4FF0FF33 		mov	r3, #-1
  78 0020 0993     		str	r3, [sp, #36]
  25:Core/Src/time.c ****   t_of_day = mktime(&t);
  79              		.loc 1 25 3 is_stmt 1 view .LVU18
  80              		.loc 1 25 14 is_stmt 0 view .LVU19
  81 0022 01A8     		add	r0, sp, #4
  82              	.LVL1:
  83              		.loc 1 25 14 view .LVU20
  84 0024 FFF7FEFF 		bl	mktime
  85              	.LVL2:
ARM GAS  /tmp/cci1MkoK.s 			page 3


  26:Core/Src/time.c ****   printf("When should we panic: 0x%08x seconds\n\r", 0x7FFFFFFF - (int) t_of_day);
  86              		.loc 1 26 3 is_stmt 1 view .LVU21
  87 0028 6FF00041 		mvn	r1, #-2147483648
  88              	.LVL3:
  89              		.loc 1 26 3 is_stmt 0 view .LVU22
  90 002c 091A     		subs	r1, r1, r0
  91 002e 0448     		ldr	r0, .L3
  92              		.loc 1 26 3 view .LVU23
  93 0030 FFF7FEFF 		bl	printf
  94              	.LVL4:
  27:Core/Src/time.c ****   printf("OK\n\r");
  95              		.loc 1 27 3 is_stmt 1 view .LVU24
  96 0034 0348     		ldr	r0, .L3+4
  97 0036 FFF7FEFF 		bl	printf
  98              	.LVL5:
  28:Core/Src/time.c **** }
  99              		.loc 1 28 1 is_stmt 0 view .LVU25
 100 003a 0BB0     		add	sp, sp, #44
 101              	.LCFI2:
 102              		.cfi_def_cfa_offset 4
 103              		@ sp needed
 104 003c 5DF804FB 		ldr	pc, [sp], #4
 105              	.L4:
 106              		.align	2
 107              	.L3:
 108 0040 00000000 		.word	.LC0
 109 0044 28000000 		.word	.LC1
 110              		.cfi_endproc
 111              	.LFE291:
 113              		.text
 114              	.Letext0:
 115              		.file 2 "/opt/gcc-arm-none-eabi/gcc-arm-none-eabi-10-2020-q4-major/arm-none-eabi/include/machine/_
 116              		.file 3 "/opt/gcc-arm-none-eabi/gcc-arm-none-eabi-10-2020-q4-major/arm-none-eabi/include/sys/_time
 117              		.file 4 "/opt/gcc-arm-none-eabi/gcc-arm-none-eabi-10-2020-q4-major/arm-none-eabi/include/time.h"
 118              		.file 5 "/opt/gcc-arm-none-eabi/gcc-arm-none-eabi-10-2020-q4-major/arm-none-eabi/include/stdio.h"
ARM GAS  /tmp/cci1MkoK.s 			page 4


DEFINED SYMBOLS
                            *ABS*:0000000000000000 time.c
     /tmp/cci1MkoK.s:18     .rodata.time_command.str1.4:0000000000000000 $d
     /tmp/cci1MkoK.s:25     .text.time_command:0000000000000000 $t
     /tmp/cci1MkoK.s:33     .text.time_command:0000000000000000 time_command
     /tmp/cci1MkoK.s:108    .text.time_command:0000000000000040 $d

UNDEFINED SYMBOLS
mktime
printf
