ARM GAS  /tmp/ccuGkAff.s 			page 1


   1              		.cpu cortex-m4
   2              		.eabi_attribute 27, 1
   3              		.eabi_attribute 28, 1
   4              		.eabi_attribute 20, 1
   5              		.eabi_attribute 21, 1
   6              		.eabi_attribute 23, 3
   7              		.eabi_attribute 24, 1
   8              		.eabi_attribute 25, 1
   9              		.eabi_attribute 26, 1
  10              		.eabi_attribute 30, 1
  11              		.eabi_attribute 34, 1
  12              		.eabi_attribute 18, 4
  13              		.file	"stm32l4xx_hal_msp.c"
  14              		.text
  15              	.Ltext0:
  16              		.cfi_sections	.debug_frame
  17              		.section	.text.HAL_MspInit,"ax",%progbits
  18              		.align	1
  19              		.global	HAL_MspInit
  20              		.arch armv7e-m
  21              		.syntax unified
  22              		.thumb
  23              		.thumb_func
  24              		.fpu fpv4-sp-d16
  26              	HAL_MspInit:
  27              	.LFB123:
  28              		.file 1 "Src/stm32l4xx_hal_msp.c"
   1:Src/stm32l4xx_hal_msp.c **** /* USER CODE BEGIN Header */
   2:Src/stm32l4xx_hal_msp.c **** /**
   3:Src/stm32l4xx_hal_msp.c ****   ******************************************************************************
   4:Src/stm32l4xx_hal_msp.c ****   * File Name          : stm32l4xx_hal_msp.c
   5:Src/stm32l4xx_hal_msp.c ****   * Description        : This file provides code for the MSP Initialization 
   6:Src/stm32l4xx_hal_msp.c ****   *                      and de-Initialization codes.
   7:Src/stm32l4xx_hal_msp.c ****   ******************************************************************************
   8:Src/stm32l4xx_hal_msp.c ****   ** This notice applies to any and all portions of this file
   9:Src/stm32l4xx_hal_msp.c ****   * that are not between comment pairs USER CODE BEGIN and
  10:Src/stm32l4xx_hal_msp.c ****   * USER CODE END. Other portions of this file, whether 
  11:Src/stm32l4xx_hal_msp.c ****   * inserted by the user or by software development tools
  12:Src/stm32l4xx_hal_msp.c ****   * are owned by their respective copyright owners.
  13:Src/stm32l4xx_hal_msp.c ****   *
  14:Src/stm32l4xx_hal_msp.c ****   * COPYRIGHT(c) 2019 STMicroelectronics
  15:Src/stm32l4xx_hal_msp.c ****   *
  16:Src/stm32l4xx_hal_msp.c ****   * Redistribution and use in source and binary forms, with or without modification,
  17:Src/stm32l4xx_hal_msp.c ****   * are permitted provided that the following conditions are met:
  18:Src/stm32l4xx_hal_msp.c ****   *   1. Redistributions of source code must retain the above copyright notice,
  19:Src/stm32l4xx_hal_msp.c ****   *      this list of conditions and the following disclaimer.
  20:Src/stm32l4xx_hal_msp.c ****   *   2. Redistributions in binary form must reproduce the above copyright notice,
  21:Src/stm32l4xx_hal_msp.c ****   *      this list of conditions and the following disclaimer in the documentation
  22:Src/stm32l4xx_hal_msp.c ****   *      and/or other materials provided with the distribution.
  23:Src/stm32l4xx_hal_msp.c ****   *   3. Neither the name of STMicroelectronics nor the names of its contributors
  24:Src/stm32l4xx_hal_msp.c ****   *      may be used to endorse or promote products derived from this software
  25:Src/stm32l4xx_hal_msp.c ****   *      without specific prior written permission.
  26:Src/stm32l4xx_hal_msp.c ****   *
  27:Src/stm32l4xx_hal_msp.c ****   * THIS SOFTWARE IS PROVIDED BY THE COPYRIGHT HOLDERS AND CONTRIBUTORS "AS IS"
  28:Src/stm32l4xx_hal_msp.c ****   * AND ANY EXPRESS OR IMPLIED WARRANTIES, INCLUDING, BUT NOT LIMITED TO, THE
  29:Src/stm32l4xx_hal_msp.c ****   * IMPLIED WARRANTIES OF MERCHANTABILITY AND FITNESS FOR A PARTICULAR PURPOSE ARE
  30:Src/stm32l4xx_hal_msp.c ****   * DISCLAIMED. IN NO EVENT SHALL THE COPYRIGHT HOLDER OR CONTRIBUTORS BE LIABLE
ARM GAS  /tmp/ccuGkAff.s 			page 2


  31:Src/stm32l4xx_hal_msp.c ****   * FOR ANY DIRECT, INDIRECT, INCIDENTAL, SPECIAL, EXEMPLARY, OR CONSEQUENTIAL
  32:Src/stm32l4xx_hal_msp.c ****   * DAMAGES (INCLUDING, BUT NOT LIMITED TO, PROCUREMENT OF SUBSTITUTE GOODS OR
  33:Src/stm32l4xx_hal_msp.c ****   * SERVICES; LOSS OF USE, DATA, OR PROFITS; OR BUSINESS INTERRUPTION) HOWEVER
  34:Src/stm32l4xx_hal_msp.c ****   * CAUSED AND ON ANY THEORY OF LIABILITY, WHETHER IN CONTRACT, STRICT LIABILITY,
  35:Src/stm32l4xx_hal_msp.c ****   * OR TORT (INCLUDING NEGLIGENCE OR OTHERWISE) ARISING IN ANY WAY OUT OF THE USE
  36:Src/stm32l4xx_hal_msp.c ****   * OF THIS SOFTWARE, EVEN IF ADVISED OF THE POSSIBILITY OF SUCH DAMAGE.
  37:Src/stm32l4xx_hal_msp.c ****   *
  38:Src/stm32l4xx_hal_msp.c ****   ******************************************************************************
  39:Src/stm32l4xx_hal_msp.c ****   */
  40:Src/stm32l4xx_hal_msp.c **** /* USER CODE END Header */
  41:Src/stm32l4xx_hal_msp.c **** 
  42:Src/stm32l4xx_hal_msp.c **** /* Includes ------------------------------------------------------------------*/
  43:Src/stm32l4xx_hal_msp.c **** #include "main.h"
  44:Src/stm32l4xx_hal_msp.c **** /* USER CODE BEGIN Includes */
  45:Src/stm32l4xx_hal_msp.c **** 
  46:Src/stm32l4xx_hal_msp.c **** /* USER CODE END Includes */
  47:Src/stm32l4xx_hal_msp.c **** 
  48:Src/stm32l4xx_hal_msp.c **** /* Private typedef -----------------------------------------------------------*/
  49:Src/stm32l4xx_hal_msp.c **** /* USER CODE BEGIN TD */
  50:Src/stm32l4xx_hal_msp.c **** 
  51:Src/stm32l4xx_hal_msp.c **** /* USER CODE END TD */
  52:Src/stm32l4xx_hal_msp.c **** 
  53:Src/stm32l4xx_hal_msp.c **** /* Private define ------------------------------------------------------------*/
  54:Src/stm32l4xx_hal_msp.c **** /* USER CODE BEGIN Define */
  55:Src/stm32l4xx_hal_msp.c ****  
  56:Src/stm32l4xx_hal_msp.c **** /* USER CODE END Define */
  57:Src/stm32l4xx_hal_msp.c **** 
  58:Src/stm32l4xx_hal_msp.c **** /* Private macro -------------------------------------------------------------*/
  59:Src/stm32l4xx_hal_msp.c **** /* USER CODE BEGIN Macro */
  60:Src/stm32l4xx_hal_msp.c **** 
  61:Src/stm32l4xx_hal_msp.c **** /* USER CODE END Macro */
  62:Src/stm32l4xx_hal_msp.c **** 
  63:Src/stm32l4xx_hal_msp.c **** /* Private variables ---------------------------------------------------------*/
  64:Src/stm32l4xx_hal_msp.c **** /* USER CODE BEGIN PV */
  65:Src/stm32l4xx_hal_msp.c **** 
  66:Src/stm32l4xx_hal_msp.c **** /* USER CODE END PV */
  67:Src/stm32l4xx_hal_msp.c **** 
  68:Src/stm32l4xx_hal_msp.c **** /* Private function prototypes -----------------------------------------------*/
  69:Src/stm32l4xx_hal_msp.c **** /* USER CODE BEGIN PFP */
  70:Src/stm32l4xx_hal_msp.c **** 
  71:Src/stm32l4xx_hal_msp.c **** /* USER CODE END PFP */
  72:Src/stm32l4xx_hal_msp.c **** 
  73:Src/stm32l4xx_hal_msp.c **** /* External functions --------------------------------------------------------*/
  74:Src/stm32l4xx_hal_msp.c **** /* USER CODE BEGIN ExternalFunctions */
  75:Src/stm32l4xx_hal_msp.c **** 
  76:Src/stm32l4xx_hal_msp.c **** /* USER CODE END ExternalFunctions */
  77:Src/stm32l4xx_hal_msp.c **** 
  78:Src/stm32l4xx_hal_msp.c **** /* USER CODE BEGIN 0 */
  79:Src/stm32l4xx_hal_msp.c **** 
  80:Src/stm32l4xx_hal_msp.c **** /* USER CODE END 0 */
  81:Src/stm32l4xx_hal_msp.c **** /**
  82:Src/stm32l4xx_hal_msp.c ****   * Initializes the Global MSP.
  83:Src/stm32l4xx_hal_msp.c ****   */
  84:Src/stm32l4xx_hal_msp.c **** void HAL_MspInit(void)
  85:Src/stm32l4xx_hal_msp.c **** {
  29              		.loc 1 85 1 view -0
  30              		.cfi_startproc
ARM GAS  /tmp/ccuGkAff.s 			page 3


  31              		@ args = 0, pretend = 0, frame = 8
  32              		@ frame_needed = 0, uses_anonymous_args = 0
  33              		@ link register save eliminated.
  34 0000 82B0     		sub	sp, sp, #8
  35              	.LCFI0:
  36              		.cfi_def_cfa_offset 8
  86:Src/stm32l4xx_hal_msp.c ****   /* USER CODE BEGIN MspInit 0 */
  87:Src/stm32l4xx_hal_msp.c **** 
  88:Src/stm32l4xx_hal_msp.c ****   /* USER CODE END MspInit 0 */
  89:Src/stm32l4xx_hal_msp.c **** 
  90:Src/stm32l4xx_hal_msp.c ****   __HAL_RCC_SYSCFG_CLK_ENABLE();
  37              		.loc 1 90 3 view .LVU1
  38              	.LBB2:
  39              		.loc 1 90 3 view .LVU2
  40              		.loc 1 90 3 view .LVU3
  41 0002 0A4B     		ldr	r3, .L3
  42 0004 1A6E     		ldr	r2, [r3, #96]
  43 0006 42F00102 		orr	r2, r2, #1
  44 000a 1A66     		str	r2, [r3, #96]
  45              		.loc 1 90 3 view .LVU4
  46 000c 1A6E     		ldr	r2, [r3, #96]
  47 000e 02F00102 		and	r2, r2, #1
  48 0012 0092     		str	r2, [sp]
  49              		.loc 1 90 3 view .LVU5
  50 0014 009A     		ldr	r2, [sp]
  51              	.LBE2:
  52              		.loc 1 90 3 view .LVU6
  91:Src/stm32l4xx_hal_msp.c ****   __HAL_RCC_PWR_CLK_ENABLE();
  53              		.loc 1 91 3 view .LVU7
  54              	.LBB3:
  55              		.loc 1 91 3 view .LVU8
  56              		.loc 1 91 3 view .LVU9
  57 0016 9A6D     		ldr	r2, [r3, #88]
  58 0018 42F08052 		orr	r2, r2, #268435456
  59 001c 9A65     		str	r2, [r3, #88]
  60              		.loc 1 91 3 view .LVU10
  61 001e 9B6D     		ldr	r3, [r3, #88]
  62 0020 03F08053 		and	r3, r3, #268435456
  63 0024 0193     		str	r3, [sp, #4]
  64              		.loc 1 91 3 view .LVU11
  65 0026 019B     		ldr	r3, [sp, #4]
  66              	.LBE3:
  67              		.loc 1 91 3 view .LVU12
  92:Src/stm32l4xx_hal_msp.c **** 
  93:Src/stm32l4xx_hal_msp.c ****   /* System interrupt init*/
  94:Src/stm32l4xx_hal_msp.c **** 
  95:Src/stm32l4xx_hal_msp.c ****   /* USER CODE BEGIN MspInit 1 */
  96:Src/stm32l4xx_hal_msp.c **** 
  97:Src/stm32l4xx_hal_msp.c ****   /* USER CODE END MspInit 1 */
  98:Src/stm32l4xx_hal_msp.c **** }
  68              		.loc 1 98 1 is_stmt 0 view .LVU13
  69 0028 02B0     		add	sp, sp, #8
  70              	.LCFI1:
  71              		.cfi_def_cfa_offset 0
  72              		@ sp needed
  73 002a 7047     		bx	lr
  74              	.L4:
ARM GAS  /tmp/ccuGkAff.s 			page 4


  75              		.align	2
  76              	.L3:
  77 002c 00100240 		.word	1073876992
  78              		.cfi_endproc
  79              	.LFE123:
  81              		.section	.text.HAL_UART_MspInit,"ax",%progbits
  82              		.align	1
  83              		.global	HAL_UART_MspInit
  84              		.syntax unified
  85              		.thumb
  86              		.thumb_func
  87              		.fpu fpv4-sp-d16
  89              	HAL_UART_MspInit:
  90              	.LVL0:
  91              	.LFB124:
  99:Src/stm32l4xx_hal_msp.c **** 
 100:Src/stm32l4xx_hal_msp.c **** /**
 101:Src/stm32l4xx_hal_msp.c **** * @brief UART MSP Initialization
 102:Src/stm32l4xx_hal_msp.c **** * This function configures the hardware resources used in this example
 103:Src/stm32l4xx_hal_msp.c **** * @param huart: UART handle pointer
 104:Src/stm32l4xx_hal_msp.c **** * @retval None
 105:Src/stm32l4xx_hal_msp.c **** */
 106:Src/stm32l4xx_hal_msp.c **** void HAL_UART_MspInit(UART_HandleTypeDef* huart)
 107:Src/stm32l4xx_hal_msp.c **** {
  92              		.loc 1 107 1 is_stmt 1 view -0
  93              		.cfi_startproc
  94              		@ args = 0, pretend = 0, frame = 32
  95              		@ frame_needed = 0, uses_anonymous_args = 0
  96              		.loc 1 107 1 is_stmt 0 view .LVU15
  97 0000 30B5     		push	{r4, r5, lr}
  98              	.LCFI2:
  99              		.cfi_def_cfa_offset 12
 100              		.cfi_offset 4, -12
 101              		.cfi_offset 5, -8
 102              		.cfi_offset 14, -4
 103 0002 89B0     		sub	sp, sp, #36
 104              	.LCFI3:
 105              		.cfi_def_cfa_offset 48
 108:Src/stm32l4xx_hal_msp.c **** 
 109:Src/stm32l4xx_hal_msp.c ****   GPIO_InitTypeDef GPIO_InitStruct = {0};
 106              		.loc 1 109 3 is_stmt 1 view .LVU16
 107              		.loc 1 109 20 is_stmt 0 view .LVU17
 108 0004 0023     		movs	r3, #0
 109 0006 0393     		str	r3, [sp, #12]
 110 0008 0493     		str	r3, [sp, #16]
 111 000a 0593     		str	r3, [sp, #20]
 112 000c 0693     		str	r3, [sp, #24]
 113 000e 0793     		str	r3, [sp, #28]
 110:Src/stm32l4xx_hal_msp.c ****   if(huart->Instance==USART2)
 114              		.loc 1 110 3 is_stmt 1 view .LVU18
 115              		.loc 1 110 11 is_stmt 0 view .LVU19
 116 0010 0268     		ldr	r2, [r0]
 117              		.loc 1 110 5 view .LVU20
 118 0012 1A4B     		ldr	r3, .L9
 119 0014 9A42     		cmp	r2, r3
 120 0016 01D0     		beq	.L8
 121              	.LVL1:
ARM GAS  /tmp/ccuGkAff.s 			page 5


 122              	.L5:
 111:Src/stm32l4xx_hal_msp.c ****   {
 112:Src/stm32l4xx_hal_msp.c ****   /* USER CODE BEGIN USART2_MspInit 0 */
 113:Src/stm32l4xx_hal_msp.c **** 
 114:Src/stm32l4xx_hal_msp.c ****   /* USER CODE END USART2_MspInit 0 */
 115:Src/stm32l4xx_hal_msp.c ****     /* Peripheral clock enable */
 116:Src/stm32l4xx_hal_msp.c ****     __HAL_RCC_USART2_CLK_ENABLE();
 117:Src/stm32l4xx_hal_msp.c ****   
 118:Src/stm32l4xx_hal_msp.c ****     __HAL_RCC_GPIOA_CLK_ENABLE();
 119:Src/stm32l4xx_hal_msp.c ****     /**USART2 GPIO Configuration    
 120:Src/stm32l4xx_hal_msp.c ****     PA2     ------> USART2_TX
 121:Src/stm32l4xx_hal_msp.c ****     PA15 (JTDI)     ------> USART2_RX 
 122:Src/stm32l4xx_hal_msp.c ****     */
 123:Src/stm32l4xx_hal_msp.c ****     GPIO_InitStruct.Pin = VCP_TX_Pin;
 124:Src/stm32l4xx_hal_msp.c ****     GPIO_InitStruct.Mode = GPIO_MODE_AF_PP;
 125:Src/stm32l4xx_hal_msp.c ****     GPIO_InitStruct.Pull = GPIO_NOPULL;
 126:Src/stm32l4xx_hal_msp.c ****     GPIO_InitStruct.Speed = GPIO_SPEED_FREQ_VERY_HIGH;
 127:Src/stm32l4xx_hal_msp.c ****     GPIO_InitStruct.Alternate = GPIO_AF7_USART2;
 128:Src/stm32l4xx_hal_msp.c ****     HAL_GPIO_Init(VCP_TX_GPIO_Port, &GPIO_InitStruct);
 129:Src/stm32l4xx_hal_msp.c **** 
 130:Src/stm32l4xx_hal_msp.c ****     GPIO_InitStruct.Pin = VCP_RX_Pin;
 131:Src/stm32l4xx_hal_msp.c ****     GPIO_InitStruct.Mode = GPIO_MODE_AF_PP;
 132:Src/stm32l4xx_hal_msp.c ****     GPIO_InitStruct.Pull = GPIO_NOPULL;
 133:Src/stm32l4xx_hal_msp.c ****     GPIO_InitStruct.Speed = GPIO_SPEED_FREQ_VERY_HIGH;
 134:Src/stm32l4xx_hal_msp.c ****     GPIO_InitStruct.Alternate = GPIO_AF3_USART2;
 135:Src/stm32l4xx_hal_msp.c ****     HAL_GPIO_Init(VCP_RX_GPIO_Port, &GPIO_InitStruct);
 136:Src/stm32l4xx_hal_msp.c **** 
 137:Src/stm32l4xx_hal_msp.c ****   /* USER CODE BEGIN USART2_MspInit 1 */
 138:Src/stm32l4xx_hal_msp.c **** 
 139:Src/stm32l4xx_hal_msp.c ****   /* USER CODE END USART2_MspInit 1 */
 140:Src/stm32l4xx_hal_msp.c ****   }
 141:Src/stm32l4xx_hal_msp.c **** 
 142:Src/stm32l4xx_hal_msp.c **** }
 123              		.loc 1 142 1 view .LVU21
 124 0018 09B0     		add	sp, sp, #36
 125              	.LCFI4:
 126              		.cfi_remember_state
 127              		.cfi_def_cfa_offset 12
 128              		@ sp needed
 129 001a 30BD     		pop	{r4, r5, pc}
 130              	.LVL2:
 131              	.L8:
 132              	.LCFI5:
 133              		.cfi_restore_state
 116:Src/stm32l4xx_hal_msp.c ****   
 134              		.loc 1 116 5 is_stmt 1 view .LVU22
 135              	.LBB4:
 116:Src/stm32l4xx_hal_msp.c ****   
 136              		.loc 1 116 5 view .LVU23
 116:Src/stm32l4xx_hal_msp.c ****   
 137              		.loc 1 116 5 view .LVU24
 138 001c 03F5E633 		add	r3, r3, #117760
 139 0020 9A6D     		ldr	r2, [r3, #88]
 140 0022 42F40032 		orr	r2, r2, #131072
 141 0026 9A65     		str	r2, [r3, #88]
 116:Src/stm32l4xx_hal_msp.c ****   
 142              		.loc 1 116 5 view .LVU25
ARM GAS  /tmp/ccuGkAff.s 			page 6


 143 0028 9A6D     		ldr	r2, [r3, #88]
 144 002a 02F40032 		and	r2, r2, #131072
 145 002e 0192     		str	r2, [sp, #4]
 116:Src/stm32l4xx_hal_msp.c ****   
 146              		.loc 1 116 5 view .LVU26
 147 0030 019A     		ldr	r2, [sp, #4]
 148              	.LBE4:
 116:Src/stm32l4xx_hal_msp.c ****   
 149              		.loc 1 116 5 view .LVU27
 118:Src/stm32l4xx_hal_msp.c ****     /**USART2 GPIO Configuration    
 150              		.loc 1 118 5 view .LVU28
 151              	.LBB5:
 118:Src/stm32l4xx_hal_msp.c ****     /**USART2 GPIO Configuration    
 152              		.loc 1 118 5 view .LVU29
 118:Src/stm32l4xx_hal_msp.c ****     /**USART2 GPIO Configuration    
 153              		.loc 1 118 5 view .LVU30
 154 0032 DA6C     		ldr	r2, [r3, #76]
 155 0034 42F00102 		orr	r2, r2, #1
 156 0038 DA64     		str	r2, [r3, #76]
 118:Src/stm32l4xx_hal_msp.c ****     /**USART2 GPIO Configuration    
 157              		.loc 1 118 5 view .LVU31
 158 003a DB6C     		ldr	r3, [r3, #76]
 159 003c 03F00103 		and	r3, r3, #1
 160 0040 0293     		str	r3, [sp, #8]
 118:Src/stm32l4xx_hal_msp.c ****     /**USART2 GPIO Configuration    
 161              		.loc 1 118 5 view .LVU32
 162 0042 029B     		ldr	r3, [sp, #8]
 163              	.LBE5:
 118:Src/stm32l4xx_hal_msp.c ****     /**USART2 GPIO Configuration    
 164              		.loc 1 118 5 view .LVU33
 123:Src/stm32l4xx_hal_msp.c ****     GPIO_InitStruct.Mode = GPIO_MODE_AF_PP;
 165              		.loc 1 123 5 view .LVU34
 123:Src/stm32l4xx_hal_msp.c ****     GPIO_InitStruct.Mode = GPIO_MODE_AF_PP;
 166              		.loc 1 123 25 is_stmt 0 view .LVU35
 167 0044 0423     		movs	r3, #4
 168 0046 0393     		str	r3, [sp, #12]
 124:Src/stm32l4xx_hal_msp.c ****     GPIO_InitStruct.Pull = GPIO_NOPULL;
 169              		.loc 1 124 5 is_stmt 1 view .LVU36
 124:Src/stm32l4xx_hal_msp.c ****     GPIO_InitStruct.Pull = GPIO_NOPULL;
 170              		.loc 1 124 26 is_stmt 0 view .LVU37
 171 0048 0225     		movs	r5, #2
 172 004a 0495     		str	r5, [sp, #16]
 125:Src/stm32l4xx_hal_msp.c ****     GPIO_InitStruct.Speed = GPIO_SPEED_FREQ_VERY_HIGH;
 173              		.loc 1 125 5 is_stmt 1 view .LVU38
 126:Src/stm32l4xx_hal_msp.c ****     GPIO_InitStruct.Alternate = GPIO_AF7_USART2;
 174              		.loc 1 126 5 view .LVU39
 126:Src/stm32l4xx_hal_msp.c ****     GPIO_InitStruct.Alternate = GPIO_AF7_USART2;
 175              		.loc 1 126 27 is_stmt 0 view .LVU40
 176 004c 0324     		movs	r4, #3
 177 004e 0694     		str	r4, [sp, #24]
 127:Src/stm32l4xx_hal_msp.c ****     HAL_GPIO_Init(VCP_TX_GPIO_Port, &GPIO_InitStruct);
 178              		.loc 1 127 5 is_stmt 1 view .LVU41
 127:Src/stm32l4xx_hal_msp.c ****     HAL_GPIO_Init(VCP_TX_GPIO_Port, &GPIO_InitStruct);
 179              		.loc 1 127 31 is_stmt 0 view .LVU42
 180 0050 0723     		movs	r3, #7
 181 0052 0793     		str	r3, [sp, #28]
 128:Src/stm32l4xx_hal_msp.c **** 
ARM GAS  /tmp/ccuGkAff.s 			page 7


 182              		.loc 1 128 5 is_stmt 1 view .LVU43
 183 0054 03A9     		add	r1, sp, #12
 184 0056 4FF09040 		mov	r0, #1207959552
 185              	.LVL3:
 128:Src/stm32l4xx_hal_msp.c **** 
 186              		.loc 1 128 5 is_stmt 0 view .LVU44
 187 005a FFF7FEFF 		bl	HAL_GPIO_Init
 188              	.LVL4:
 130:Src/stm32l4xx_hal_msp.c ****     GPIO_InitStruct.Mode = GPIO_MODE_AF_PP;
 189              		.loc 1 130 5 is_stmt 1 view .LVU45
 130:Src/stm32l4xx_hal_msp.c ****     GPIO_InitStruct.Mode = GPIO_MODE_AF_PP;
 190              		.loc 1 130 25 is_stmt 0 view .LVU46
 191 005e 4FF40043 		mov	r3, #32768
 192 0062 0393     		str	r3, [sp, #12]
 131:Src/stm32l4xx_hal_msp.c ****     GPIO_InitStruct.Pull = GPIO_NOPULL;
 193              		.loc 1 131 5 is_stmt 1 view .LVU47
 131:Src/stm32l4xx_hal_msp.c ****     GPIO_InitStruct.Pull = GPIO_NOPULL;
 194              		.loc 1 131 26 is_stmt 0 view .LVU48
 195 0064 0495     		str	r5, [sp, #16]
 132:Src/stm32l4xx_hal_msp.c ****     GPIO_InitStruct.Speed = GPIO_SPEED_FREQ_VERY_HIGH;
 196              		.loc 1 132 5 is_stmt 1 view .LVU49
 132:Src/stm32l4xx_hal_msp.c ****     GPIO_InitStruct.Speed = GPIO_SPEED_FREQ_VERY_HIGH;
 197              		.loc 1 132 26 is_stmt 0 view .LVU50
 198 0066 0023     		movs	r3, #0
 199 0068 0593     		str	r3, [sp, #20]
 133:Src/stm32l4xx_hal_msp.c ****     GPIO_InitStruct.Alternate = GPIO_AF3_USART2;
 200              		.loc 1 133 5 is_stmt 1 view .LVU51
 133:Src/stm32l4xx_hal_msp.c ****     GPIO_InitStruct.Alternate = GPIO_AF3_USART2;
 201              		.loc 1 133 27 is_stmt 0 view .LVU52
 202 006a 0694     		str	r4, [sp, #24]
 134:Src/stm32l4xx_hal_msp.c ****     HAL_GPIO_Init(VCP_RX_GPIO_Port, &GPIO_InitStruct);
 203              		.loc 1 134 5 is_stmt 1 view .LVU53
 134:Src/stm32l4xx_hal_msp.c ****     HAL_GPIO_Init(VCP_RX_GPIO_Port, &GPIO_InitStruct);
 204              		.loc 1 134 31 is_stmt 0 view .LVU54
 205 006c 0794     		str	r4, [sp, #28]
 135:Src/stm32l4xx_hal_msp.c **** 
 206              		.loc 1 135 5 is_stmt 1 view .LVU55
 207 006e 03A9     		add	r1, sp, #12
 208 0070 4FF09040 		mov	r0, #1207959552
 209 0074 FFF7FEFF 		bl	HAL_GPIO_Init
 210              	.LVL5:
 211              		.loc 1 142 1 is_stmt 0 view .LVU56
 212 0078 CEE7     		b	.L5
 213              	.L10:
 214 007a 00BF     		.align	2
 215              	.L9:
 216 007c 00440040 		.word	1073759232
 217              		.cfi_endproc
 218              	.LFE124:
 220              		.section	.text.HAL_UART_MspDeInit,"ax",%progbits
 221              		.align	1
 222              		.global	HAL_UART_MspDeInit
 223              		.syntax unified
 224              		.thumb
 225              		.thumb_func
 226              		.fpu fpv4-sp-d16
 228              	HAL_UART_MspDeInit:
ARM GAS  /tmp/ccuGkAff.s 			page 8


 229              	.LVL6:
 230              	.LFB125:
 143:Src/stm32l4xx_hal_msp.c **** 
 144:Src/stm32l4xx_hal_msp.c **** /**
 145:Src/stm32l4xx_hal_msp.c **** * @brief UART MSP De-Initialization
 146:Src/stm32l4xx_hal_msp.c **** * This function freeze the hardware resources used in this example
 147:Src/stm32l4xx_hal_msp.c **** * @param huart: UART handle pointer
 148:Src/stm32l4xx_hal_msp.c **** * @retval None
 149:Src/stm32l4xx_hal_msp.c **** */
 150:Src/stm32l4xx_hal_msp.c **** 
 151:Src/stm32l4xx_hal_msp.c **** void HAL_UART_MspDeInit(UART_HandleTypeDef* huart)
 152:Src/stm32l4xx_hal_msp.c **** {
 231              		.loc 1 152 1 is_stmt 1 view -0
 232              		.cfi_startproc
 233              		@ args = 0, pretend = 0, frame = 0
 234              		@ frame_needed = 0, uses_anonymous_args = 0
 235              		.loc 1 152 1 is_stmt 0 view .LVU58
 236 0000 08B5     		push	{r3, lr}
 237              	.LCFI6:
 238              		.cfi_def_cfa_offset 8
 239              		.cfi_offset 3, -8
 240              		.cfi_offset 14, -4
 153:Src/stm32l4xx_hal_msp.c **** 
 154:Src/stm32l4xx_hal_msp.c ****   if(huart->Instance==USART2)
 241              		.loc 1 154 3 is_stmt 1 view .LVU59
 242              		.loc 1 154 11 is_stmt 0 view .LVU60
 243 0002 0268     		ldr	r2, [r0]
 244              		.loc 1 154 5 view .LVU61
 245 0004 074B     		ldr	r3, .L15
 246 0006 9A42     		cmp	r2, r3
 247 0008 00D0     		beq	.L14
 248              	.LVL7:
 249              	.L11:
 155:Src/stm32l4xx_hal_msp.c ****   {
 156:Src/stm32l4xx_hal_msp.c ****   /* USER CODE BEGIN USART2_MspDeInit 0 */
 157:Src/stm32l4xx_hal_msp.c **** 
 158:Src/stm32l4xx_hal_msp.c ****   /* USER CODE END USART2_MspDeInit 0 */
 159:Src/stm32l4xx_hal_msp.c ****     /* Peripheral clock disable */
 160:Src/stm32l4xx_hal_msp.c ****     __HAL_RCC_USART2_CLK_DISABLE();
 161:Src/stm32l4xx_hal_msp.c ****   
 162:Src/stm32l4xx_hal_msp.c ****     /**USART2 GPIO Configuration    
 163:Src/stm32l4xx_hal_msp.c ****     PA2     ------> USART2_TX
 164:Src/stm32l4xx_hal_msp.c ****     PA15 (JTDI)     ------> USART2_RX 
 165:Src/stm32l4xx_hal_msp.c ****     */
 166:Src/stm32l4xx_hal_msp.c ****     HAL_GPIO_DeInit(GPIOA, VCP_TX_Pin|VCP_RX_Pin);
 167:Src/stm32l4xx_hal_msp.c **** 
 168:Src/stm32l4xx_hal_msp.c ****   /* USER CODE BEGIN USART2_MspDeInit 1 */
 169:Src/stm32l4xx_hal_msp.c **** 
 170:Src/stm32l4xx_hal_msp.c ****   /* USER CODE END USART2_MspDeInit 1 */
 171:Src/stm32l4xx_hal_msp.c ****   }
 172:Src/stm32l4xx_hal_msp.c **** 
 173:Src/stm32l4xx_hal_msp.c **** }
 250              		.loc 1 173 1 view .LVU62
 251 000a 08BD     		pop	{r3, pc}
 252              	.LVL8:
 253              	.L14:
 160:Src/stm32l4xx_hal_msp.c ****   
ARM GAS  /tmp/ccuGkAff.s 			page 9


 254              		.loc 1 160 5 is_stmt 1 view .LVU63
 255 000c 064A     		ldr	r2, .L15+4
 256 000e 936D     		ldr	r3, [r2, #88]
 257 0010 23F40033 		bic	r3, r3, #131072
 258 0014 9365     		str	r3, [r2, #88]
 166:Src/stm32l4xx_hal_msp.c **** 
 259              		.loc 1 166 5 view .LVU64
 260 0016 48F20401 		movw	r1, #32772
 261 001a 4FF09040 		mov	r0, #1207959552
 262              	.LVL9:
 166:Src/stm32l4xx_hal_msp.c **** 
 263              		.loc 1 166 5 is_stmt 0 view .LVU65
 264 001e FFF7FEFF 		bl	HAL_GPIO_DeInit
 265              	.LVL10:
 266              		.loc 1 173 1 view .LVU66
 267 0022 F2E7     		b	.L11
 268              	.L16:
 269              		.align	2
 270              	.L15:
 271 0024 00440040 		.word	1073759232
 272 0028 00100240 		.word	1073876992
 273              		.cfi_endproc
 274              	.LFE125:
 276              		.text
 277              	.Letext0:
 278              		.file 2 "/opt/gcc-arm-none-eabi/gcc-arm-none-eabi-10-2020-q4-major/arm-none-eabi/include/machine/_
 279              		.file 3 "/opt/gcc-arm-none-eabi/gcc-arm-none-eabi-10-2020-q4-major/arm-none-eabi/include/sys/_stdi
 280              		.file 4 "Drivers/CMSIS/Device/ST/STM32L4xx/Include/stm32l432xx.h"
 281              		.file 5 "Drivers/STM32L4xx_HAL_Driver/Inc/stm32l4xx_hal_def.h"
 282              		.file 6 "Drivers/STM32L4xx_HAL_Driver/Inc/stm32l4xx_hal_gpio.h"
 283              		.file 7 "Drivers/STM32L4xx_HAL_Driver/Inc/stm32l4xx_hal_dma.h"
 284              		.file 8 "Drivers/STM32L4xx_HAL_Driver/Inc/stm32l4xx_hal_uart.h"
ARM GAS  /tmp/ccuGkAff.s 			page 10


DEFINED SYMBOLS
                            *ABS*:0000000000000000 stm32l4xx_hal_msp.c
     /tmp/ccuGkAff.s:18     .text.HAL_MspInit:0000000000000000 $t
     /tmp/ccuGkAff.s:26     .text.HAL_MspInit:0000000000000000 HAL_MspInit
     /tmp/ccuGkAff.s:77     .text.HAL_MspInit:000000000000002c $d
     /tmp/ccuGkAff.s:82     .text.HAL_UART_MspInit:0000000000000000 $t
     /tmp/ccuGkAff.s:89     .text.HAL_UART_MspInit:0000000000000000 HAL_UART_MspInit
     /tmp/ccuGkAff.s:216    .text.HAL_UART_MspInit:000000000000007c $d
     /tmp/ccuGkAff.s:221    .text.HAL_UART_MspDeInit:0000000000000000 $t
     /tmp/ccuGkAff.s:228    .text.HAL_UART_MspDeInit:0000000000000000 HAL_UART_MspDeInit
     /tmp/ccuGkAff.s:271    .text.HAL_UART_MspDeInit:0000000000000024 $d

UNDEFINED SYMBOLS
HAL_GPIO_Init
HAL_GPIO_DeInit
