ARM GAS  /tmp/ccV1xvLK.s 			page 1


   1              		.cpu cortex-m4
   2              		.eabi_attribute 27, 1
   3              		.eabi_attribute 28, 1
   4              		.eabi_attribute 20, 1
   5              		.eabi_attribute 21, 1
   6              		.eabi_attribute 23, 3
   7              		.eabi_attribute 24, 1
   8              		.eabi_attribute 25, 1
   9              		.eabi_attribute 26, 1
  10              		.eabi_attribute 30, 1
  11              		.eabi_attribute 34, 1
  12              		.eabi_attribute 18, 4
  13              		.file	"led.c"
  14              		.text
  15              	.Ltext0:
  16              		.cfi_sections	.debug_frame
  17              		.section	.rodata.lon_command.str1.4,"aMS",%progbits,1
  18              		.align	2
  19              	.LC0:
  20 0000 496E2063 		.ascii	"In custom function\012\015\000"
  20      7573746F 
  20      6D206675 
  20      6E637469 
  20      6F6E0A0D 
  21 0015 000000   		.align	2
  22              	.LC1:
  23 0018 4F4B0A0D 		.ascii	"OK\012\015\000"
  23      00
  24              		.section	.text.lon_command,"ax",%progbits
  25              		.align	1
  26              		.global	lon_command
  27              		.arch armv7e-m
  28              		.syntax unified
  29              		.thumb
  30              		.thumb_func
  31              		.fpu fpv4-sp-d16
  33              	lon_command:
  34              	.LVL0:
  35              	.LFB135:
  36              		.file 1 "Core/Src/led.c"
   1:Core/Src/led.c **** /* led.c
   2:Core/Src/led.c ****  * Description: 
   3:Core/Src/led.c ****  *
   4:Core/Src/led.c ****  * Author: Bryce Himebaugh 
   5:Core/Src/led.c ****  * Contact: bhimebau@indiana.edu
   6:Core/Src/led.c ****  * Date: 02.19.2021
   7:Core/Src/led.c ****  * Copyright (C) 2021
   8:Core/Src/led.c ****  *
   9:Core/Src/led.c ****  */
  10:Core/Src/led.c **** #include "main.h" 
  11:Core/Src/led.c **** #include <stdio.h>
  12:Core/Src/led.c **** 
  13:Core/Src/led.c **** void lon_command(char *arguments) {
  37              		.loc 1 13 35 view -0
  38              		.cfi_startproc
  39              		@ args = 0, pretend = 0, frame = 0
  40              		@ frame_needed = 0, uses_anonymous_args = 0
ARM GAS  /tmp/ccV1xvLK.s 			page 2


  41              		.loc 1 13 35 is_stmt 0 view .LVU1
  42 0000 08B5     		push	{r3, lr}
  43              	.LCFI0:
  44              		.cfi_def_cfa_offset 8
  45              		.cfi_offset 3, -8
  46              		.cfi_offset 14, -4
  14:Core/Src/led.c ****   printf("In custom function\n\r");
  47              		.loc 1 14 3 is_stmt 1 view .LVU2
  48 0002 0648     		ldr	r0, .L3
  49              	.LVL1:
  50              		.loc 1 14 3 is_stmt 0 view .LVU3
  51 0004 FFF7FEFF 		bl	printf
  52              	.LVL2:
  15:Core/Src/led.c ****   HAL_GPIO_WritePin(LD3_GPIO_Port, LD3_Pin, GPIO_PIN_SET);
  53              		.loc 1 15 3 is_stmt 1 view .LVU4
  54 0008 0122     		movs	r2, #1
  55 000a 0821     		movs	r1, #8
  56 000c 0448     		ldr	r0, .L3+4
  57 000e FFF7FEFF 		bl	HAL_GPIO_WritePin
  58              	.LVL3:
  16:Core/Src/led.c ****   printf("OK\n\r");
  59              		.loc 1 16 3 view .LVU5
  60 0012 0448     		ldr	r0, .L3+8
  61 0014 FFF7FEFF 		bl	printf
  62              	.LVL4:
  17:Core/Src/led.c **** }
  63              		.loc 1 17 1 is_stmt 0 view .LVU6
  64 0018 08BD     		pop	{r3, pc}
  65              	.L4:
  66 001a 00BF     		.align	2
  67              	.L3:
  68 001c 00000000 		.word	.LC0
  69 0020 00040048 		.word	1207960576
  70 0024 18000000 		.word	.LC1
  71              		.cfi_endproc
  72              	.LFE135:
  74              		.section	.rodata.lof_command.str1.4,"aMS",%progbits,1
  75              		.align	2
  76              	.LC2:
  77 0000 41726775 		.ascii	"Arguments: %s\012\015\000"
  77      6D656E74 
  77      733A2025 
  77      730A0D00 
  78              		.section	.text.lof_command,"ax",%progbits
  79              		.align	1
  80              		.global	lof_command
  81              		.syntax unified
  82              		.thumb
  83              		.thumb_func
  84              		.fpu fpv4-sp-d16
  86              	lof_command:
  87              	.LVL5:
  88              	.LFB136:
  18:Core/Src/led.c **** 
  19:Core/Src/led.c **** void lof_command(char *arguments) {
  89              		.loc 1 19 35 is_stmt 1 view -0
  90              		.cfi_startproc
ARM GAS  /tmp/ccV1xvLK.s 			page 3


  91              		@ args = 0, pretend = 0, frame = 0
  92              		@ frame_needed = 0, uses_anonymous_args = 0
  93              		.loc 1 19 35 is_stmt 0 view .LVU8
  94 0000 10B5     		push	{r4, lr}
  95              	.LCFI1:
  96              		.cfi_def_cfa_offset 8
  97              		.cfi_offset 4, -8
  98              		.cfi_offset 14, -4
  99 0002 0446     		mov	r4, r0
  20:Core/Src/led.c ****   printf("In custom function\n\r");
 100              		.loc 1 20 3 is_stmt 1 view .LVU9
 101 0004 0848     		ldr	r0, .L8
 102              	.LVL6:
 103              		.loc 1 20 3 is_stmt 0 view .LVU10
 104 0006 FFF7FEFF 		bl	printf
 105              	.LVL7:
  21:Core/Src/led.c ****   HAL_GPIO_WritePin(LD3_GPIO_Port, LD3_Pin, GPIO_PIN_RESET);
 106              		.loc 1 21 3 is_stmt 1 view .LVU11
 107 000a 0022     		movs	r2, #0
 108 000c 0821     		movs	r1, #8
 109 000e 0748     		ldr	r0, .L8+4
 110 0010 FFF7FEFF 		bl	HAL_GPIO_WritePin
 111              	.LVL8:
  22:Core/Src/led.c ****   if (arguments) {
 112              		.loc 1 22 3 view .LVU12
 113              		.loc 1 22 6 is_stmt 0 view .LVU13
 114 0014 1CB1     		cbz	r4, .L6
  23:Core/Src/led.c ****     printf("Arguments: %s\n\r",arguments);
 115              		.loc 1 23 5 is_stmt 1 view .LVU14
 116 0016 2146     		mov	r1, r4
 117 0018 0548     		ldr	r0, .L8+8
 118 001a FFF7FEFF 		bl	printf
 119              	.LVL9:
 120              	.L6:
  24:Core/Src/led.c ****   }
  25:Core/Src/led.c ****   printf("OK\n\r");
 121              		.loc 1 25 3 view .LVU15
 122 001e 0548     		ldr	r0, .L8+12
 123 0020 FFF7FEFF 		bl	printf
 124              	.LVL10:
  26:Core/Src/led.c **** }
 125              		.loc 1 26 1 is_stmt 0 view .LVU16
 126 0024 10BD     		pop	{r4, pc}
 127              	.LVL11:
 128              	.L9:
 129              		.loc 1 26 1 view .LVU17
 130 0026 00BF     		.align	2
 131              	.L8:
 132 0028 00000000 		.word	.LC0
 133 002c 00040048 		.word	1207960576
 134 0030 00000000 		.word	.LC2
 135 0034 18000000 		.word	.LC1
 136              		.cfi_endproc
 137              	.LFE136:
 139              		.text
 140              	.Letext0:
 141              		.file 2 "/opt/gcc-arm-none-eabi/gcc-arm-none-eabi-10-2020-q4-major/arm-none-eabi/include/machine/_
ARM GAS  /tmp/ccV1xvLK.s 			page 4


 142              		.file 3 "/opt/gcc-arm-none-eabi/gcc-arm-none-eabi-10-2020-q4-major/arm-none-eabi/include/sys/_stdi
 143              		.file 4 "Drivers/CMSIS/Device/ST/STM32L4xx/Include/stm32l432xx.h"
 144              		.file 5 "/opt/gcc-arm-none-eabi/gcc-arm-none-eabi-10-2020-q4-major/arm-none-eabi/include/stdio.h"
 145              		.file 6 "Drivers/STM32L4xx_HAL_Driver/Inc/stm32l4xx_hal_gpio.h"
ARM GAS  /tmp/ccV1xvLK.s 			page 5


DEFINED SYMBOLS
                            *ABS*:0000000000000000 led.c
     /tmp/ccV1xvLK.s:18     .rodata.lon_command.str1.4:0000000000000000 $d
     /tmp/ccV1xvLK.s:25     .text.lon_command:0000000000000000 $t
     /tmp/ccV1xvLK.s:33     .text.lon_command:0000000000000000 lon_command
     /tmp/ccV1xvLK.s:68     .text.lon_command:000000000000001c $d
     /tmp/ccV1xvLK.s:75     .rodata.lof_command.str1.4:0000000000000000 $d
     /tmp/ccV1xvLK.s:79     .text.lof_command:0000000000000000 $t
     /tmp/ccV1xvLK.s:86     .text.lof_command:0000000000000000 lof_command
     /tmp/ccV1xvLK.s:132    .text.lof_command:0000000000000028 $d

UNDEFINED SYMBOLS
printf
HAL_GPIO_WritePin
