ARM GAS  /tmp/ccTm4XIz.s 			page 1


   1              		.cpu cortex-m4
   2              		.eabi_attribute 27, 1
   3              		.eabi_attribute 28, 1
   4              		.eabi_attribute 20, 1
   5              		.eabi_attribute 21, 1
   6              		.eabi_attribute 23, 3
   7              		.eabi_attribute 24, 1
   8              		.eabi_attribute 25, 1
   9              		.eabi_attribute 26, 1
  10              		.eabi_attribute 30, 1
  11              		.eabi_attribute 34, 1
  12              		.eabi_attribute 18, 4
  13              		.file	"stm32l4xx_it.c"
  14              		.text
  15              	.Ltext0:
  16              		.cfi_sections	.debug_frame
  17              		.section	.text.NMI_Handler,"ax",%progbits
  18              		.align	1
  19              		.global	NMI_Handler
  20              		.arch armv7e-m
  21              		.syntax unified
  22              		.thumb
  23              		.thumb_func
  24              		.fpu fpv4-sp-d16
  26              	NMI_Handler:
  27              	.LFB135:
  28              		.file 1 "Core/Src/stm32l4xx_it.c"
   1:Core/Src/stm32l4xx_it.c **** /* USER CODE BEGIN Header */
   2:Core/Src/stm32l4xx_it.c **** /**
   3:Core/Src/stm32l4xx_it.c ****   ******************************************************************************
   4:Core/Src/stm32l4xx_it.c ****   * @file    stm32l4xx_it.c
   5:Core/Src/stm32l4xx_it.c ****   * @brief   Interrupt Service Routines.
   6:Core/Src/stm32l4xx_it.c ****   ******************************************************************************
   7:Core/Src/stm32l4xx_it.c ****   * @attention
   8:Core/Src/stm32l4xx_it.c ****   *
   9:Core/Src/stm32l4xx_it.c ****   * <h2><center>&copy; Copyright (c) 2021 STMicroelectronics.
  10:Core/Src/stm32l4xx_it.c ****   * All rights reserved.</center></h2>
  11:Core/Src/stm32l4xx_it.c ****   *
  12:Core/Src/stm32l4xx_it.c ****   * This software component is licensed by ST under BSD 3-Clause license,
  13:Core/Src/stm32l4xx_it.c ****   * the "License"; You may not use this file except in compliance with the
  14:Core/Src/stm32l4xx_it.c ****   * License. You may obtain a copy of the License at:
  15:Core/Src/stm32l4xx_it.c ****   *                        opensource.org/licenses/BSD-3-Clause
  16:Core/Src/stm32l4xx_it.c ****   *
  17:Core/Src/stm32l4xx_it.c ****   ******************************************************************************
  18:Core/Src/stm32l4xx_it.c ****   */
  19:Core/Src/stm32l4xx_it.c **** /* USER CODE END Header */
  20:Core/Src/stm32l4xx_it.c **** 
  21:Core/Src/stm32l4xx_it.c **** /* Includes ------------------------------------------------------------------*/
  22:Core/Src/stm32l4xx_it.c **** #include "main.h"
  23:Core/Src/stm32l4xx_it.c **** #include "stm32l4xx_it.h"
  24:Core/Src/stm32l4xx_it.c **** #include "queue.h"
  25:Core/Src/stm32l4xx_it.c **** #include <stdio.h>
  26:Core/Src/stm32l4xx_it.c **** /* Private includes ----------------------------------------------------------*/
  27:Core/Src/stm32l4xx_it.c **** /* USER CODE BEGIN Includes */
  28:Core/Src/stm32l4xx_it.c **** /* USER CODE END Includes */
  29:Core/Src/stm32l4xx_it.c **** 
  30:Core/Src/stm32l4xx_it.c **** /* Private typedef -----------------------------------------------------------*/
ARM GAS  /tmp/ccTm4XIz.s 			page 2


  31:Core/Src/stm32l4xx_it.c **** /* USER CODE BEGIN TD */
  32:Core/Src/stm32l4xx_it.c **** 
  33:Core/Src/stm32l4xx_it.c **** /* USER CODE END TD */
  34:Core/Src/stm32l4xx_it.c **** 
  35:Core/Src/stm32l4xx_it.c **** /* Private define ------------------------------------------------------------*/
  36:Core/Src/stm32l4xx_it.c **** /* USER CODE BEGIN PD */
  37:Core/Src/stm32l4xx_it.c **** 
  38:Core/Src/stm32l4xx_it.c **** /* USER CODE END PD */
  39:Core/Src/stm32l4xx_it.c **** 
  40:Core/Src/stm32l4xx_it.c **** /* Private macro -------------------------------------------------------------*/
  41:Core/Src/stm32l4xx_it.c **** /* USER CODE BEGIN PM */
  42:Core/Src/stm32l4xx_it.c **** 
  43:Core/Src/stm32l4xx_it.c **** /* USER CODE END PM */
  44:Core/Src/stm32l4xx_it.c **** 
  45:Core/Src/stm32l4xx_it.c **** /* Private variables ---------------------------------------------------------*/
  46:Core/Src/stm32l4xx_it.c **** /* USER CODE BEGIN PV */
  47:Core/Src/stm32l4xx_it.c **** /* USER CODE END PV */
  48:Core/Src/stm32l4xx_it.c **** 
  49:Core/Src/stm32l4xx_it.c **** /* Private function prototypes -----------------------------------------------*/
  50:Core/Src/stm32l4xx_it.c **** /* USER CODE BEGIN PFP */
  51:Core/Src/stm32l4xx_it.c **** 
  52:Core/Src/stm32l4xx_it.c **** /* USER CODE END PFP */
  53:Core/Src/stm32l4xx_it.c **** 
  54:Core/Src/stm32l4xx_it.c **** /* Private user code ---------------------------------------------------------*/
  55:Core/Src/stm32l4xx_it.c **** /* USER CODE BEGIN 0 */
  56:Core/Src/stm32l4xx_it.c **** 
  57:Core/Src/stm32l4xx_it.c **** /* USER CODE END 0 */
  58:Core/Src/stm32l4xx_it.c **** 
  59:Core/Src/stm32l4xx_it.c **** /* External variables --------------------------------------------------------*/
  60:Core/Src/stm32l4xx_it.c **** extern UART_HandleTypeDef huart2;
  61:Core/Src/stm32l4xx_it.c **** extern queue_t rx_queue;
  62:Core/Src/stm32l4xx_it.c **** /* USER CODE BEGIN EV */
  63:Core/Src/stm32l4xx_it.c **** 
  64:Core/Src/stm32l4xx_it.c **** /* USER CODE END EV */
  65:Core/Src/stm32l4xx_it.c **** 
  66:Core/Src/stm32l4xx_it.c **** /******************************************************************************/
  67:Core/Src/stm32l4xx_it.c **** /*           Cortex-M4 Processor Interruption and Exception Handlers          */
  68:Core/Src/stm32l4xx_it.c **** /******************************************************************************/
  69:Core/Src/stm32l4xx_it.c **** /**
  70:Core/Src/stm32l4xx_it.c ****   * @brief This function handles Non maskable interrupt.
  71:Core/Src/stm32l4xx_it.c ****   */
  72:Core/Src/stm32l4xx_it.c **** void NMI_Handler(void)
  73:Core/Src/stm32l4xx_it.c **** {
  29              		.loc 1 73 1 view -0
  30              		.cfi_startproc
  31              		@ Volatile: function does not return.
  32              		@ args = 0, pretend = 0, frame = 0
  33              		@ frame_needed = 0, uses_anonymous_args = 0
  34              		@ link register save eliminated.
  35              	.L2:
  74:Core/Src/stm32l4xx_it.c ****   /* USER CODE BEGIN NonMaskableInt_IRQn 0 */
  75:Core/Src/stm32l4xx_it.c **** 
  76:Core/Src/stm32l4xx_it.c ****   /* USER CODE END NonMaskableInt_IRQn 0 */
  77:Core/Src/stm32l4xx_it.c ****   /* USER CODE BEGIN NonMaskableInt_IRQn 1 */
  78:Core/Src/stm32l4xx_it.c ****   while (1)
  36              		.loc 1 78 3 discriminator 1 view .LVU1
  79:Core/Src/stm32l4xx_it.c ****   {
ARM GAS  /tmp/ccTm4XIz.s 			page 3


  80:Core/Src/stm32l4xx_it.c ****   }
  37              		.loc 1 80 3 discriminator 1 view .LVU2
  78:Core/Src/stm32l4xx_it.c ****   {
  38              		.loc 1 78 9 discriminator 1 view .LVU3
  39 0000 FEE7     		b	.L2
  40              		.cfi_endproc
  41              	.LFE135:
  43              		.section	.text.HardFault_Handler,"ax",%progbits
  44              		.align	1
  45              		.global	HardFault_Handler
  46              		.syntax unified
  47              		.thumb
  48              		.thumb_func
  49              		.fpu fpv4-sp-d16
  51              	HardFault_Handler:
  52              	.LFB136:
  81:Core/Src/stm32l4xx_it.c ****   /* USER CODE END NonMaskableInt_IRQn 1 */
  82:Core/Src/stm32l4xx_it.c **** }
  83:Core/Src/stm32l4xx_it.c **** 
  84:Core/Src/stm32l4xx_it.c **** /**
  85:Core/Src/stm32l4xx_it.c ****   * @brief This function handles Hard fault interrupt.
  86:Core/Src/stm32l4xx_it.c ****   */
  87:Core/Src/stm32l4xx_it.c **** void HardFault_Handler(void)
  88:Core/Src/stm32l4xx_it.c **** {
  53              		.loc 1 88 1 view -0
  54              		.cfi_startproc
  55              		@ Volatile: function does not return.
  56              		@ args = 0, pretend = 0, frame = 0
  57              		@ frame_needed = 0, uses_anonymous_args = 0
  58              		@ link register save eliminated.
  59              	.L4:
  89:Core/Src/stm32l4xx_it.c ****   /* USER CODE BEGIN HardFault_IRQn 0 */
  90:Core/Src/stm32l4xx_it.c **** 
  91:Core/Src/stm32l4xx_it.c ****   /* USER CODE END HardFault_IRQn 0 */
  92:Core/Src/stm32l4xx_it.c ****   while (1)
  60              		.loc 1 92 3 discriminator 1 view .LVU5
  93:Core/Src/stm32l4xx_it.c ****   {
  94:Core/Src/stm32l4xx_it.c ****     /* USER CODE BEGIN W1_HardFault_IRQn 0 */
  95:Core/Src/stm32l4xx_it.c ****     /* USER CODE END W1_HardFault_IRQn 0 */
  96:Core/Src/stm32l4xx_it.c ****   }
  61              		.loc 1 96 3 discriminator 1 view .LVU6
  92:Core/Src/stm32l4xx_it.c ****   {
  62              		.loc 1 92 9 discriminator 1 view .LVU7
  63 0000 FEE7     		b	.L4
  64              		.cfi_endproc
  65              	.LFE136:
  67              		.section	.text.MemManage_Handler,"ax",%progbits
  68              		.align	1
  69              		.global	MemManage_Handler
  70              		.syntax unified
  71              		.thumb
  72              		.thumb_func
  73              		.fpu fpv4-sp-d16
  75              	MemManage_Handler:
  76              	.LFB137:
  97:Core/Src/stm32l4xx_it.c **** }
  98:Core/Src/stm32l4xx_it.c **** 
ARM GAS  /tmp/ccTm4XIz.s 			page 4


  99:Core/Src/stm32l4xx_it.c **** /**
 100:Core/Src/stm32l4xx_it.c ****   * @brief This function handles Memory management fault.
 101:Core/Src/stm32l4xx_it.c ****   */
 102:Core/Src/stm32l4xx_it.c **** void MemManage_Handler(void)
 103:Core/Src/stm32l4xx_it.c **** {
  77              		.loc 1 103 1 view -0
  78              		.cfi_startproc
  79              		@ Volatile: function does not return.
  80              		@ args = 0, pretend = 0, frame = 0
  81              		@ frame_needed = 0, uses_anonymous_args = 0
  82              		@ link register save eliminated.
  83              	.L6:
 104:Core/Src/stm32l4xx_it.c ****   /* USER CODE BEGIN MemoryManagement_IRQn 0 */
 105:Core/Src/stm32l4xx_it.c **** 
 106:Core/Src/stm32l4xx_it.c ****   /* USER CODE END MemoryManagement_IRQn 0 */
 107:Core/Src/stm32l4xx_it.c ****   while (1)
  84              		.loc 1 107 3 discriminator 1 view .LVU9
 108:Core/Src/stm32l4xx_it.c ****   {
 109:Core/Src/stm32l4xx_it.c ****     /* USER CODE BEGIN W1_MemoryManagement_IRQn 0 */
 110:Core/Src/stm32l4xx_it.c ****     /* USER CODE END W1_MemoryManagement_IRQn 0 */
 111:Core/Src/stm32l4xx_it.c ****   }
  85              		.loc 1 111 3 discriminator 1 view .LVU10
 107:Core/Src/stm32l4xx_it.c ****   {
  86              		.loc 1 107 9 discriminator 1 view .LVU11
  87 0000 FEE7     		b	.L6
  88              		.cfi_endproc
  89              	.LFE137:
  91              		.section	.text.BusFault_Handler,"ax",%progbits
  92              		.align	1
  93              		.global	BusFault_Handler
  94              		.syntax unified
  95              		.thumb
  96              		.thumb_func
  97              		.fpu fpv4-sp-d16
  99              	BusFault_Handler:
 100              	.LFB138:
 112:Core/Src/stm32l4xx_it.c **** }
 113:Core/Src/stm32l4xx_it.c **** 
 114:Core/Src/stm32l4xx_it.c **** /**
 115:Core/Src/stm32l4xx_it.c ****   * @brief This function handles Prefetch fault, memory access fault.
 116:Core/Src/stm32l4xx_it.c ****   */
 117:Core/Src/stm32l4xx_it.c **** void BusFault_Handler(void)
 118:Core/Src/stm32l4xx_it.c **** {
 101              		.loc 1 118 1 view -0
 102              		.cfi_startproc
 103              		@ Volatile: function does not return.
 104              		@ args = 0, pretend = 0, frame = 0
 105              		@ frame_needed = 0, uses_anonymous_args = 0
 106              		@ link register save eliminated.
 107              	.L8:
 119:Core/Src/stm32l4xx_it.c ****   /* USER CODE BEGIN BusFault_IRQn 0 */
 120:Core/Src/stm32l4xx_it.c **** 
 121:Core/Src/stm32l4xx_it.c ****   /* USER CODE END BusFault_IRQn 0 */
 122:Core/Src/stm32l4xx_it.c ****   while (1)
 108              		.loc 1 122 3 discriminator 1 view .LVU13
 123:Core/Src/stm32l4xx_it.c ****   {
 124:Core/Src/stm32l4xx_it.c ****     /* USER CODE BEGIN W1_BusFault_IRQn 0 */
ARM GAS  /tmp/ccTm4XIz.s 			page 5


 125:Core/Src/stm32l4xx_it.c ****     /* USER CODE END W1_BusFault_IRQn 0 */
 126:Core/Src/stm32l4xx_it.c ****   }
 109              		.loc 1 126 3 discriminator 1 view .LVU14
 122:Core/Src/stm32l4xx_it.c ****   {
 110              		.loc 1 122 9 discriminator 1 view .LVU15
 111 0000 FEE7     		b	.L8
 112              		.cfi_endproc
 113              	.LFE138:
 115              		.section	.text.UsageFault_Handler,"ax",%progbits
 116              		.align	1
 117              		.global	UsageFault_Handler
 118              		.syntax unified
 119              		.thumb
 120              		.thumb_func
 121              		.fpu fpv4-sp-d16
 123              	UsageFault_Handler:
 124              	.LFB139:
 127:Core/Src/stm32l4xx_it.c **** }
 128:Core/Src/stm32l4xx_it.c **** 
 129:Core/Src/stm32l4xx_it.c **** /**
 130:Core/Src/stm32l4xx_it.c ****   * @brief This function handles Undefined instruction or illegal state.
 131:Core/Src/stm32l4xx_it.c ****   */
 132:Core/Src/stm32l4xx_it.c **** void UsageFault_Handler(void)
 133:Core/Src/stm32l4xx_it.c **** {
 125              		.loc 1 133 1 view -0
 126              		.cfi_startproc
 127              		@ Volatile: function does not return.
 128              		@ args = 0, pretend = 0, frame = 0
 129              		@ frame_needed = 0, uses_anonymous_args = 0
 130              		@ link register save eliminated.
 131              	.L10:
 134:Core/Src/stm32l4xx_it.c ****   /* USER CODE BEGIN UsageFault_IRQn 0 */
 135:Core/Src/stm32l4xx_it.c **** 
 136:Core/Src/stm32l4xx_it.c ****   /* USER CODE END UsageFault_IRQn 0 */
 137:Core/Src/stm32l4xx_it.c ****   while (1)
 132              		.loc 1 137 3 discriminator 1 view .LVU17
 138:Core/Src/stm32l4xx_it.c ****   {
 139:Core/Src/stm32l4xx_it.c ****     /* USER CODE BEGIN W1_UsageFault_IRQn 0 */
 140:Core/Src/stm32l4xx_it.c ****     /* USER CODE END W1_UsageFault_IRQn 0 */
 141:Core/Src/stm32l4xx_it.c ****   }
 133              		.loc 1 141 3 discriminator 1 view .LVU18
 137:Core/Src/stm32l4xx_it.c ****   {
 134              		.loc 1 137 9 discriminator 1 view .LVU19
 135 0000 FEE7     		b	.L10
 136              		.cfi_endproc
 137              	.LFE139:
 139              		.section	.text.SVC_Handler,"ax",%progbits
 140              		.align	1
 141              		.global	SVC_Handler
 142              		.syntax unified
 143              		.thumb
 144              		.thumb_func
 145              		.fpu fpv4-sp-d16
 147              	SVC_Handler:
 148              	.LFB140:
 142:Core/Src/stm32l4xx_it.c **** }
 143:Core/Src/stm32l4xx_it.c **** 
ARM GAS  /tmp/ccTm4XIz.s 			page 6


 144:Core/Src/stm32l4xx_it.c **** /**
 145:Core/Src/stm32l4xx_it.c ****   * @brief This function handles System service call via SWI instruction.
 146:Core/Src/stm32l4xx_it.c ****   */
 147:Core/Src/stm32l4xx_it.c **** void SVC_Handler(void)
 148:Core/Src/stm32l4xx_it.c **** {
 149              		.loc 1 148 1 view -0
 150              		.cfi_startproc
 151              		@ args = 0, pretend = 0, frame = 0
 152              		@ frame_needed = 0, uses_anonymous_args = 0
 153              		@ link register save eliminated.
 149:Core/Src/stm32l4xx_it.c ****   /* USER CODE BEGIN SVCall_IRQn 0 */
 150:Core/Src/stm32l4xx_it.c **** 
 151:Core/Src/stm32l4xx_it.c ****   /* USER CODE END SVCall_IRQn 0 */
 152:Core/Src/stm32l4xx_it.c ****   /* USER CODE BEGIN SVCall_IRQn 1 */
 153:Core/Src/stm32l4xx_it.c **** 
 154:Core/Src/stm32l4xx_it.c ****   /* USER CODE END SVCall_IRQn 1 */
 155:Core/Src/stm32l4xx_it.c **** }
 154              		.loc 1 155 1 view .LVU21
 155 0000 7047     		bx	lr
 156              		.cfi_endproc
 157              	.LFE140:
 159              		.section	.text.DebugMon_Handler,"ax",%progbits
 160              		.align	1
 161              		.global	DebugMon_Handler
 162              		.syntax unified
 163              		.thumb
 164              		.thumb_func
 165              		.fpu fpv4-sp-d16
 167              	DebugMon_Handler:
 168              	.LFB141:
 156:Core/Src/stm32l4xx_it.c **** 
 157:Core/Src/stm32l4xx_it.c **** /**
 158:Core/Src/stm32l4xx_it.c ****   * @brief This function handles Debug monitor.
 159:Core/Src/stm32l4xx_it.c ****   */
 160:Core/Src/stm32l4xx_it.c **** void DebugMon_Handler(void)
 161:Core/Src/stm32l4xx_it.c **** {
 169              		.loc 1 161 1 view -0
 170              		.cfi_startproc
 171              		@ args = 0, pretend = 0, frame = 0
 172              		@ frame_needed = 0, uses_anonymous_args = 0
 173              		@ link register save eliminated.
 162:Core/Src/stm32l4xx_it.c ****   /* USER CODE BEGIN DebugMonitor_IRQn 0 */
 163:Core/Src/stm32l4xx_it.c **** 
 164:Core/Src/stm32l4xx_it.c ****   /* USER CODE END DebugMonitor_IRQn 0 */
 165:Core/Src/stm32l4xx_it.c ****   /* USER CODE BEGIN DebugMonitor_IRQn 1 */
 166:Core/Src/stm32l4xx_it.c **** 
 167:Core/Src/stm32l4xx_it.c ****   /* USER CODE END DebugMonitor_IRQn 1 */
 168:Core/Src/stm32l4xx_it.c **** }
 174              		.loc 1 168 1 view .LVU23
 175 0000 7047     		bx	lr
 176              		.cfi_endproc
 177              	.LFE141:
 179              		.section	.text.PendSV_Handler,"ax",%progbits
 180              		.align	1
 181              		.global	PendSV_Handler
 182              		.syntax unified
 183              		.thumb
ARM GAS  /tmp/ccTm4XIz.s 			page 7


 184              		.thumb_func
 185              		.fpu fpv4-sp-d16
 187              	PendSV_Handler:
 188              	.LFB142:
 169:Core/Src/stm32l4xx_it.c **** 
 170:Core/Src/stm32l4xx_it.c **** /**
 171:Core/Src/stm32l4xx_it.c ****   * @brief This function handles Pendable request for system service.
 172:Core/Src/stm32l4xx_it.c ****   */
 173:Core/Src/stm32l4xx_it.c **** void PendSV_Handler(void)
 174:Core/Src/stm32l4xx_it.c **** {
 189              		.loc 1 174 1 view -0
 190              		.cfi_startproc
 191              		@ args = 0, pretend = 0, frame = 0
 192              		@ frame_needed = 0, uses_anonymous_args = 0
 193              		@ link register save eliminated.
 175:Core/Src/stm32l4xx_it.c ****   /* USER CODE BEGIN PendSV_IRQn 0 */
 176:Core/Src/stm32l4xx_it.c **** 
 177:Core/Src/stm32l4xx_it.c ****   /* USER CODE END PendSV_IRQn 0 */
 178:Core/Src/stm32l4xx_it.c ****   /* USER CODE BEGIN PendSV_IRQn 1 */
 179:Core/Src/stm32l4xx_it.c **** 
 180:Core/Src/stm32l4xx_it.c ****   /* USER CODE END PendSV_IRQn 1 */
 181:Core/Src/stm32l4xx_it.c **** }
 194              		.loc 1 181 1 view .LVU25
 195 0000 7047     		bx	lr
 196              		.cfi_endproc
 197              	.LFE142:
 199              		.section	.text.SysTick_Handler,"ax",%progbits
 200              		.align	1
 201              		.global	SysTick_Handler
 202              		.syntax unified
 203              		.thumb
 204              		.thumb_func
 205              		.fpu fpv4-sp-d16
 207              	SysTick_Handler:
 208              	.LFB143:
 182:Core/Src/stm32l4xx_it.c **** 
 183:Core/Src/stm32l4xx_it.c **** /**
 184:Core/Src/stm32l4xx_it.c ****   * @brief This function handles System tick timer.
 185:Core/Src/stm32l4xx_it.c ****   */
 186:Core/Src/stm32l4xx_it.c **** void SysTick_Handler(void)
 187:Core/Src/stm32l4xx_it.c **** {
 209              		.loc 1 187 1 view -0
 210              		.cfi_startproc
 211              		@ args = 0, pretend = 0, frame = 0
 212              		@ frame_needed = 0, uses_anonymous_args = 0
 213 0000 08B5     		push	{r3, lr}
 214              	.LCFI0:
 215              		.cfi_def_cfa_offset 8
 216              		.cfi_offset 3, -8
 217              		.cfi_offset 14, -4
 188:Core/Src/stm32l4xx_it.c ****   /* USER CODE BEGIN SysTick_IRQn 0 */
 189:Core/Src/stm32l4xx_it.c **** 
 190:Core/Src/stm32l4xx_it.c ****   /* USER CODE END SysTick_IRQn 0 */
 191:Core/Src/stm32l4xx_it.c ****   HAL_IncTick();
 218              		.loc 1 191 3 view .LVU27
 219 0002 FFF7FEFF 		bl	HAL_IncTick
 220              	.LVL0:
ARM GAS  /tmp/ccTm4XIz.s 			page 8


 192:Core/Src/stm32l4xx_it.c ****   /* USER CODE BEGIN SysTick_IRQn 1 */
 193:Core/Src/stm32l4xx_it.c **** 
 194:Core/Src/stm32l4xx_it.c ****   /* USER CODE END SysTick_IRQn 1 */
 195:Core/Src/stm32l4xx_it.c **** }
 221              		.loc 1 195 1 is_stmt 0 view .LVU28
 222 0006 08BD     		pop	{r3, pc}
 223              		.cfi_endproc
 224              	.LFE143:
 226              		.section	.text.USART2_IRQHandler,"ax",%progbits
 227              		.align	1
 228              		.global	USART2_IRQHandler
 229              		.syntax unified
 230              		.thumb
 231              		.thumb_func
 232              		.fpu fpv4-sp-d16
 234              	USART2_IRQHandler:
 235              	.LFB144:
 196:Core/Src/stm32l4xx_it.c **** 
 197:Core/Src/stm32l4xx_it.c **** /******************************************************************************/
 198:Core/Src/stm32l4xx_it.c **** /* STM32L4xx Peripheral Interrupt Handlers                                    */
 199:Core/Src/stm32l4xx_it.c **** /* Add here the Interrupt Handlers for the used peripherals.                  */
 200:Core/Src/stm32l4xx_it.c **** /* For the available peripheral interrupt handler names,                      */
 201:Core/Src/stm32l4xx_it.c **** /* please refer to the startup file (startup_stm32l4xx.s).                    */
 202:Core/Src/stm32l4xx_it.c **** /******************************************************************************/
 203:Core/Src/stm32l4xx_it.c **** 
 204:Core/Src/stm32l4xx_it.c **** /**
 205:Core/Src/stm32l4xx_it.c ****   * @brief This function handles USART2 global interrupt.
 206:Core/Src/stm32l4xx_it.c ****   */
 207:Core/Src/stm32l4xx_it.c **** void USART2_IRQHandler(void)
 208:Core/Src/stm32l4xx_it.c **** {
 236              		.loc 1 208 1 is_stmt 1 view -0
 237              		.cfi_startproc
 238              		@ args = 0, pretend = 0, frame = 0
 239              		@ frame_needed = 0, uses_anonymous_args = 0
 240 0000 38B5     		push	{r3, r4, r5, lr}
 241              	.LCFI1:
 242              		.cfi_def_cfa_offset 16
 243              		.cfi_offset 3, -16
 244              		.cfi_offset 4, -12
 245              		.cfi_offset 5, -8
 246              		.cfi_offset 14, -4
 209:Core/Src/stm32l4xx_it.c ****   /* USER CODE BEGIN USART2_IRQn 0 */
 210:Core/Src/stm32l4xx_it.c ****   uint8_t ch;
 247              		.loc 1 210 3 view .LVU30
 211:Core/Src/stm32l4xx_it.c ****   ch = getchar();
 248              		.loc 1 211 3 view .LVU31
 249              		.loc 1 211 8 is_stmt 0 view .LVU32
 250 0002 FFF7FEFF 		bl	getchar
 251              	.LVL1:
 252              		.loc 1 211 6 view .LVU33
 253 0006 C4B2     		uxtb	r4, r0
 254              	.LVL2:
 212:Core/Src/stm32l4xx_it.c ****   if (enqueue(&rx_queue,ch)) {
 255              		.loc 1 212 3 is_stmt 1 view .LVU34
 256              		.loc 1 212 7 is_stmt 0 view .LVU35
 257 0008 2146     		mov	r1, r4
 258 000a 0848     		ldr	r0, .L20
ARM GAS  /tmp/ccTm4XIz.s 			page 9


 259 000c FFF7FEFF 		bl	enqueue
 260              	.LVL3:
 261              		.loc 1 212 6 view .LVU36
 262 0010 18B9     		cbnz	r0, .L19
 263              	.L17:
 213:Core/Src/stm32l4xx_it.c ****     dequeue(&rx_queue);
 214:Core/Src/stm32l4xx_it.c ****     enqueue(&rx_queue,ch);
 215:Core/Src/stm32l4xx_it.c ****   }
 216:Core/Src/stm32l4xx_it.c ****   /* USER CODE END USART2_IRQn 0 */
 217:Core/Src/stm32l4xx_it.c ****   HAL_UART_IRQHandler(&huart2);
 264              		.loc 1 217 3 is_stmt 1 view .LVU37
 265 0012 0748     		ldr	r0, .L20+4
 266 0014 FFF7FEFF 		bl	HAL_UART_IRQHandler
 267              	.LVL4:
 218:Core/Src/stm32l4xx_it.c ****   /* USER CODE BEGIN USART2_IRQn 1 */
 219:Core/Src/stm32l4xx_it.c **** 
 220:Core/Src/stm32l4xx_it.c ****   /* USER CODE END USART2_IRQn 1 */
 221:Core/Src/stm32l4xx_it.c **** }
 268              		.loc 1 221 1 is_stmt 0 view .LVU38
 269 0018 38BD     		pop	{r3, r4, r5, pc}
 270              	.LVL5:
 271              	.L19:
 213:Core/Src/stm32l4xx_it.c ****     dequeue(&rx_queue);
 272              		.loc 1 213 5 is_stmt 1 view .LVU39
 273 001a 044D     		ldr	r5, .L20
 274 001c 2846     		mov	r0, r5
 275 001e FFF7FEFF 		bl	dequeue
 276              	.LVL6:
 214:Core/Src/stm32l4xx_it.c ****   }
 277              		.loc 1 214 5 view .LVU40
 278 0022 2146     		mov	r1, r4
 279 0024 2846     		mov	r0, r5
 280 0026 FFF7FEFF 		bl	enqueue
 281              	.LVL7:
 282 002a F2E7     		b	.L17
 283              	.L21:
 284              		.align	2
 285              	.L20:
 286 002c 00000000 		.word	rx_queue
 287 0030 00000000 		.word	huart2
 288              		.cfi_endproc
 289              	.LFE144:
 291              		.text
 292              	.Letext0:
 293              		.file 2 "/opt/gcc-arm-none-eabi/gcc-arm-none-eabi-10-2020-q4-major/arm-none-eabi/include/machine/_
 294              		.file 3 "/opt/gcc-arm-none-eabi/gcc-arm-none-eabi-10-2020-q4-major/arm-none-eabi/include/sys/_stdi
 295              		.file 4 "Drivers/CMSIS/Device/ST/STM32L4xx/Include/stm32l432xx.h"
 296              		.file 5 "Drivers/STM32L4xx_HAL_Driver/Inc/stm32l4xx_hal_def.h"
 297              		.file 6 "Drivers/STM32L4xx_HAL_Driver/Inc/stm32l4xx_hal_dma.h"
 298              		.file 7 "Drivers/STM32L4xx_HAL_Driver/Inc/stm32l4xx_hal_uart.h"
 299              		.file 8 "Core/Inc/queue.h"
 300              		.file 9 "/opt/gcc-arm-none-eabi/gcc-arm-none-eabi-10-2020-q4-major/arm-none-eabi/include/stdio.h"
 301              		.file 10 "Drivers/STM32L4xx_HAL_Driver/Inc/stm32l4xx_hal.h"
ARM GAS  /tmp/ccTm4XIz.s 			page 10


DEFINED SYMBOLS
                            *ABS*:0000000000000000 stm32l4xx_it.c
     /tmp/ccTm4XIz.s:18     .text.NMI_Handler:0000000000000000 $t
     /tmp/ccTm4XIz.s:26     .text.NMI_Handler:0000000000000000 NMI_Handler
     /tmp/ccTm4XIz.s:44     .text.HardFault_Handler:0000000000000000 $t
     /tmp/ccTm4XIz.s:51     .text.HardFault_Handler:0000000000000000 HardFault_Handler
     /tmp/ccTm4XIz.s:68     .text.MemManage_Handler:0000000000000000 $t
     /tmp/ccTm4XIz.s:75     .text.MemManage_Handler:0000000000000000 MemManage_Handler
     /tmp/ccTm4XIz.s:92     .text.BusFault_Handler:0000000000000000 $t
     /tmp/ccTm4XIz.s:99     .text.BusFault_Handler:0000000000000000 BusFault_Handler
     /tmp/ccTm4XIz.s:116    .text.UsageFault_Handler:0000000000000000 $t
     /tmp/ccTm4XIz.s:123    .text.UsageFault_Handler:0000000000000000 UsageFault_Handler
     /tmp/ccTm4XIz.s:140    .text.SVC_Handler:0000000000000000 $t
     /tmp/ccTm4XIz.s:147    .text.SVC_Handler:0000000000000000 SVC_Handler
     /tmp/ccTm4XIz.s:160    .text.DebugMon_Handler:0000000000000000 $t
     /tmp/ccTm4XIz.s:167    .text.DebugMon_Handler:0000000000000000 DebugMon_Handler
     /tmp/ccTm4XIz.s:180    .text.PendSV_Handler:0000000000000000 $t
     /tmp/ccTm4XIz.s:187    .text.PendSV_Handler:0000000000000000 PendSV_Handler
     /tmp/ccTm4XIz.s:200    .text.SysTick_Handler:0000000000000000 $t
     /tmp/ccTm4XIz.s:207    .text.SysTick_Handler:0000000000000000 SysTick_Handler
     /tmp/ccTm4XIz.s:227    .text.USART2_IRQHandler:0000000000000000 $t
     /tmp/ccTm4XIz.s:234    .text.USART2_IRQHandler:0000000000000000 USART2_IRQHandler
     /tmp/ccTm4XIz.s:286    .text.USART2_IRQHandler:000000000000002c $d

UNDEFINED SYMBOLS
HAL_IncTick
getchar
enqueue
HAL_UART_IRQHandler
dequeue
rx_queue
huart2
