ARM GAS  /tmp/cc1xH7hd.s 			page 1


   1              		.cpu cortex-m4
   2              		.eabi_attribute 27, 1
   3              		.eabi_attribute 28, 1
   4              		.eabi_attribute 20, 1
   5              		.eabi_attribute 21, 1
   6              		.eabi_attribute 23, 3
   7              		.eabi_attribute 24, 1
   8              		.eabi_attribute 25, 1
   9              		.eabi_attribute 26, 1
  10              		.eabi_attribute 30, 1
  11              		.eabi_attribute 34, 1
  12              		.eabi_attribute 18, 4
  13              		.file	"deadbeef.c"
  14              		.text
  15              	.Ltext0:
  16              		.cfi_sections	.debug_frame
  17              		.section	.rodata.deadbeef_command.str1.4,"aMS",%progbits,1
  18              		.align	2
  19              	.LC0:
  20 0000 5265616C 		.ascii	"Real beef\012\015\000"
  20      20626565 
  20      660A0D00 
  21              		.align	2
  22              	.LC1:
  23 000c 4F4B0A0D 		.ascii	"OK\012\015\000"
  23      00
  24              		.section	.text.deadbeef_command,"ax",%progbits
  25              		.align	1
  26              		.global	deadbeef_command
  27              		.arch armv7e-m
  28              		.syntax unified
  29              		.thumb
  30              		.thumb_func
  31              		.fpu fpv4-sp-d16
  33              	deadbeef_command:
  34              	.LVL0:
  35              	.LFB291:
  36              		.file 1 "Core/Src/deadbeef.c"
   1:Core/Src/deadbeef.c **** /* deadbeef.c
   2:Core/Src/deadbeef.c ****  * Description: 
   3:Core/Src/deadbeef.c ****  *
   4:Core/Src/deadbeef.c ****  * Author: Bryce Himebaugh 
   5:Core/Src/deadbeef.c ****  * Contact: bhimebau@indiana.edu
   6:Core/Src/deadbeef.c ****  * Date: 03.12.2021
   7:Core/Src/deadbeef.c ****  * Copyright (C) 2021
   8:Core/Src/deadbeef.c ****  *
   9:Core/Src/deadbeef.c ****  */
  10:Core/Src/deadbeef.c **** 
  11:Core/Src/deadbeef.c **** #include "main.h"
  12:Core/Src/deadbeef.c **** #include "deadbeef.h"
  13:Core/Src/deadbeef.c **** #include <stdio.h>
  14:Core/Src/deadbeef.c **** 
  15:Core/Src/deadbeef.c **** void deadbeef_command(char *arguments) {
  37              		.loc 1 15 40 view -0
  38              		.cfi_startproc
  39              		@ args = 0, pretend = 0, frame = 0
  40              		@ frame_needed = 0, uses_anonymous_args = 0
ARM GAS  /tmp/cc1xH7hd.s 			page 2


  41              		.loc 1 15 40 is_stmt 0 view .LVU1
  42 0000 08B5     		push	{r3, lr}
  43              	.LCFI0:
  44              		.cfi_def_cfa_offset 8
  45              		.cfi_offset 3, -8
  46              		.cfi_offset 14, -4
  16:Core/Src/deadbeef.c ****   HAL_StatusTypeDef status = 0;
  47              		.loc 1 16 3 is_stmt 1 view .LVU2
  48              	.LVL1:
  17:Core/Src/deadbeef.c ****   printf("Real beef\n\r"); 
  49              		.loc 1 17 3 view .LVU3
  50 0002 0D48     		ldr	r0, .L5+8
  51              	.LVL2:
  52              		.loc 1 17 3 is_stmt 0 view .LVU4
  53 0004 FFF7FEFF 		bl	printf
  54              	.LVL3:
  18:Core/Src/deadbeef.c **** 
  19:Core/Src/deadbeef.c ****   HAL_FLASH_Unlock();
  55              		.loc 1 19 3 is_stmt 1 view .LVU5
  56 0008 FFF7FEFF 		bl	HAL_FLASH_Unlock
  57              	.LVL4:
  20:Core/Src/deadbeef.c ****   if ((status = HAL_FLASH_Program(FLASH_TYPEPROGRAM_DOUBLEWORD,0x0803FFF0, 0x123456780EADBEEF))) {
  58              		.loc 1 20 3 view .LVU6
  59              		.loc 1 20 17 is_stmt 0 view .LVU7
  60 000c 08A3     		adr	r3, .L5
  61 000e D3E90023 		ldrd	r2, [r3]
  62 0012 0A49     		ldr	r1, .L5+12
  63 0014 0020     		movs	r0, #0
  64 0016 FFF7FEFF 		bl	HAL_FLASH_Program
  65              	.LVL5:
  66              		.loc 1 20 6 view .LVU8
  67 001a 28B9     		cbnz	r0, .L4
  68              	.LVL6:
  69              	.L2:
  21:Core/Src/deadbeef.c ****     HAL_FLASH_Lock();
  22:Core/Src/deadbeef.c ****   }
  23:Core/Src/deadbeef.c ****   HAL_FLASH_Lock();
  70              		.loc 1 23 3 is_stmt 1 view .LVU9
  71 001c FFF7FEFF 		bl	HAL_FLASH_Lock
  72              	.LVL7:
  24:Core/Src/deadbeef.c ****   printf("OK\n\r");
  73              		.loc 1 24 3 view .LVU10
  74 0020 0748     		ldr	r0, .L5+16
  75 0022 FFF7FEFF 		bl	printf
  76              	.LVL8:
  25:Core/Src/deadbeef.c **** }
  77              		.loc 1 25 1 is_stmt 0 view .LVU11
  78 0026 08BD     		pop	{r3, pc}
  79              	.LVL9:
  80              	.L4:
  21:Core/Src/deadbeef.c ****     HAL_FLASH_Lock();
  81              		.loc 1 21 5 is_stmt 1 view .LVU12
  82 0028 FFF7FEFF 		bl	HAL_FLASH_Lock
  83              	.LVL10:
  21:Core/Src/deadbeef.c ****     HAL_FLASH_Lock();
  84              		.loc 1 21 5 is_stmt 0 view .LVU13
  85 002c F6E7     		b	.L2
ARM GAS  /tmp/cc1xH7hd.s 			page 3


  86              	.L6:
  87 002e 00BF     		.align	3
  88              	.L5:
  89 0030 EFBEAD0E 		.word	246267631
  90 0034 78563412 		.word	305419896
  91 0038 00000000 		.word	.LC0
  92 003c F0FF0308 		.word	134479856
  93 0040 0C000000 		.word	.LC1
  94              		.cfi_endproc
  95              	.LFE291:
  97              		.text
  98              	.Letext0:
  99              		.file 2 "/opt/gcc-arm-none-eabi/gcc-arm-none-eabi-10-2020-q4-major/arm-none-eabi/include/machine/_
 100              		.file 3 "/opt/gcc-arm-none-eabi/gcc-arm-none-eabi-10-2020-q4-major/arm-none-eabi/include/sys/_stdi
 101              		.file 4 "Drivers/STM32L4xx_HAL_Driver/Inc/stm32l4xx_hal_def.h"
 102              		.file 5 "/opt/gcc-arm-none-eabi/gcc-arm-none-eabi-10-2020-q4-major/arm-none-eabi/include/stdio.h"
 103              		.file 6 "Drivers/STM32L4xx_HAL_Driver/Inc/stm32l4xx_hal_flash.h"
ARM GAS  /tmp/cc1xH7hd.s 			page 4


DEFINED SYMBOLS
                            *ABS*:0000000000000000 deadbeef.c
     /tmp/cc1xH7hd.s:18     .rodata.deadbeef_command.str1.4:0000000000000000 $d
     /tmp/cc1xH7hd.s:25     .text.deadbeef_command:0000000000000000 $t
     /tmp/cc1xH7hd.s:33     .text.deadbeef_command:0000000000000000 deadbeef_command
     /tmp/cc1xH7hd.s:89     .text.deadbeef_command:0000000000000030 $d

UNDEFINED SYMBOLS
printf
HAL_FLASH_Unlock
HAL_FLASH_Program
HAL_FLASH_Lock
