ARM GAS  /tmp/ccqxumUn.s 			page 1


   1              		.cpu cortex-m4
   2              		.eabi_attribute 27, 1
   3              		.eabi_attribute 28, 1
   4              		.eabi_attribute 20, 1
   5              		.eabi_attribute 21, 1
   6              		.eabi_attribute 23, 3
   7              		.eabi_attribute 24, 1
   8              		.eabi_attribute 25, 1
   9              		.eabi_attribute 26, 1
  10              		.eabi_attribute 30, 1
  11              		.eabi_attribute 34, 1
  12              		.eabi_attribute 18, 4
  13              		.file	"stm32l4xx_hal_msp.c"
  14              		.text
  15              	.Ltext0:
  16              		.cfi_sections	.debug_frame
  17              		.section	.text.HAL_MspInit,"ax",%progbits
  18              		.align	1
  19              		.global	HAL_MspInit
  20              		.arch armv7e-m
  21              		.syntax unified
  22              		.thumb
  23              		.thumb_func
  24              		.fpu fpv4-sp-d16
  26              	HAL_MspInit:
  27              	.LFB132:
  28              		.file 1 "Core/Src/stm32l4xx_hal_msp.c"
   1:Core/Src/stm32l4xx_hal_msp.c **** /* USER CODE BEGIN Header */
   2:Core/Src/stm32l4xx_hal_msp.c **** /**
   3:Core/Src/stm32l4xx_hal_msp.c ****   ******************************************************************************
   4:Core/Src/stm32l4xx_hal_msp.c ****   * @file         stm32l4xx_hal_msp.c
   5:Core/Src/stm32l4xx_hal_msp.c ****   * @brief        This file provides code for the MSP Initialization
   6:Core/Src/stm32l4xx_hal_msp.c ****   *               and de-Initialization codes.
   7:Core/Src/stm32l4xx_hal_msp.c ****   ******************************************************************************
   8:Core/Src/stm32l4xx_hal_msp.c ****   * @attention
   9:Core/Src/stm32l4xx_hal_msp.c ****   *
  10:Core/Src/stm32l4xx_hal_msp.c ****   * <h2><center>&copy; Copyright (c) 2021 STMicroelectronics.
  11:Core/Src/stm32l4xx_hal_msp.c ****   * All rights reserved.</center></h2>
  12:Core/Src/stm32l4xx_hal_msp.c ****   *
  13:Core/Src/stm32l4xx_hal_msp.c ****   * This software component is licensed by ST under BSD 3-Clause license,
  14:Core/Src/stm32l4xx_hal_msp.c ****   * the "License"; You may not use this file except in compliance with the
  15:Core/Src/stm32l4xx_hal_msp.c ****   * License. You may obtain a copy of the License at:
  16:Core/Src/stm32l4xx_hal_msp.c ****   *                        opensource.org/licenses/BSD-3-Clause
  17:Core/Src/stm32l4xx_hal_msp.c ****   *
  18:Core/Src/stm32l4xx_hal_msp.c ****   ******************************************************************************
  19:Core/Src/stm32l4xx_hal_msp.c ****   */
  20:Core/Src/stm32l4xx_hal_msp.c **** /* USER CODE END Header */
  21:Core/Src/stm32l4xx_hal_msp.c **** 
  22:Core/Src/stm32l4xx_hal_msp.c **** /* Includes ------------------------------------------------------------------*/
  23:Core/Src/stm32l4xx_hal_msp.c **** #include "main.h"
  24:Core/Src/stm32l4xx_hal_msp.c **** /* USER CODE BEGIN Includes */
  25:Core/Src/stm32l4xx_hal_msp.c **** 
  26:Core/Src/stm32l4xx_hal_msp.c **** /* USER CODE END Includes */
  27:Core/Src/stm32l4xx_hal_msp.c **** 
  28:Core/Src/stm32l4xx_hal_msp.c **** /* Private typedef -----------------------------------------------------------*/
  29:Core/Src/stm32l4xx_hal_msp.c **** /* USER CODE BEGIN TD */
  30:Core/Src/stm32l4xx_hal_msp.c **** 
ARM GAS  /tmp/ccqxumUn.s 			page 2


  31:Core/Src/stm32l4xx_hal_msp.c **** /* USER CODE END TD */
  32:Core/Src/stm32l4xx_hal_msp.c **** 
  33:Core/Src/stm32l4xx_hal_msp.c **** /* Private define ------------------------------------------------------------*/
  34:Core/Src/stm32l4xx_hal_msp.c **** /* USER CODE BEGIN Define */
  35:Core/Src/stm32l4xx_hal_msp.c **** 
  36:Core/Src/stm32l4xx_hal_msp.c **** /* USER CODE END Define */
  37:Core/Src/stm32l4xx_hal_msp.c **** 
  38:Core/Src/stm32l4xx_hal_msp.c **** /* Private macro -------------------------------------------------------------*/
  39:Core/Src/stm32l4xx_hal_msp.c **** /* USER CODE BEGIN Macro */
  40:Core/Src/stm32l4xx_hal_msp.c **** 
  41:Core/Src/stm32l4xx_hal_msp.c **** /* USER CODE END Macro */
  42:Core/Src/stm32l4xx_hal_msp.c **** 
  43:Core/Src/stm32l4xx_hal_msp.c **** /* Private variables ---------------------------------------------------------*/
  44:Core/Src/stm32l4xx_hal_msp.c **** /* USER CODE BEGIN PV */
  45:Core/Src/stm32l4xx_hal_msp.c **** 
  46:Core/Src/stm32l4xx_hal_msp.c **** /* USER CODE END PV */
  47:Core/Src/stm32l4xx_hal_msp.c **** 
  48:Core/Src/stm32l4xx_hal_msp.c **** /* Private function prototypes -----------------------------------------------*/
  49:Core/Src/stm32l4xx_hal_msp.c **** /* USER CODE BEGIN PFP */
  50:Core/Src/stm32l4xx_hal_msp.c **** 
  51:Core/Src/stm32l4xx_hal_msp.c **** /* USER CODE END PFP */
  52:Core/Src/stm32l4xx_hal_msp.c **** 
  53:Core/Src/stm32l4xx_hal_msp.c **** /* External functions --------------------------------------------------------*/
  54:Core/Src/stm32l4xx_hal_msp.c **** /* USER CODE BEGIN ExternalFunctions */
  55:Core/Src/stm32l4xx_hal_msp.c **** 
  56:Core/Src/stm32l4xx_hal_msp.c **** /* USER CODE END ExternalFunctions */
  57:Core/Src/stm32l4xx_hal_msp.c **** 
  58:Core/Src/stm32l4xx_hal_msp.c **** /* USER CODE BEGIN 0 */
  59:Core/Src/stm32l4xx_hal_msp.c **** 
  60:Core/Src/stm32l4xx_hal_msp.c **** /* USER CODE END 0 */
  61:Core/Src/stm32l4xx_hal_msp.c **** /**
  62:Core/Src/stm32l4xx_hal_msp.c ****   * Initializes the Global MSP.
  63:Core/Src/stm32l4xx_hal_msp.c ****   */
  64:Core/Src/stm32l4xx_hal_msp.c **** void HAL_MspInit(void)
  65:Core/Src/stm32l4xx_hal_msp.c **** {
  29              		.loc 1 65 1 view -0
  30              		.cfi_startproc
  31              		@ args = 0, pretend = 0, frame = 8
  32              		@ frame_needed = 0, uses_anonymous_args = 0
  33              		@ link register save eliminated.
  34 0000 82B0     		sub	sp, sp, #8
  35              	.LCFI0:
  36              		.cfi_def_cfa_offset 8
  66:Core/Src/stm32l4xx_hal_msp.c ****   /* USER CODE BEGIN MspInit 0 */
  67:Core/Src/stm32l4xx_hal_msp.c **** 
  68:Core/Src/stm32l4xx_hal_msp.c ****   /* USER CODE END MspInit 0 */
  69:Core/Src/stm32l4xx_hal_msp.c **** 
  70:Core/Src/stm32l4xx_hal_msp.c ****   __HAL_RCC_SYSCFG_CLK_ENABLE();
  37              		.loc 1 70 3 view .LVU1
  38              	.LBB2:
  39              		.loc 1 70 3 view .LVU2
  40              		.loc 1 70 3 view .LVU3
  41 0002 0A4B     		ldr	r3, .L3
  42 0004 1A6E     		ldr	r2, [r3, #96]
  43 0006 42F00102 		orr	r2, r2, #1
  44 000a 1A66     		str	r2, [r3, #96]
  45              		.loc 1 70 3 view .LVU4
ARM GAS  /tmp/ccqxumUn.s 			page 3


  46 000c 1A6E     		ldr	r2, [r3, #96]
  47 000e 02F00102 		and	r2, r2, #1
  48 0012 0092     		str	r2, [sp]
  49              		.loc 1 70 3 view .LVU5
  50 0014 009A     		ldr	r2, [sp]
  51              	.LBE2:
  52              		.loc 1 70 3 view .LVU6
  71:Core/Src/stm32l4xx_hal_msp.c ****   __HAL_RCC_PWR_CLK_ENABLE();
  53              		.loc 1 71 3 view .LVU7
  54              	.LBB3:
  55              		.loc 1 71 3 view .LVU8
  56              		.loc 1 71 3 view .LVU9
  57 0016 9A6D     		ldr	r2, [r3, #88]
  58 0018 42F08052 		orr	r2, r2, #268435456
  59 001c 9A65     		str	r2, [r3, #88]
  60              		.loc 1 71 3 view .LVU10
  61 001e 9B6D     		ldr	r3, [r3, #88]
  62 0020 03F08053 		and	r3, r3, #268435456
  63 0024 0193     		str	r3, [sp, #4]
  64              		.loc 1 71 3 view .LVU11
  65 0026 019B     		ldr	r3, [sp, #4]
  66              	.LBE3:
  67              		.loc 1 71 3 view .LVU12
  72:Core/Src/stm32l4xx_hal_msp.c **** 
  73:Core/Src/stm32l4xx_hal_msp.c ****   /* System interrupt init*/
  74:Core/Src/stm32l4xx_hal_msp.c **** 
  75:Core/Src/stm32l4xx_hal_msp.c ****   /* USER CODE BEGIN MspInit 1 */
  76:Core/Src/stm32l4xx_hal_msp.c **** 
  77:Core/Src/stm32l4xx_hal_msp.c ****   /* USER CODE END MspInit 1 */
  78:Core/Src/stm32l4xx_hal_msp.c **** }
  68              		.loc 1 78 1 is_stmt 0 view .LVU13
  69 0028 02B0     		add	sp, sp, #8
  70              	.LCFI1:
  71              		.cfi_def_cfa_offset 0
  72              		@ sp needed
  73 002a 7047     		bx	lr
  74              	.L4:
  75              		.align	2
  76              	.L3:
  77 002c 00100240 		.word	1073876992
  78              		.cfi_endproc
  79              	.LFE132:
  81              		.section	.text.HAL_UART_MspInit,"ax",%progbits
  82              		.align	1
  83              		.global	HAL_UART_MspInit
  84              		.syntax unified
  85              		.thumb
  86              		.thumb_func
  87              		.fpu fpv4-sp-d16
  89              	HAL_UART_MspInit:
  90              	.LVL0:
  91              	.LFB133:
  79:Core/Src/stm32l4xx_hal_msp.c **** 
  80:Core/Src/stm32l4xx_hal_msp.c **** /**
  81:Core/Src/stm32l4xx_hal_msp.c **** * @brief UART MSP Initialization
  82:Core/Src/stm32l4xx_hal_msp.c **** * This function configures the hardware resources used in this example
  83:Core/Src/stm32l4xx_hal_msp.c **** * @param huart: UART handle pointer
ARM GAS  /tmp/ccqxumUn.s 			page 4


  84:Core/Src/stm32l4xx_hal_msp.c **** * @retval None
  85:Core/Src/stm32l4xx_hal_msp.c **** */
  86:Core/Src/stm32l4xx_hal_msp.c **** void HAL_UART_MspInit(UART_HandleTypeDef* huart)
  87:Core/Src/stm32l4xx_hal_msp.c **** {
  92              		.loc 1 87 1 is_stmt 1 view -0
  93              		.cfi_startproc
  94              		@ args = 0, pretend = 0, frame = 32
  95              		@ frame_needed = 0, uses_anonymous_args = 0
  96              		.loc 1 87 1 is_stmt 0 view .LVU15
  97 0000 30B5     		push	{r4, r5, lr}
  98              	.LCFI2:
  99              		.cfi_def_cfa_offset 12
 100              		.cfi_offset 4, -12
 101              		.cfi_offset 5, -8
 102              		.cfi_offset 14, -4
 103 0002 89B0     		sub	sp, sp, #36
 104              	.LCFI3:
 105              		.cfi_def_cfa_offset 48
  88:Core/Src/stm32l4xx_hal_msp.c ****   GPIO_InitTypeDef GPIO_InitStruct = {0};
 106              		.loc 1 88 3 is_stmt 1 view .LVU16
 107              		.loc 1 88 20 is_stmt 0 view .LVU17
 108 0004 0023     		movs	r3, #0
 109 0006 0393     		str	r3, [sp, #12]
 110 0008 0493     		str	r3, [sp, #16]
 111 000a 0593     		str	r3, [sp, #20]
 112 000c 0693     		str	r3, [sp, #24]
 113 000e 0793     		str	r3, [sp, #28]
  89:Core/Src/stm32l4xx_hal_msp.c ****   if(huart->Instance==USART2)
 114              		.loc 1 89 3 is_stmt 1 view .LVU18
 115              		.loc 1 89 11 is_stmt 0 view .LVU19
 116 0010 0268     		ldr	r2, [r0]
 117              		.loc 1 89 5 view .LVU20
 118 0012 1A4B     		ldr	r3, .L9
 119 0014 9A42     		cmp	r2, r3
 120 0016 01D0     		beq	.L8
 121              	.LVL1:
 122              	.L5:
  90:Core/Src/stm32l4xx_hal_msp.c ****   {
  91:Core/Src/stm32l4xx_hal_msp.c ****   /* USER CODE BEGIN USART2_MspInit 0 */
  92:Core/Src/stm32l4xx_hal_msp.c **** 
  93:Core/Src/stm32l4xx_hal_msp.c ****   /* USER CODE END USART2_MspInit 0 */
  94:Core/Src/stm32l4xx_hal_msp.c ****     /* Peripheral clock enable */
  95:Core/Src/stm32l4xx_hal_msp.c ****     __HAL_RCC_USART2_CLK_ENABLE();
  96:Core/Src/stm32l4xx_hal_msp.c **** 
  97:Core/Src/stm32l4xx_hal_msp.c ****     __HAL_RCC_GPIOA_CLK_ENABLE();
  98:Core/Src/stm32l4xx_hal_msp.c ****     /**USART2 GPIO Configuration
  99:Core/Src/stm32l4xx_hal_msp.c ****     PA2     ------> USART2_TX
 100:Core/Src/stm32l4xx_hal_msp.c ****     PA15 (JTDI)     ------> USART2_RX
 101:Core/Src/stm32l4xx_hal_msp.c ****     */
 102:Core/Src/stm32l4xx_hal_msp.c ****     GPIO_InitStruct.Pin = VCP_TX_Pin;
 103:Core/Src/stm32l4xx_hal_msp.c ****     GPIO_InitStruct.Mode = GPIO_MODE_AF_PP;
 104:Core/Src/stm32l4xx_hal_msp.c ****     GPIO_InitStruct.Pull = GPIO_NOPULL;
 105:Core/Src/stm32l4xx_hal_msp.c ****     GPIO_InitStruct.Speed = GPIO_SPEED_FREQ_VERY_HIGH;
 106:Core/Src/stm32l4xx_hal_msp.c ****     GPIO_InitStruct.Alternate = GPIO_AF7_USART2;
 107:Core/Src/stm32l4xx_hal_msp.c ****     HAL_GPIO_Init(VCP_TX_GPIO_Port, &GPIO_InitStruct);
 108:Core/Src/stm32l4xx_hal_msp.c **** 
 109:Core/Src/stm32l4xx_hal_msp.c ****     GPIO_InitStruct.Pin = VCP_RX_Pin;
ARM GAS  /tmp/ccqxumUn.s 			page 5


 110:Core/Src/stm32l4xx_hal_msp.c ****     GPIO_InitStruct.Mode = GPIO_MODE_AF_PP;
 111:Core/Src/stm32l4xx_hal_msp.c ****     GPIO_InitStruct.Pull = GPIO_NOPULL;
 112:Core/Src/stm32l4xx_hal_msp.c ****     GPIO_InitStruct.Speed = GPIO_SPEED_FREQ_VERY_HIGH;
 113:Core/Src/stm32l4xx_hal_msp.c ****     GPIO_InitStruct.Alternate = GPIO_AF3_USART2;
 114:Core/Src/stm32l4xx_hal_msp.c ****     HAL_GPIO_Init(VCP_RX_GPIO_Port, &GPIO_InitStruct);
 115:Core/Src/stm32l4xx_hal_msp.c **** 
 116:Core/Src/stm32l4xx_hal_msp.c ****   /* USER CODE BEGIN USART2_MspInit 1 */
 117:Core/Src/stm32l4xx_hal_msp.c **** 
 118:Core/Src/stm32l4xx_hal_msp.c ****   /* USER CODE END USART2_MspInit 1 */
 119:Core/Src/stm32l4xx_hal_msp.c ****   }
 120:Core/Src/stm32l4xx_hal_msp.c **** 
 121:Core/Src/stm32l4xx_hal_msp.c **** }
 123              		.loc 1 121 1 view .LVU21
 124 0018 09B0     		add	sp, sp, #36
 125              	.LCFI4:
 126              		.cfi_remember_state
 127              		.cfi_def_cfa_offset 12
 128              		@ sp needed
 129 001a 30BD     		pop	{r4, r5, pc}
 130              	.LVL2:
 131              	.L8:
 132              	.LCFI5:
 133              		.cfi_restore_state
  95:Core/Src/stm32l4xx_hal_msp.c **** 
 134              		.loc 1 95 5 is_stmt 1 view .LVU22
 135              	.LBB4:
  95:Core/Src/stm32l4xx_hal_msp.c **** 
 136              		.loc 1 95 5 view .LVU23
  95:Core/Src/stm32l4xx_hal_msp.c **** 
 137              		.loc 1 95 5 view .LVU24
 138 001c 03F5E633 		add	r3, r3, #117760
 139 0020 9A6D     		ldr	r2, [r3, #88]
 140 0022 42F40032 		orr	r2, r2, #131072
 141 0026 9A65     		str	r2, [r3, #88]
  95:Core/Src/stm32l4xx_hal_msp.c **** 
 142              		.loc 1 95 5 view .LVU25
 143 0028 9A6D     		ldr	r2, [r3, #88]
 144 002a 02F40032 		and	r2, r2, #131072
 145 002e 0192     		str	r2, [sp, #4]
  95:Core/Src/stm32l4xx_hal_msp.c **** 
 146              		.loc 1 95 5 view .LVU26
 147 0030 019A     		ldr	r2, [sp, #4]
 148              	.LBE4:
  95:Core/Src/stm32l4xx_hal_msp.c **** 
 149              		.loc 1 95 5 view .LVU27
  97:Core/Src/stm32l4xx_hal_msp.c ****     /**USART2 GPIO Configuration
 150              		.loc 1 97 5 view .LVU28
 151              	.LBB5:
  97:Core/Src/stm32l4xx_hal_msp.c ****     /**USART2 GPIO Configuration
 152              		.loc 1 97 5 view .LVU29
  97:Core/Src/stm32l4xx_hal_msp.c ****     /**USART2 GPIO Configuration
 153              		.loc 1 97 5 view .LVU30
 154 0032 DA6C     		ldr	r2, [r3, #76]
 155 0034 42F00102 		orr	r2, r2, #1
 156 0038 DA64     		str	r2, [r3, #76]
  97:Core/Src/stm32l4xx_hal_msp.c ****     /**USART2 GPIO Configuration
 157              		.loc 1 97 5 view .LVU31
ARM GAS  /tmp/ccqxumUn.s 			page 6


 158 003a DB6C     		ldr	r3, [r3, #76]
 159 003c 03F00103 		and	r3, r3, #1
 160 0040 0293     		str	r3, [sp, #8]
  97:Core/Src/stm32l4xx_hal_msp.c ****     /**USART2 GPIO Configuration
 161              		.loc 1 97 5 view .LVU32
 162 0042 029B     		ldr	r3, [sp, #8]
 163              	.LBE5:
  97:Core/Src/stm32l4xx_hal_msp.c ****     /**USART2 GPIO Configuration
 164              		.loc 1 97 5 view .LVU33
 102:Core/Src/stm32l4xx_hal_msp.c ****     GPIO_InitStruct.Mode = GPIO_MODE_AF_PP;
 165              		.loc 1 102 5 view .LVU34
 102:Core/Src/stm32l4xx_hal_msp.c ****     GPIO_InitStruct.Mode = GPIO_MODE_AF_PP;
 166              		.loc 1 102 25 is_stmt 0 view .LVU35
 167 0044 0423     		movs	r3, #4
 168 0046 0393     		str	r3, [sp, #12]
 103:Core/Src/stm32l4xx_hal_msp.c ****     GPIO_InitStruct.Pull = GPIO_NOPULL;
 169              		.loc 1 103 5 is_stmt 1 view .LVU36
 103:Core/Src/stm32l4xx_hal_msp.c ****     GPIO_InitStruct.Pull = GPIO_NOPULL;
 170              		.loc 1 103 26 is_stmt 0 view .LVU37
 171 0048 0225     		movs	r5, #2
 172 004a 0495     		str	r5, [sp, #16]
 104:Core/Src/stm32l4xx_hal_msp.c ****     GPIO_InitStruct.Speed = GPIO_SPEED_FREQ_VERY_HIGH;
 173              		.loc 1 104 5 is_stmt 1 view .LVU38
 105:Core/Src/stm32l4xx_hal_msp.c ****     GPIO_InitStruct.Alternate = GPIO_AF7_USART2;
 174              		.loc 1 105 5 view .LVU39
 105:Core/Src/stm32l4xx_hal_msp.c ****     GPIO_InitStruct.Alternate = GPIO_AF7_USART2;
 175              		.loc 1 105 27 is_stmt 0 view .LVU40
 176 004c 0324     		movs	r4, #3
 177 004e 0694     		str	r4, [sp, #24]
 106:Core/Src/stm32l4xx_hal_msp.c ****     HAL_GPIO_Init(VCP_TX_GPIO_Port, &GPIO_InitStruct);
 178              		.loc 1 106 5 is_stmt 1 view .LVU41
 106:Core/Src/stm32l4xx_hal_msp.c ****     HAL_GPIO_Init(VCP_TX_GPIO_Port, &GPIO_InitStruct);
 179              		.loc 1 106 31 is_stmt 0 view .LVU42
 180 0050 0723     		movs	r3, #7
 181 0052 0793     		str	r3, [sp, #28]
 107:Core/Src/stm32l4xx_hal_msp.c **** 
 182              		.loc 1 107 5 is_stmt 1 view .LVU43
 183 0054 03A9     		add	r1, sp, #12
 184 0056 4FF09040 		mov	r0, #1207959552
 185              	.LVL3:
 107:Core/Src/stm32l4xx_hal_msp.c **** 
 186              		.loc 1 107 5 is_stmt 0 view .LVU44
 187 005a FFF7FEFF 		bl	HAL_GPIO_Init
 188              	.LVL4:
 109:Core/Src/stm32l4xx_hal_msp.c ****     GPIO_InitStruct.Mode = GPIO_MODE_AF_PP;
 189              		.loc 1 109 5 is_stmt 1 view .LVU45
 109:Core/Src/stm32l4xx_hal_msp.c ****     GPIO_InitStruct.Mode = GPIO_MODE_AF_PP;
 190              		.loc 1 109 25 is_stmt 0 view .LVU46
 191 005e 4FF40043 		mov	r3, #32768
 192 0062 0393     		str	r3, [sp, #12]
 110:Core/Src/stm32l4xx_hal_msp.c ****     GPIO_InitStruct.Pull = GPIO_NOPULL;
 193              		.loc 1 110 5 is_stmt 1 view .LVU47
 110:Core/Src/stm32l4xx_hal_msp.c ****     GPIO_InitStruct.Pull = GPIO_NOPULL;
 194              		.loc 1 110 26 is_stmt 0 view .LVU48
 195 0064 0495     		str	r5, [sp, #16]
 111:Core/Src/stm32l4xx_hal_msp.c ****     GPIO_InitStruct.Speed = GPIO_SPEED_FREQ_VERY_HIGH;
 196              		.loc 1 111 5 is_stmt 1 view .LVU49
ARM GAS  /tmp/ccqxumUn.s 			page 7


 111:Core/Src/stm32l4xx_hal_msp.c ****     GPIO_InitStruct.Speed = GPIO_SPEED_FREQ_VERY_HIGH;
 197              		.loc 1 111 26 is_stmt 0 view .LVU50
 198 0066 0023     		movs	r3, #0
 199 0068 0593     		str	r3, [sp, #20]
 112:Core/Src/stm32l4xx_hal_msp.c ****     GPIO_InitStruct.Alternate = GPIO_AF3_USART2;
 200              		.loc 1 112 5 is_stmt 1 view .LVU51
 112:Core/Src/stm32l4xx_hal_msp.c ****     GPIO_InitStruct.Alternate = GPIO_AF3_USART2;
 201              		.loc 1 112 27 is_stmt 0 view .LVU52
 202 006a 0694     		str	r4, [sp, #24]
 113:Core/Src/stm32l4xx_hal_msp.c ****     HAL_GPIO_Init(VCP_RX_GPIO_Port, &GPIO_InitStruct);
 203              		.loc 1 113 5 is_stmt 1 view .LVU53
 113:Core/Src/stm32l4xx_hal_msp.c ****     HAL_GPIO_Init(VCP_RX_GPIO_Port, &GPIO_InitStruct);
 204              		.loc 1 113 31 is_stmt 0 view .LVU54
 205 006c 0794     		str	r4, [sp, #28]
 114:Core/Src/stm32l4xx_hal_msp.c **** 
 206              		.loc 1 114 5 is_stmt 1 view .LVU55
 207 006e 03A9     		add	r1, sp, #12
 208 0070 4FF09040 		mov	r0, #1207959552
 209 0074 FFF7FEFF 		bl	HAL_GPIO_Init
 210              	.LVL5:
 211              		.loc 1 121 1 is_stmt 0 view .LVU56
 212 0078 CEE7     		b	.L5
 213              	.L10:
 214 007a 00BF     		.align	2
 215              	.L9:
 216 007c 00440040 		.word	1073759232
 217              		.cfi_endproc
 218              	.LFE133:
 220              		.section	.text.HAL_UART_MspDeInit,"ax",%progbits
 221              		.align	1
 222              		.global	HAL_UART_MspDeInit
 223              		.syntax unified
 224              		.thumb
 225              		.thumb_func
 226              		.fpu fpv4-sp-d16
 228              	HAL_UART_MspDeInit:
 229              	.LVL6:
 230              	.LFB134:
 122:Core/Src/stm32l4xx_hal_msp.c **** 
 123:Core/Src/stm32l4xx_hal_msp.c **** /**
 124:Core/Src/stm32l4xx_hal_msp.c **** * @brief UART MSP De-Initialization
 125:Core/Src/stm32l4xx_hal_msp.c **** * This function freeze the hardware resources used in this example
 126:Core/Src/stm32l4xx_hal_msp.c **** * @param huart: UART handle pointer
 127:Core/Src/stm32l4xx_hal_msp.c **** * @retval None
 128:Core/Src/stm32l4xx_hal_msp.c **** */
 129:Core/Src/stm32l4xx_hal_msp.c **** void HAL_UART_MspDeInit(UART_HandleTypeDef* huart)
 130:Core/Src/stm32l4xx_hal_msp.c **** {
 231              		.loc 1 130 1 is_stmt 1 view -0
 232              		.cfi_startproc
 233              		@ args = 0, pretend = 0, frame = 0
 234              		@ frame_needed = 0, uses_anonymous_args = 0
 235              		.loc 1 130 1 is_stmt 0 view .LVU58
 236 0000 08B5     		push	{r3, lr}
 237              	.LCFI6:
 238              		.cfi_def_cfa_offset 8
 239              		.cfi_offset 3, -8
 240              		.cfi_offset 14, -4
ARM GAS  /tmp/ccqxumUn.s 			page 8


 131:Core/Src/stm32l4xx_hal_msp.c ****   if(huart->Instance==USART2)
 241              		.loc 1 131 3 is_stmt 1 view .LVU59
 242              		.loc 1 131 11 is_stmt 0 view .LVU60
 243 0002 0268     		ldr	r2, [r0]
 244              		.loc 1 131 5 view .LVU61
 245 0004 074B     		ldr	r3, .L15
 246 0006 9A42     		cmp	r2, r3
 247 0008 00D0     		beq	.L14
 248              	.LVL7:
 249              	.L11:
 132:Core/Src/stm32l4xx_hal_msp.c ****   {
 133:Core/Src/stm32l4xx_hal_msp.c ****   /* USER CODE BEGIN USART2_MspDeInit 0 */
 134:Core/Src/stm32l4xx_hal_msp.c **** 
 135:Core/Src/stm32l4xx_hal_msp.c ****   /* USER CODE END USART2_MspDeInit 0 */
 136:Core/Src/stm32l4xx_hal_msp.c ****     /* Peripheral clock disable */
 137:Core/Src/stm32l4xx_hal_msp.c ****     __HAL_RCC_USART2_CLK_DISABLE();
 138:Core/Src/stm32l4xx_hal_msp.c **** 
 139:Core/Src/stm32l4xx_hal_msp.c ****     /**USART2 GPIO Configuration
 140:Core/Src/stm32l4xx_hal_msp.c ****     PA2     ------> USART2_TX
 141:Core/Src/stm32l4xx_hal_msp.c ****     PA15 (JTDI)     ------> USART2_RX
 142:Core/Src/stm32l4xx_hal_msp.c ****     */
 143:Core/Src/stm32l4xx_hal_msp.c ****     HAL_GPIO_DeInit(GPIOA, VCP_TX_Pin|VCP_RX_Pin);
 144:Core/Src/stm32l4xx_hal_msp.c **** 
 145:Core/Src/stm32l4xx_hal_msp.c ****   /* USER CODE BEGIN USART2_MspDeInit 1 */
 146:Core/Src/stm32l4xx_hal_msp.c **** 
 147:Core/Src/stm32l4xx_hal_msp.c ****   /* USER CODE END USART2_MspDeInit 1 */
 148:Core/Src/stm32l4xx_hal_msp.c ****   }
 149:Core/Src/stm32l4xx_hal_msp.c **** 
 150:Core/Src/stm32l4xx_hal_msp.c **** }
 250              		.loc 1 150 1 view .LVU62
 251 000a 08BD     		pop	{r3, pc}
 252              	.LVL8:
 253              	.L14:
 137:Core/Src/stm32l4xx_hal_msp.c **** 
 254              		.loc 1 137 5 is_stmt 1 view .LVU63
 255 000c 064A     		ldr	r2, .L15+4
 256 000e 936D     		ldr	r3, [r2, #88]
 257 0010 23F40033 		bic	r3, r3, #131072
 258 0014 9365     		str	r3, [r2, #88]
 143:Core/Src/stm32l4xx_hal_msp.c **** 
 259              		.loc 1 143 5 view .LVU64
 260 0016 48F20401 		movw	r1, #32772
 261 001a 4FF09040 		mov	r0, #1207959552
 262              	.LVL9:
 143:Core/Src/stm32l4xx_hal_msp.c **** 
 263              		.loc 1 143 5 is_stmt 0 view .LVU65
 264 001e FFF7FEFF 		bl	HAL_GPIO_DeInit
 265              	.LVL10:
 266              		.loc 1 150 1 view .LVU66
 267 0022 F2E7     		b	.L11
 268              	.L16:
 269              		.align	2
 270              	.L15:
 271 0024 00440040 		.word	1073759232
 272 0028 00100240 		.word	1073876992
 273              		.cfi_endproc
 274              	.LFE134:
ARM GAS  /tmp/ccqxumUn.s 			page 9


 276              		.text
 277              	.Letext0:
 278              		.file 2 "/opt/gcc-arm-none-eabi/gcc-arm-none-eabi-10-2020-q4-major/arm-none-eabi/include/machine/_
 279              		.file 3 "/opt/gcc-arm-none-eabi/gcc-arm-none-eabi-10-2020-q4-major/arm-none-eabi/include/sys/_stdi
 280              		.file 4 "Drivers/CMSIS/Device/ST/STM32L4xx/Include/stm32l432xx.h"
 281              		.file 5 "Drivers/STM32L4xx_HAL_Driver/Inc/stm32l4xx_hal_def.h"
 282              		.file 6 "Drivers/STM32L4xx_HAL_Driver/Inc/stm32l4xx_hal_gpio.h"
 283              		.file 7 "Drivers/STM32L4xx_HAL_Driver/Inc/stm32l4xx_hal_dma.h"
 284              		.file 8 "Drivers/STM32L4xx_HAL_Driver/Inc/stm32l4xx_hal_uart.h"
ARM GAS  /tmp/ccqxumUn.s 			page 10


DEFINED SYMBOLS
                            *ABS*:0000000000000000 stm32l4xx_hal_msp.c
     /tmp/ccqxumUn.s:18     .text.HAL_MspInit:0000000000000000 $t
     /tmp/ccqxumUn.s:26     .text.HAL_MspInit:0000000000000000 HAL_MspInit
     /tmp/ccqxumUn.s:77     .text.HAL_MspInit:000000000000002c $d
     /tmp/ccqxumUn.s:82     .text.HAL_UART_MspInit:0000000000000000 $t
     /tmp/ccqxumUn.s:89     .text.HAL_UART_MspInit:0000000000000000 HAL_UART_MspInit
     /tmp/ccqxumUn.s:216    .text.HAL_UART_MspInit:000000000000007c $d
     /tmp/ccqxumUn.s:221    .text.HAL_UART_MspDeInit:0000000000000000 $t
     /tmp/ccqxumUn.s:228    .text.HAL_UART_MspDeInit:0000000000000000 HAL_UART_MspDeInit
     /tmp/ccqxumUn.s:271    .text.HAL_UART_MspDeInit:0000000000000024 $d

UNDEFINED SYMBOLS
HAL_GPIO_Init
HAL_GPIO_DeInit
