ARM GAS  /tmp/ccOYcJJA.s 			page 1


   1              		.cpu cortex-m4
   2              		.eabi_attribute 27, 1
   3              		.eabi_attribute 28, 1
   4              		.eabi_attribute 20, 1
   5              		.eabi_attribute 21, 1
   6              		.eabi_attribute 23, 3
   7              		.eabi_attribute 24, 1
   8              		.eabi_attribute 25, 1
   9              		.eabi_attribute 26, 1
  10              		.eabi_attribute 30, 1
  11              		.eabi_attribute 34, 1
  12              		.eabi_attribute 18, 4
  13              		.file	"led.c"
  14              		.text
  15              	.Ltext0:
  16              		.cfi_sections	.debug_frame
  17              		.section	.text.lon,"ax",%progbits
  18              		.align	1
  19              		.global	lon
  20              		.arch armv7e-m
  21              		.syntax unified
  22              		.thumb
  23              		.thumb_func
  24              		.fpu fpv4-sp-d16
  26              	lon:
  27              	.LFB291:
  28              		.file 1 "Core/Src/led.c"
   1:Core/Src/led.c **** /* led.c
   2:Core/Src/led.c ****  * Description: 
   3:Core/Src/led.c ****  *
   4:Core/Src/led.c ****  * Author: Bryce Himebaugh 
   5:Core/Src/led.c ****  * Contact: bhimebau@indiana.edu
   6:Core/Src/led.c ****  * Date: 02.19.2021
   7:Core/Src/led.c ****  * Copyright (C) 2021
   8:Core/Src/led.c ****  *
   9:Core/Src/led.c ****  */
  10:Core/Src/led.c **** #include "main.h" 
  11:Core/Src/led.c **** #include <stdio.h>
  12:Core/Src/led.c **** 
  13:Core/Src/led.c **** 
  14:Core/Src/led.c **** void lon(void) {
  29              		.loc 1 14 16 view -0
  30              		.cfi_startproc
  31              		@ args = 0, pretend = 0, frame = 0
  32              		@ frame_needed = 0, uses_anonymous_args = 0
  33 0000 08B5     		push	{r3, lr}
  34              	.LCFI0:
  35              		.cfi_def_cfa_offset 8
  36              		.cfi_offset 3, -8
  37              		.cfi_offset 14, -4
  15:Core/Src/led.c ****   HAL_GPIO_WritePin(LD3_GPIO_Port, LD3_Pin, GPIO_PIN_SET);
  38              		.loc 1 15 3 view .LVU1
  39 0002 0122     		movs	r2, #1
  40 0004 0821     		movs	r1, #8
  41 0006 0248     		ldr	r0, .L3
  42 0008 FFF7FEFF 		bl	HAL_GPIO_WritePin
  43              	.LVL0:
ARM GAS  /tmp/ccOYcJJA.s 			page 2


  16:Core/Src/led.c **** }
  44              		.loc 1 16 1 is_stmt 0 view .LVU2
  45 000c 08BD     		pop	{r3, pc}
  46              	.L4:
  47 000e 00BF     		.align	2
  48              	.L3:
  49 0010 00040048 		.word	1207960576
  50              		.cfi_endproc
  51              	.LFE291:
  53              		.section	.text.lof,"ax",%progbits
  54              		.align	1
  55              		.global	lof
  56              		.syntax unified
  57              		.thumb
  58              		.thumb_func
  59              		.fpu fpv4-sp-d16
  61              	lof:
  62              	.LFB292:
  17:Core/Src/led.c **** 
  18:Core/Src/led.c **** void lof(void) {
  63              		.loc 1 18 16 is_stmt 1 view -0
  64              		.cfi_startproc
  65              		@ args = 0, pretend = 0, frame = 0
  66              		@ frame_needed = 0, uses_anonymous_args = 0
  67 0000 08B5     		push	{r3, lr}
  68              	.LCFI1:
  69              		.cfi_def_cfa_offset 8
  70              		.cfi_offset 3, -8
  71              		.cfi_offset 14, -4
  19:Core/Src/led.c ****   HAL_GPIO_WritePin(LD3_GPIO_Port, LD3_Pin, GPIO_PIN_RESET);
  72              		.loc 1 19 3 view .LVU4
  73 0002 0022     		movs	r2, #0
  74 0004 0821     		movs	r1, #8
  75 0006 0248     		ldr	r0, .L7
  76 0008 FFF7FEFF 		bl	HAL_GPIO_WritePin
  77              	.LVL1:
  20:Core/Src/led.c **** }
  78              		.loc 1 20 1 is_stmt 0 view .LVU5
  79 000c 08BD     		pop	{r3, pc}
  80              	.L8:
  81 000e 00BF     		.align	2
  82              	.L7:
  83 0010 00040048 		.word	1207960576
  84              		.cfi_endproc
  85              	.LFE292:
  87              		.section	.rodata.lon_command.str1.4,"aMS",%progbits,1
  88              		.align	2
  89              	.LC0:
  90 0000 4F4B0A0D 		.ascii	"OK\012\015\000"
  90      00
  91              		.section	.text.lon_command,"ax",%progbits
  92              		.align	1
  93              		.global	lon_command
  94              		.syntax unified
  95              		.thumb
  96              		.thumb_func
  97              		.fpu fpv4-sp-d16
ARM GAS  /tmp/ccOYcJJA.s 			page 3


  99              	lon_command:
 100              	.LVL2:
 101              	.LFB293:
  21:Core/Src/led.c **** 
  22:Core/Src/led.c **** 
  23:Core/Src/led.c **** 
  24:Core/Src/led.c **** 
  25:Core/Src/led.c **** void lon_command(char *arguments) {
 102              		.loc 1 25 35 is_stmt 1 view -0
 103              		.cfi_startproc
 104              		@ args = 0, pretend = 0, frame = 0
 105              		@ frame_needed = 0, uses_anonymous_args = 0
 106              		.loc 1 25 35 is_stmt 0 view .LVU7
 107 0000 08B5     		push	{r3, lr}
 108              	.LCFI2:
 109              		.cfi_def_cfa_offset 8
 110              		.cfi_offset 3, -8
 111              		.cfi_offset 14, -4
  26:Core/Src/led.c ****   lon();
 112              		.loc 1 26 3 is_stmt 1 view .LVU8
 113 0002 FFF7FEFF 		bl	lon
 114              	.LVL3:
  27:Core/Src/led.c ****   printf("OK\n\r");
 115              		.loc 1 27 3 view .LVU9
 116 0006 0248     		ldr	r0, .L11
 117 0008 FFF7FEFF 		bl	printf
 118              	.LVL4:
  28:Core/Src/led.c **** }
 119              		.loc 1 28 1 is_stmt 0 view .LVU10
 120 000c 08BD     		pop	{r3, pc}
 121              	.L12:
 122 000e 00BF     		.align	2
 123              	.L11:
 124 0010 00000000 		.word	.LC0
 125              		.cfi_endproc
 126              	.LFE293:
 128              		.section	.text.lof_command,"ax",%progbits
 129              		.align	1
 130              		.global	lof_command
 131              		.syntax unified
 132              		.thumb
 133              		.thumb_func
 134              		.fpu fpv4-sp-d16
 136              	lof_command:
 137              	.LVL5:
 138              	.LFB294:
  29:Core/Src/led.c **** 
  30:Core/Src/led.c **** void lof_command(char *arguments) {
 139              		.loc 1 30 35 is_stmt 1 view -0
 140              		.cfi_startproc
 141              		@ args = 0, pretend = 0, frame = 0
 142              		@ frame_needed = 0, uses_anonymous_args = 0
 143              		.loc 1 30 35 is_stmt 0 view .LVU12
 144 0000 08B5     		push	{r3, lr}
 145              	.LCFI3:
 146              		.cfi_def_cfa_offset 8
 147              		.cfi_offset 3, -8
ARM GAS  /tmp/ccOYcJJA.s 			page 4


 148              		.cfi_offset 14, -4
  31:Core/Src/led.c ****   lof();
 149              		.loc 1 31 3 is_stmt 1 view .LVU13
 150 0002 FFF7FEFF 		bl	lof
 151              	.LVL6:
  32:Core/Src/led.c ****   printf("OK\n\r");
 152              		.loc 1 32 3 view .LVU14
 153 0006 0248     		ldr	r0, .L15
 154 0008 FFF7FEFF 		bl	printf
 155              	.LVL7:
  33:Core/Src/led.c **** }
 156              		.loc 1 33 1 is_stmt 0 view .LVU15
 157 000c 08BD     		pop	{r3, pc}
 158              	.L16:
 159 000e 00BF     		.align	2
 160              	.L15:
 161 0010 00000000 		.word	.LC0
 162              		.cfi_endproc
 163              	.LFE294:
 165              		.text
 166              	.Letext0:
 167              		.file 2 "/opt/gcc-arm-none-eabi/gcc-arm-none-eabi-10-2020-q4-major/arm-none-eabi/include/machine/_
 168              		.file 3 "/opt/gcc-arm-none-eabi/gcc-arm-none-eabi-10-2020-q4-major/arm-none-eabi/include/sys/_stdi
 169              		.file 4 "Drivers/CMSIS/Device/ST/STM32L4xx/Include/stm32l432xx.h"
 170              		.file 5 "/opt/gcc-arm-none-eabi/gcc-arm-none-eabi-10-2020-q4-major/arm-none-eabi/include/stdio.h"
 171              		.file 6 "Drivers/STM32L4xx_HAL_Driver/Inc/stm32l4xx_hal_gpio.h"
ARM GAS  /tmp/ccOYcJJA.s 			page 5


DEFINED SYMBOLS
                            *ABS*:0000000000000000 led.c
     /tmp/ccOYcJJA.s:18     .text.lon:0000000000000000 $t
     /tmp/ccOYcJJA.s:26     .text.lon:0000000000000000 lon
     /tmp/ccOYcJJA.s:49     .text.lon:0000000000000010 $d
     /tmp/ccOYcJJA.s:54     .text.lof:0000000000000000 $t
     /tmp/ccOYcJJA.s:61     .text.lof:0000000000000000 lof
     /tmp/ccOYcJJA.s:83     .text.lof:0000000000000010 $d
     /tmp/ccOYcJJA.s:88     .rodata.lon_command.str1.4:0000000000000000 $d
     /tmp/ccOYcJJA.s:92     .text.lon_command:0000000000000000 $t
     /tmp/ccOYcJJA.s:99     .text.lon_command:0000000000000000 lon_command
     /tmp/ccOYcJJA.s:124    .text.lon_command:0000000000000010 $d
     /tmp/ccOYcJJA.s:129    .text.lof_command:0000000000000000 $t
     /tmp/ccOYcJJA.s:136    .text.lof_command:0000000000000000 lof_command
     /tmp/ccOYcJJA.s:161    .text.lof_command:0000000000000010 $d

UNDEFINED SYMBOLS
HAL_GPIO_WritePin
printf
